【2022-10-01 09:52:28.894】【INFO】   DB_config 配置文件读取成功！
【2022-10-01 09:52:28.955】【INFO】   数据库连接成功！
【2022-10-01 09:52:29.019】【INFO】   t_code 表已存在！
【2022-10-01 09:52:29.019】【INFO】   t_LikeMusic 表已存在！
【2022-10-01 09:52:29.019】【INFO】   t_musicBlackList 表已存在！
【2022-10-01 09:52:29.019】【INFO】   t_HotMusic 表已存在！
【2022-10-01 09:52:29.019】【INFO】   t_MusicQueue 表已存在！
【2022-10-01 09:52:29.019】【INFO】   t_historyMsg 表已存在！
【2022-10-01 09:52:29.019】【INFO】   t_room 表已存在！
【2022-10-01 09:52:29.019】【INFO】   t_user 表已存在！
【2022-10-01 10:10:56.644】【INFO】   DB_config 配置文件读取成功！
【2022-10-01 10:10:56.679】【INFO】   数据库连接成功！
【2022-10-01 10:10:56.731】【INFO】   t_user 表已存在！
【2022-10-01 10:10:56.731】【INFO】   t_room 表已存在！
【2022-10-01 10:10:56.731】【INFO】   t_code 表已存在！
【2022-10-01 10:10:56.731】【INFO】   t_MusicQueue 表已存在！
【2022-10-01 10:10:56.732】【INFO】   t_HotMusic 表已存在！
【2022-10-01 10:10:56.732】【INFO】   t_LikeMusic 表已存在！
【2022-10-01 10:10:56.732】【INFO】   t_musicBlackList 表已存在！
【2022-10-01 10:10:56.732】【INFO】   t_historyMsg 表已存在！
【2022-10-01 10:14:05.805】【INFO】   DB_config 配置文件读取成功！
【2022-10-01 10:14:05.843】【INFO】   数据库连接成功！
【2022-10-01 10:14:05.898】【INFO】   t_user 表已存在！
【2022-10-01 10:14:05.898】【INFO】   t_room 表已存在！
【2022-10-01 10:14:05.899】【INFO】   t_code 表已存在！
【2022-10-01 10:14:05.899】【INFO】   t_HotMusic 表已存在！
【2022-10-01 10:14:05.899】【INFO】   t_LikeMusic 表已存在！
【2022-10-01 10:14:05.899】【INFO】   t_MusicQueue 表已存在！
【2022-10-01 10:14:05.899】【INFO】   t_musicBlackList 表已存在！
【2022-10-01 10:14:05.899】【INFO】   t_historyMsg 表已存在！
【2022-10-01 10:23:23.226】【INFO】   DB_config 配置文件读取成功！
【2022-10-01 10:23:23.277】【INFO】   数据库连接成功！
【2022-10-01 10:23:23.328】【INFO】   t_user 表已存在！
【2022-10-01 10:23:23.328】【INFO】   t_room 表已存在！
【2022-10-01 10:23:23.328】【INFO】   t_code 表已存在！
【2022-10-01 10:23:23.329】【INFO】   t_HotMusic 表已存在！
【2022-10-01 10:23:23.329】【INFO】   t_MusicQueue 表已存在！
【2022-10-01 10:23:23.329】【INFO】   t_LikeMusic 表已存在！
【2022-10-01 10:23:23.329】【INFO】   t_musicBlackList 表已存在！
【2022-10-01 10:23:23.329】【INFO】   t_historyMsg 表已存在！
【2022-10-01 10:29:26.412】【INFO】   DB_config 配置文件读取成功！
【2022-10-01 10:29:26.447】【INFO】   数据库连接成功！
【2022-10-01 10:29:26.499】【INFO】   t_user 表已存在！
【2022-10-01 10:29:26.499】【INFO】   t_room 表已存在！
【2022-10-01 10:29:26.499】【INFO】   t_code 表已存在！
【2022-10-01 10:29:26.499】【INFO】   t_HotMusic 表已存在！
【2022-10-01 10:29:26.499】【INFO】   t_MusicQueue 表已存在！
【2022-10-01 10:29:26.499】【INFO】   t_LikeMusic 表已存在！
【2022-10-01 10:29:26.500】【INFO】   t_musicBlackList 表已存在！
【2022-10-01 10:29:26.500】【INFO】   t_historyMsg 表已存在！
【2022-10-01 10:30:01.531】【INFO】   DB_config 配置文件读取成功！
【2022-10-01 10:30:01.566】【INFO】   数据库连接成功！
【2022-10-01 10:30:01.618】【INFO】   t_user 表已存在！
【2022-10-01 10:30:01.618】【INFO】   t_room 表已存在！
【2022-10-01 10:30:01.618】【INFO】   t_code 表已存在！
【2022-10-01 10:30:01.618】【INFO】   t_MusicQueue 表已存在！
【2022-10-01 10:30:01.618】【INFO】   t_HotMusic 表已存在！
【2022-10-01 10:30:01.618】【INFO】   t_LikeMusic 表已存在！
【2022-10-01 10:30:01.618】【INFO】   t_musicBlackList 表已存在！
【2022-10-01 10:30:01.618】【INFO】   t_historyMsg 表已存在！
