【2022-08-09 09:04:11.392】【INFO】   DB_config 配置文件读取成功！
【2022-08-09 09:04:11.419】【INFO】   数据库连接成功！
【2022-08-09 09:04:11.448】【INFO】   t_code 表已存在！
【2022-08-09 09:04:11.448】【INFO】   t_user 表已存在！
【2022-08-09 09:04:11.448】【INFO】   t_MusicQueue 表已存在！
【2022-08-09 09:04:11.448】【INFO】   t_HotMusic 表已存在！
【2022-08-09 09:04:11.448】【INFO】   t_LikeMusic 表已存在！
【2022-08-09 09:04:11.450】【INFO】   t_room 数据表创建成功！
【2022-08-09 09:07:31.631】【INFO】   DB_config 配置文件读取成功！
【2022-08-09 09:07:31.657】【INFO】   数据库连接成功！
【2022-08-09 09:07:31.696】【INFO】   t_code 表已存在！
【2022-08-09 09:07:31.696】【INFO】   t_HotMusic 表已存在！
【2022-08-09 09:07:31.696】【INFO】   t_user 表已存在！
【2022-08-09 09:07:31.696】【INFO】   t_MusicQueue 表已存在！
【2022-08-09 09:07:31.696】【INFO】   t_LikeMusic 表已存在！
【2022-08-09 09:07:31.700】【INFO】   t_room 数据表创建成功！
【2022-08-09 09:07:31.707】【ERROR】  数据库执行错误！(INSERT INTO dbo.t_room ("masterID", "password", "notice", "signature", "creatTime") VALUES ('1', '0', '测试公告', '房主很懒，没写介绍', '2022-08-09 09:07:31') ==> RequestError: Incorrect syntax near '2022-08-09 09:07:31'.
【2022-08-09 09:07:31.708】【ERROR】  音乐大厅创建失败！RequestError: Incorrect syntax near '2022-08-09 09:07:31'.
【2022-08-09 09:09:26.459】【INFO】   DB_config 配置文件读取成功！
【2022-08-09 09:09:26.492】【INFO】   数据库连接成功！
【2022-08-09 09:09:26.524】【INFO】   t_code 表已存在！
【2022-08-09 09:09:26.524】【INFO】   t_user 表已存在！
【2022-08-09 09:09:26.524】【INFO】   t_HotMusic 表已存在！
【2022-08-09 09:09:26.524】【INFO】   t_LikeMusic 表已存在！
【2022-08-09 09:09:26.524】【INFO】   t_MusicQueue 表已存在！
【2022-08-09 09:09:26.527】【INFO】   t_room 数据表创建成功！
【2022-08-09 09:09:26.535】【INFO】   音乐大厅创建成功！
【2022-08-09 09:14:31.624】【INFO】   DB_config 配置文件读取成功！
【2022-08-09 09:14:31.650】【INFO】   数据库连接成功！
【2022-08-09 09:14:31.679】【INFO】   t_user 表已存在！
【2022-08-09 09:14:31.679】【INFO】   t_MusicQueue 表已存在！
【2022-08-09 09:14:31.679】【INFO】   t_HotMusic 表已存在！
【2022-08-09 09:14:31.679】【INFO】   t_code 表已存在！
【2022-08-09 09:14:31.679】【INFO】   t_LikeMusic 表已存在！
【2022-08-09 09:14:31.683】【INFO】   t_room 数据表创建成功！
【2022-08-09 09:14:31.686】【INFO】   音乐大厅创建成功！
