【2022-07-29 08:44:24.997】【INFO】   DB_config 配置文件读取成功！
【2022-07-29 08:44:24.997】【ERROR】  数据库连接失败！ConnectionError: Failed to connect to 127.0.0.1:1433 - Could not connect (sequence)
【2022-07-29 08:44:47.540】【INFO】   DB_config 配置文件读取成功！
【2022-07-29 08:44:47.589】【INFO】   数据库连接成功！
【2022-07-29 08:44:47.621】【INFO】   t_user 表已存在！
【2022-07-29 08:44:47.623】【INFO】   t_MusicQueue 表已存在！
【2022-07-29 08:44:47.623】【INFO】   t_HotMusic 表已存在！
【2022-07-29 10:13:21.011】【INFO】   DB_config 配置文件读取成功！
【2022-07-29 10:13:21.056】【INFO】   数据库连接成功！
【2022-07-29 10:13:21.104】【INFO】   t_user 表已存在！
【2022-07-29 10:13:21.110】【INFO】   t_HotMusic 表已存在！
【2022-07-29 10:13:21.112】【INFO】   t_MusicQueue 表已存在！
【2022-07-29 10:15:06.401】【INFO】   DB_config 配置文件读取成功！
【2022-07-29 10:15:06.442】【INFO】   数据库连接成功！
【2022-07-29 10:15:06.480】【INFO】   t_user 表已存在！
【2022-07-29 10:15:06.480】【INFO】   t_HotMusic 表已存在！
【2022-07-29 10:15:06.481】【INFO】   t_MusicQueue 表已存在！
【2022-07-29 13:26:27.538】【INFO】   DB_config 配置文件读取成功！
【2022-07-29 13:26:27.539】【ERROR】  数据库连接失败！ConnectionError: Failed to connect to 127.0.0.1:1433 - Could not connect (sequence)
【2022-07-29 13:26:32.548】【ERROR】  数据库连接失败！ConnectionError: Failed to connect to 127.0.0.1:1433 - Could not connect (sequence)
【2022-07-29 13:26:37.557】【ERROR】  数据库连接失败！ConnectionError: Failed to connect to 127.0.0.1:1433 - Could not connect (sequence)
【2022-07-29 13:26:42.564】【ERROR】  数据库连接失败！ConnectionError: Failed to connect to 127.0.0.1:1433 - Could not connect (sequence)
【2022-07-29 13:26:47.576】【ERROR】  数据库连接失败！ConnectionError: Failed to connect to 127.0.0.1:1433 - Could not connect (sequence)
【2022-07-29 13:26:52.590】【ERROR】  数据库连接失败！ConnectionError: Failed to connect to 127.0.0.1:1433 - Could not connect (sequence)
【2022-07-29 13:26:57.632】【INFO】   数据库连接成功！
【2022-07-29 13:26:57.674】【INFO】   t_user 表已存在！
【2022-07-29 13:26:57.674】【INFO】   t_HotMusic 表已存在！
【2022-07-29 13:26:57.675】【INFO】   t_MusicQueue 表已存在！
【2022-07-29 19:53:16.867】【INFO】   DB_config 配置文件读取成功！
【2022-07-29 19:53:16.868】【ERROR】  数据库连接失败！ConnectionError: Failed to connect to 127.0.0.1:1433 - Could not connect (sequence)
【2022-07-29 19:53:21.873】【ERROR】  数据库连接失败！ConnectionError: Failed to connect to 127.0.0.1:1433 - Could not connect (sequence)
【2022-07-29 19:53:26.889】【ERROR】  数据库连接失败！ConnectionError: Failed to connect to 127.0.0.1:1433 - Could not connect (sequence)
【2022-07-29 19:53:31.894】【ERROR】  数据库连接失败！ConnectionError: Failed to connect to 127.0.0.1:1433 - Could not connect (sequence)
【2022-07-29 19:53:36.905】【ERROR】  数据库连接失败！ConnectionError: Failed to connect to 127.0.0.1:1433 - Could not connect (sequence)
【2022-07-29 19:53:41.917】【ERROR】  数据库连接失败！ConnectionError: Failed to connect to 127.0.0.1:1433 - Could not connect (sequence)
【2022-07-29 19:53:46.947】【INFO】   数据库连接成功！
【2022-07-29 19:53:46.982】【INFO】   t_HotMusic 表已存在！
【2022-07-29 19:53:46.982】【INFO】   t_user 表已存在！
【2022-07-29 19:53:46.982】【INFO】   t_MusicQueue 表已存在！
【2022-07-29 19:56:26.755】【INFO】   DB_config 配置文件读取成功！
【2022-07-29 19:56:26.779】【INFO】   数据库连接成功！
【2022-07-29 19:56:26.801】【INFO】   t_user 表已存在！
【2022-07-29 19:56:26.801】【INFO】   t_HotMusic 表已存在！
【2022-07-29 19:56:26.801】【INFO】   t_MusicQueue 表已存在！
【2022-07-29 19:59:48.312】【INFO】   DB_config 配置文件读取成功！
【2022-07-29 19:59:48.333】【INFO】   数据库连接成功！
【2022-07-29 19:59:48.362】【INFO】   t_HotMusic 表已存在！
【2022-07-29 19:59:48.362】【INFO】   t_MusicQueue 表已存在！
【2022-07-29 19:59:48.362】【INFO】   t_user 表已存在！
【2022-07-29 20:03:38.114】【INFO】   DB_config 配置文件读取成功！
【2022-07-29 20:03:38.140】【INFO】   数据库连接成功！
【2022-07-29 20:03:38.165】【INFO】   t_user 表已存在！
【2022-07-29 20:03:38.165】【INFO】   t_HotMusic 表已存在！
【2022-07-29 20:03:38.165】【INFO】   t_MusicQueue 表已存在！
【2022-07-29 20:14:54.015】【INFO】   DB_config 配置文件读取成功！
【2022-07-29 20:14:54.035】【INFO】   数据库连接成功！
【2022-07-29 20:14:54.060】【INFO】   t_HotMusic 表已存在！
【2022-07-29 20:14:54.060】【INFO】   t_user 表已存在！
【2022-07-29 20:14:54.060】【INFO】   t_MusicQueue 表已存在！
【2022-07-29 20:29:25.017】【INFO】   DB_config 配置文件读取成功！
【2022-07-29 20:29:25.041】【INFO】   数据库连接成功！
【2022-07-29 20:29:25.068】【INFO】   t_HotMusic 表已存在！
【2022-07-29 20:29:25.068】【INFO】   t_user 表已存在！
【2022-07-29 20:29:25.068】【INFO】   t_MusicQueue 表已存在！
【2022-07-29 20:32:26.297】【INFO】   DB_config 配置文件读取成功！
【2022-07-29 20:32:26.317】【INFO】   数据库连接成功！
【2022-07-29 20:32:26.344】【INFO】   t_HotMusic 表已存在！
【2022-07-29 20:32:26.345】【INFO】   t_user 表已存在！
【2022-07-29 20:32:26.345】【INFO】   t_MusicQueue 表已存在！
【2022-07-29 20:34:00.045】【INFO】   DB_config 配置文件读取成功！
【2022-07-29 20:34:00.067】【INFO】   数据库连接成功！
【2022-07-29 20:34:00.088】【INFO】   t_HotMusic 表已存在！
【2022-07-29 20:34:00.088】【INFO】   t_MusicQueue 表已存在！
【2022-07-29 20:34:00.088】【INFO】   t_user 表已存在！
【2022-07-29 20:34:51.961】【INFO】   DB_config 配置文件读取成功！
【2022-07-29 20:34:51.990】【INFO】   数据库连接成功！
【2022-07-29 20:34:52.014】【INFO】   t_HotMusic 表已存在！
【2022-07-29 20:34:52.014】【INFO】   t_user 表已存在！
【2022-07-29 20:34:52.014】【INFO】   t_MusicQueue 表已存在！
【2022-07-29 20:38:10.044】【INFO】   DB_config 配置文件读取成功！
【2022-07-29 20:38:10.073】【INFO】   数据库连接成功！
【2022-07-29 20:38:10.098】【INFO】   t_MusicQueue 表已存在！
【2022-07-29 20:38:10.098】【INFO】   t_user 表已存在！
【2022-07-29 20:38:10.098】【INFO】   t_HotMusic 表已存在！
【2022-07-29 20:48:20.656】【INFO】   DB_config 配置文件读取成功！
【2022-07-29 20:48:20.679】【INFO】   数据库连接成功！
【2022-07-29 20:48:20.704】【INFO】   t_HotMusic 表已存在！
【2022-07-29 20:48:20.704】【INFO】   t_MusicQueue 表已存在！
【2022-07-29 20:48:20.704】【INFO】   t_user 表已存在！
【2022-07-29 20:49:51.526】【INFO】   DB_config 配置文件读取成功！
【2022-07-29 20:49:51.550】【INFO】   数据库连接成功！
【2022-07-29 20:49:51.575】【INFO】   t_user 表已存在！
【2022-07-29 20:49:51.575】【INFO】   t_HotMusic 表已存在！
【2022-07-29 20:49:51.575】【INFO】   t_MusicQueue 表已存在！
【2022-07-29 20:52:05.825】【INFO】   DB_config 配置文件读取成功！
【2022-07-29 20:52:05.855】【INFO】   数据库连接成功！
【2022-07-29 20:52:05.885】【INFO】   t_MusicQueue 表已存在！
【2022-07-29 20:52:05.885】【INFO】   t_HotMusic 表已存在！
【2022-07-29 20:52:05.885】【INFO】   t_user 表已存在！
【2022-07-29 20:54:58.293】【INFO】   DB_config 配置文件读取成功！
【2022-07-29 20:54:58.319】【INFO】   数据库连接成功！
【2022-07-29 20:54:58.347】【INFO】   t_HotMusic 表已存在！
【2022-07-29 20:54:58.347】【INFO】   t_user 表已存在！
【2022-07-29 20:54:58.347】【INFO】   t_MusicQueue 表已存在！
【2022-07-29 20:55:03.617】【INFO】   DB_config 配置文件读取成功！
【2022-07-29 20:55:03.642】【INFO】   数据库连接成功！
【2022-07-29 20:55:03.662】【INFO】   t_user 表已存在！
【2022-07-29 20:55:03.662】【INFO】   t_HotMusic 表已存在！
【2022-07-29 20:55:03.662】【INFO】   t_MusicQueue 表已存在！
【2022-07-29 20:55:20.203】【INFO】   DB_config 配置文件读取成功！
【2022-07-29 20:55:20.226】【INFO】   数据库连接成功！
【2022-07-29 20:55:20.248】【INFO】   t_user 表已存在！
【2022-07-29 20:55:20.248】【INFO】   t_HotMusic 表已存在！
【2022-07-29 20:55:20.249】【INFO】   t_MusicQueue 表已存在！
【2022-07-29 20:56:05.498】【INFO】   DB_config 配置文件读取成功！
【2022-07-29 20:56:05.528】【INFO】   数据库连接成功！
【2022-07-29 20:56:05.552】【INFO】   t_user 表已存在！
【2022-07-29 20:56:05.552】【INFO】   t_HotMusic 表已存在！
【2022-07-29 20:56:05.552】【INFO】   t_MusicQueue 表已存在！
【2022-07-29 20:57:54.770】【INFO】   DB_config 配置文件读取成功！
【2022-07-29 20:57:54.792】【INFO】   数据库连接成功！
【2022-07-29 20:57:54.812】【INFO】   t_HotMusic 表已存在！
【2022-07-29 20:57:54.813】【INFO】   t_MusicQueue 表已存在！
【2022-07-29 20:57:54.812】【INFO】   t_user 表已存在！
【2022-07-29 21:00:16.996】【INFO】   DB_config 配置文件读取成功！
【2022-07-29 21:00:17.017】【INFO】   数据库连接成功！
【2022-07-29 21:00:17.043】【INFO】   t_HotMusic 表已存在！
【2022-07-29 21:00:17.043】【INFO】   t_MusicQueue 表已存在！
【2022-07-29 21:00:17.043】【INFO】   t_user 表已存在！
【2022-07-29 21:03:21.288】【INFO】   DB_config 配置文件读取成功！
【2022-07-29 21:03:21.317】【INFO】   数据库连接成功！
【2022-07-29 21:03:21.349】【INFO】   t_user 表已存在！
【2022-07-29 21:03:21.349】【INFO】   t_HotMusic 表已存在！
【2022-07-29 21:03:21.349】【INFO】   t_MusicQueue 表已存在！
【2022-07-29 21:05:17.368】【INFO】   DB_config 配置文件读取成功！
【2022-07-29 21:05:17.393】【INFO】   数据库连接成功！
【2022-07-29 21:05:17.418】【INFO】   t_user 表已存在！
【2022-07-29 21:05:17.418】【INFO】   t_HotMusic 表已存在！
【2022-07-29 21:05:17.418】【INFO】   t_MusicQueue 表已存在！
【2022-07-29 21:09:25.839】【INFO】   DB_config 配置文件读取成功！
【2022-07-29 21:09:25.865】【INFO】   数据库连接成功！
【2022-07-29 21:09:25.888】【INFO】   t_user 表已存在！
【2022-07-29 21:09:25.889】【INFO】   t_HotMusic 表已存在！
【2022-07-29 21:09:25.889】【INFO】   t_MusicQueue 表已存在！
【2022-07-29 21:10:43.602】【INFO】   DB_config 配置文件读取成功！
【2022-07-29 21:10:43.624】【INFO】   数据库连接成功！
【2022-07-29 21:10:43.647】【INFO】   t_user 表已存在！
【2022-07-29 21:10:43.647】【INFO】   t_MusicQueue 表已存在！
【2022-07-29 21:10:43.647】【INFO】   t_HotMusic 表已存在！
【2022-07-29 21:16:17.640】【INFO】   DB_config 配置文件读取成功！
【2022-07-29 21:16:17.671】【INFO】   数据库连接成功！
【2022-07-29 21:16:17.709】【INFO】   t_HotMusic 表已存在！
【2022-07-29 21:16:17.709】【INFO】   t_MusicQueue 表已存在！
【2022-07-29 21:16:17.709】【INFO】   t_user 表已存在！
【2022-07-29 21:17:02.520】【INFO】   DB_config 配置文件读取成功！
【2022-07-29 21:17:02.548】【INFO】   数据库连接成功！
【2022-07-29 21:17:02.577】【INFO】   t_user 表已存在！
【2022-07-29 21:17:02.577】【INFO】   t_HotMusic 表已存在！
【2022-07-29 21:17:02.577】【INFO】   t_MusicQueue 表已存在！
【2022-07-29 21:17:05.982】【INFO】   DB_config 配置文件读取成功！
【2022-07-29 21:17:06.003】【INFO】   数据库连接成功！
【2022-07-29 21:17:06.023】【INFO】   t_HotMusic 表已存在！
【2022-07-29 21:17:06.023】【INFO】   t_user 表已存在！
【2022-07-29 21:17:06.023】【INFO】   t_MusicQueue 表已存在！
【2022-07-29 21:17:10.524】【INFO】   DB_config 配置文件读取成功！
【2022-07-29 21:17:10.550】【INFO】   数据库连接成功！
【2022-07-29 21:17:10.573】【INFO】   t_user 表已存在！
【2022-07-29 21:17:10.573】【INFO】   t_HotMusic 表已存在！
【2022-07-29 21:17:10.573】【INFO】   t_MusicQueue 表已存在！
【2022-07-29 21:18:34.729】【INFO】   DB_config 配置文件读取成功！
【2022-07-29 21:18:34.754】【INFO】   数据库连接成功！
【2022-07-29 21:18:34.779】【INFO】   t_MusicQueue 表已存在！
【2022-07-29 21:18:34.780】【INFO】   t_user 表已存在！
【2022-07-29 21:18:34.780】【INFO】   t_HotMusic 表已存在！
【2022-07-29 21:20:12.812】【INFO】   DB_config 配置文件读取成功！
【2022-07-29 21:20:12.836】【INFO】   数据库连接成功！
【2022-07-29 21:20:12.867】【INFO】   t_HotMusic 表已存在！
【2022-07-29 21:20:12.867】【INFO】   t_user 表已存在！
【2022-07-29 21:20:12.868】【INFO】   t_MusicQueue 表已存在！
【2022-07-29 21:24:13.757】【INFO】   DB_config 配置文件读取成功！
【2022-07-29 21:24:13.783】【INFO】   数据库连接成功！
【2022-07-29 21:24:13.810】【INFO】   t_user 表已存在！
【2022-07-29 21:24:13.810】【INFO】   t_HotMusic 表已存在！
【2022-07-29 21:24:13.810】【INFO】   t_MusicQueue 表已存在！
【2022-07-29 21:24:33.892】【INFO】   DB_config 配置文件读取成功！
【2022-07-29 21:24:33.917】【INFO】   数据库连接成功！
【2022-07-29 21:24:33.944】【INFO】   t_user 表已存在！
【2022-07-29 21:24:33.944】【INFO】   t_HotMusic 表已存在！
【2022-07-29 21:24:33.944】【INFO】   t_MusicQueue 表已存在！
【2022-07-29 21:25:24.569】【INFO】   DB_config 配置文件读取成功！
【2022-07-29 21:25:24.596】【INFO】   数据库连接成功！
【2022-07-29 21:25:24.627】【INFO】   t_HotMusic 表已存在！
【2022-07-29 21:25:24.627】【INFO】   t_user 表已存在！
【2022-07-29 21:25:24.627】【INFO】   t_MusicQueue 表已存在！
【2022-07-29 21:25:37.368】【INFO】   DB_config 配置文件读取成功！
【2022-07-29 21:25:37.396】【INFO】   数据库连接成功！
【2022-07-29 21:25:37.428】【INFO】   t_HotMusic 表已存在！
【2022-07-29 21:25:37.428】【INFO】   t_user 表已存在！
【2022-07-29 21:25:37.428】【INFO】   t_MusicQueue 表已存在！
【2022-07-29 21:28:16.387】【INFO】   DB_config 配置文件读取成功！
【2022-07-29 21:28:16.406】【INFO】   数据库连接成功！
【2022-07-29 21:28:16.432】【INFO】   t_user 表已存在！
【2022-07-29 21:28:16.433】【INFO】   t_HotMusic 表已存在！
【2022-07-29 21:28:16.433】【INFO】   t_MusicQueue 表已存在！
【2022-07-29 21:28:49.613】【INFO】   DB_config 配置文件读取成功！
【2022-07-29 21:28:49.641】【INFO】   数据库连接成功！
【2022-07-29 21:28:49.671】【INFO】   t_user 表已存在！
【2022-07-29 21:28:49.671】【INFO】   t_HotMusic 表已存在！
【2022-07-29 21:28:49.671】【INFO】   t_MusicQueue 表已存在！
【2022-07-29 21:29:22.389】【INFO】   DB_config 配置文件读取成功！
【2022-07-29 21:29:22.413】【INFO】   数据库连接成功！
【2022-07-29 21:29:22.439】【INFO】   t_user 表已存在！
【2022-07-29 21:29:22.439】【INFO】   t_HotMusic 表已存在！
【2022-07-29 21:29:22.439】【INFO】   t_MusicQueue 表已存在！
【2022-07-29 21:29:29.681】【INFO】   DB_config 配置文件读取成功！
【2022-07-29 21:29:29.707】【INFO】   数据库连接成功！
【2022-07-29 21:29:29.731】【INFO】   t_user 表已存在！
【2022-07-29 21:29:29.731】【INFO】   t_HotMusic 表已存在！
【2022-07-29 21:29:29.731】【INFO】   t_MusicQueue 表已存在！
【2022-07-29 21:57:55.501】【INFO】   DB_config 配置文件读取成功！
【2022-07-29 21:57:55.531】【INFO】   数据库连接成功！
【2022-07-29 21:57:55.563】【INFO】   t_user 表已存在！
【2022-07-29 21:57:55.563】【INFO】   t_MusicQueue 表已存在！
【2022-07-29 21:57:55.563】【INFO】   t_HotMusic 表已存在！
【2022-07-29 21:58:52.656】【INFO】   DB_config 配置文件读取成功！
【2022-07-29 21:58:52.685】【INFO】   数据库连接成功！
【2022-07-29 21:58:52.712】【INFO】   t_HotMusic 表已存在！
【2022-07-29 21:58:52.712】【INFO】   t_MusicQueue 表已存在！
【2022-07-29 21:58:52.712】【INFO】   t_user 表已存在！
【2022-07-29 22:00:47.361】【INFO】   DB_config 配置文件读取成功！
【2022-07-29 22:00:47.394】【INFO】   数据库连接成功！
【2022-07-29 22:00:47.425】【INFO】   t_MusicQueue 表已存在！
【2022-07-29 22:00:47.425】【INFO】   t_HotMusic 表已存在！
【2022-07-29 22:00:47.425】【INFO】   t_user 表已存在！
【2022-07-29 22:06:20.287】【INFO】   DB_config 配置文件读取成功！
【2022-07-29 22:06:20.311】【INFO】   数据库连接成功！
【2022-07-29 22:06:20.343】【INFO】   t_user 表已存在！
【2022-07-29 22:06:20.343】【INFO】   t_HotMusic 表已存在！
【2022-07-29 22:06:20.343】【INFO】   t_MusicQueue 表已存在！
【2022-07-29 22:11:51.092】【INFO】   DB_config 配置文件读取成功！
【2022-07-29 22:11:51.118】【INFO】   数据库连接成功！
【2022-07-29 22:11:51.141】【INFO】   t_HotMusic 表已存在！
【2022-07-29 22:11:51.142】【INFO】   t_user 表已存在！
【2022-07-29 22:11:51.142】【INFO】   t_MusicQueue 表已存在！
【2022-07-29 22:15:01.741】【INFO】   DB_config 配置文件读取成功！
【2022-07-29 22:15:01.770】【INFO】   数据库连接成功！
【2022-07-29 22:15:01.802】【INFO】   t_HotMusic 表已存在！
【2022-07-29 22:15:01.802】【INFO】   t_user 表已存在！
【2022-07-29 22:15:01.802】【INFO】   t_MusicQueue 表已存在！
【2022-07-29 22:15:12.262】【INFO】   DB_config 配置文件读取成功！
【2022-07-29 22:15:12.295】【INFO】   数据库连接成功！
【2022-07-29 22:15:12.327】【INFO】   t_user 表已存在！
【2022-07-29 22:15:12.327】【INFO】   t_HotMusic 表已存在！
【2022-07-29 22:15:12.327】【INFO】   t_MusicQueue 表已存在！
【2022-07-29 22:17:18.850】【INFO】   DB_config 配置文件读取成功！
【2022-07-29 22:17:18.876】【INFO】   数据库连接成功！
【2022-07-29 22:17:18.907】【INFO】   t_user 表已存在！
【2022-07-29 22:17:18.907】【INFO】   t_HotMusic 表已存在！
【2022-07-29 22:17:18.907】【INFO】   t_MusicQueue 表已存在！
【2022-07-29 22:19:47.089】【INFO】   DB_config 配置文件读取成功！
【2022-07-29 22:19:47.120】【INFO】   数据库连接成功！
【2022-07-29 22:19:47.148】【INFO】   t_HotMusic 表已存在！
【2022-07-29 22:19:47.148】【INFO】   t_user 表已存在！
【2022-07-29 22:19:47.148】【INFO】   t_MusicQueue 表已存在！
【2022-07-29 22:20:07.986】【INFO】   DB_config 配置文件读取成功！
【2022-07-29 22:20:08.032】【INFO】   数据库连接成功！
【2022-07-29 22:20:08.065】【INFO】   t_user 表已存在！
【2022-07-29 22:20:08.065】【INFO】   t_HotMusic 表已存在！
【2022-07-29 22:20:08.065】【INFO】   t_MusicQueue 表已存在！
【2022-07-29 22:36:35.070】【INFO】   DB_config 配置文件读取成功！
【2022-07-29 22:36:35.096】【INFO】   数据库连接成功！
【2022-07-29 22:36:35.127】【INFO】   t_HotMusic 表已存在！
【2022-07-29 22:36:35.127】【INFO】   t_user 表已存在！
【2022-07-29 22:36:35.127】【INFO】   t_MusicQueue 表已存在！
【2022-07-29 22:36:41.349】【INFO】   DB_config 配置文件读取成功！
【2022-07-29 22:36:41.375】【INFO】   数据库连接成功！
【2022-07-29 22:36:41.404】【INFO】   t_user 表已存在！
【2022-07-29 22:36:41.404】【INFO】   t_HotMusic 表已存在！
【2022-07-29 22:36:41.405】【INFO】   t_MusicQueue 表已存在！
【2022-07-29 22:37:08.913】【INFO】   DB_config 配置文件读取成功！
【2022-07-29 22:37:08.945】【INFO】   数据库连接成功！
【2022-07-29 22:37:08.968】【INFO】   t_user 表已存在！
【2022-07-29 22:37:08.968】【INFO】   t_HotMusic 表已存在！
【2022-07-29 22:37:08.968】【INFO】   t_MusicQueue 表已存在！
【2022-07-29 22:46:22.317】【INFO】   DB_config 配置文件读取成功！
【2022-07-29 22:46:22.348】【INFO】   数据库连接成功！
【2022-07-29 22:46:22.375】【INFO】   t_user 表已存在！
【2022-07-29 22:46:22.375】【INFO】   t_HotMusic 表已存在！
【2022-07-29 22:46:22.376】【INFO】   t_MusicQueue 表已存在！
【2022-07-29 22:48:15.374】【INFO】   DB_config 配置文件读取成功！
【2022-07-29 22:48:15.395】【INFO】   数据库连接成功！
【2022-07-29 22:48:15.419】【INFO】   t_user 表已存在！
【2022-07-29 22:48:15.419】【INFO】   t_HotMusic 表已存在！
【2022-07-29 22:48:15.419】【INFO】   t_MusicQueue 表已存在！
【2022-07-29 22:48:55.637】【INFO】   DB_config 配置文件读取成功！
【2022-07-29 22:48:55.660】【INFO】   数据库连接成功！
【2022-07-29 22:48:55.687】【INFO】   t_HotMusic 表已存在！
【2022-07-29 22:48:55.687】【INFO】   t_user 表已存在！
【2022-07-29 22:48:55.687】【INFO】   t_MusicQueue 表已存在！
【2022-07-29 22:49:29.718】【INFO】   DB_config 配置文件读取成功！
【2022-07-29 22:49:29.742】【INFO】   数据库连接成功！
【2022-07-29 22:49:29.768】【INFO】   t_HotMusic 表已存在！
【2022-07-29 22:49:29.768】【INFO】   t_user 表已存在！
【2022-07-29 22:49:29.768】【INFO】   t_MusicQueue 表已存在！
【2022-07-29 22:50:15.128】【INFO】   DB_config 配置文件读取成功！
【2022-07-29 22:50:15.156】【INFO】   数据库连接成功！
【2022-07-29 22:50:15.184】【INFO】   t_user 表已存在！
【2022-07-29 22:50:15.184】【INFO】   t_HotMusic 表已存在！
【2022-07-29 22:50:15.184】【INFO】   t_MusicQueue 表已存在！
【2022-07-29 22:50:42.863】【INFO】   DB_config 配置文件读取成功！
【2022-07-29 22:50:42.884】【INFO】   数据库连接成功！
【2022-07-29 22:50:42.904】【INFO】   t_user 表已存在！
【2022-07-29 22:50:42.904】【INFO】   t_HotMusic 表已存在！
【2022-07-29 22:50:42.904】【INFO】   t_MusicQueue 表已存在！
【2022-07-29 22:51:08.800】【INFO】   DB_config 配置文件读取成功！
【2022-07-29 22:51:08.823】【INFO】   数据库连接成功！
【2022-07-29 22:51:08.846】【INFO】   t_user 表已存在！
【2022-07-29 22:51:08.846】【INFO】   t_HotMusic 表已存在！
【2022-07-29 22:51:08.846】【INFO】   t_MusicQueue 表已存在！
【2022-07-29 22:51:21.290】【INFO】   DB_config 配置文件读取成功！
【2022-07-29 22:51:21.309】【INFO】   数据库连接成功！
【2022-07-29 22:51:21.327】【INFO】   t_user 表已存在！
【2022-07-29 22:51:21.327】【INFO】   t_HotMusic 表已存在！
【2022-07-29 22:51:21.328】【INFO】   t_MusicQueue 表已存在！
【2022-07-29 22:53:14.203】【INFO】   DB_config 配置文件读取成功！
【2022-07-29 22:53:14.230】【INFO】   数据库连接成功！
【2022-07-29 22:53:14.252】【INFO】   t_MusicQueue 表已存在！
【2022-07-29 22:53:14.252】【INFO】   t_user 表已存在！
【2022-07-29 22:53:14.252】【INFO】   t_HotMusic 表已存在！
【2022-07-29 22:54:11.070】【INFO】   DB_config 配置文件读取成功！
【2022-07-29 22:54:11.094】【INFO】   数据库连接成功！
【2022-07-29 22:54:11.116】【INFO】   t_user 表已存在！
【2022-07-29 22:54:11.116】【INFO】   t_HotMusic 表已存在！
【2022-07-29 22:54:11.117】【INFO】   t_MusicQueue 表已存在！
【2022-07-29 22:54:34.215】【INFO】   DB_config 配置文件读取成功！
【2022-07-29 22:54:34.238】【INFO】   数据库连接成功！
【2022-07-29 22:54:34.266】【INFO】   t_HotMusic 表已存在！
【2022-07-29 22:54:34.266】【INFO】   t_user 表已存在！
【2022-07-29 22:54:34.266】【INFO】   t_MusicQueue 表已存在！
【2022-07-29 22:55:12.429】【INFO】   DB_config 配置文件读取成功！
【2022-07-29 22:55:12.450】【INFO】   数据库连接成功！
【2022-07-29 22:55:12.477】【INFO】   t_HotMusic 表已存在！
【2022-07-29 22:55:12.477】【INFO】   t_user 表已存在！
【2022-07-29 22:55:12.477】【INFO】   t_MusicQueue 表已存在！
【2022-07-29 22:56:26.039】【INFO】   DB_config 配置文件读取成功！
【2022-07-29 22:56:26.063】【INFO】   数据库连接成功！
【2022-07-29 22:56:26.085】【INFO】   t_HotMusic 表已存在！
【2022-07-29 22:56:26.085】【INFO】   t_MusicQueue 表已存在！
【2022-07-29 22:56:26.085】【INFO】   t_user 表已存在！
【2022-07-29 22:57:04.878】【INFO】   DB_config 配置文件读取成功！
【2022-07-29 22:57:04.902】【INFO】   数据库连接成功！
【2022-07-29 22:57:04.930】【INFO】   t_HotMusic 表已存在！
【2022-07-29 22:57:04.931】【INFO】   t_user 表已存在！
【2022-07-29 22:57:04.931】【INFO】   t_MusicQueue 表已存在！
【2022-07-29 22:57:43.360】【INFO】   DB_config 配置文件读取成功！
【2022-07-29 22:57:43.385】【INFO】   数据库连接成功！
【2022-07-29 22:57:43.415】【INFO】   t_user 表已存在！
【2022-07-29 22:57:43.415】【INFO】   t_HotMusic 表已存在！
【2022-07-29 22:57:43.415】【INFO】   t_MusicQueue 表已存在！
【2022-07-29 23:02:01.208】【INFO】   DB_config 配置文件读取成功！
【2022-07-29 23:02:01.227】【INFO】   数据库连接成功！
【2022-07-29 23:02:01.248】【INFO】   t_user 表已存在！
【2022-07-29 23:02:01.248】【INFO】   t_HotMusic 表已存在！
【2022-07-29 23:02:01.249】【INFO】   t_MusicQueue 表已存在！
【2022-07-29 23:02:17.096】【INFO】   DB_config 配置文件读取成功！
【2022-07-29 23:02:17.123】【INFO】   数据库连接成功！
【2022-07-29 23:02:17.147】【INFO】   t_user 表已存在！
【2022-07-29 23:02:17.147】【INFO】   t_HotMusic 表已存在！
【2022-07-29 23:02:17.147】【INFO】   t_MusicQueue 表已存在！
【2022-07-29 23:12:08.012】【INFO】   DB_config 配置文件读取成功！
【2022-07-29 23:12:08.034】【INFO】   数据库连接成功！
【2022-07-29 23:12:08.059】【INFO】   t_user 表已存在！
【2022-07-29 23:12:08.059】【INFO】   t_HotMusic 表已存在！
【2022-07-29 23:12:08.059】【INFO】   t_MusicQueue 表已存在！
【2022-07-29 23:16:39.031】【INFO】   DB_config 配置文件读取成功！
【2022-07-29 23:16:39.053】【INFO】   数据库连接成功！
【2022-07-29 23:16:39.076】【INFO】   t_user 表已存在！
【2022-07-29 23:16:39.076】【INFO】   t_HotMusic 表已存在！
【2022-07-29 23:16:39.076】【INFO】   t_MusicQueue 表已存在！
【2022-07-29 23:18:56.186】【INFO】   DB_config 配置文件读取成功！
【2022-07-29 23:18:56.209】【INFO】   数据库连接成功！
【2022-07-29 23:18:56.236】【INFO】   t_HotMusic 表已存在！
【2022-07-29 23:18:56.237】【INFO】   t_user 表已存在！
【2022-07-29 23:18:56.237】【INFO】   t_MusicQueue 表已存在！
【2022-07-29 23:19:09.439】【INFO】   DB_config 配置文件读取成功！
【2022-07-29 23:19:09.466】【INFO】   数据库连接成功！
【2022-07-29 23:19:09.488】【INFO】   t_user 表已存在！
【2022-07-29 23:19:09.488】【INFO】   t_HotMusic 表已存在！
【2022-07-29 23:19:09.489】【INFO】   t_MusicQueue 表已存在！
【2022-07-29 23:21:01.880】【INFO】   DB_config 配置文件读取成功！
【2022-07-29 23:21:01.913】【INFO】   数据库连接成功！
【2022-07-29 23:21:01.938】【INFO】   t_HotMusic 表已存在！
【2022-07-29 23:21:01.938】【INFO】   t_user 表已存在！
【2022-07-29 23:21:01.939】【INFO】   t_MusicQueue 表已存在！
【2022-07-29 23:21:49.368】【INFO】   DB_config 配置文件读取成功！
【2022-07-29 23:21:49.394】【INFO】   数据库连接成功！
【2022-07-29 23:21:49.416】【INFO】   t_HotMusic 表已存在！
【2022-07-29 23:21:49.416】【INFO】   t_user 表已存在！
【2022-07-29 23:21:49.416】【INFO】   t_MusicQueue 表已存在！
【2022-07-29 23:23:24.401】【INFO】   DB_config 配置文件读取成功！
【2022-07-29 23:23:24.428】【INFO】   数据库连接成功！
【2022-07-29 23:23:24.450】【INFO】   t_HotMusic 表已存在！
【2022-07-29 23:23:24.450】【INFO】   t_user 表已存在！
【2022-07-29 23:23:24.450】【INFO】   t_MusicQueue 表已存在！
【2022-07-29 23:26:24.897】【INFO】   DB_config 配置文件读取成功！
【2022-07-29 23:26:24.926】【INFO】   数据库连接成功！
【2022-07-29 23:26:24.950】【INFO】   t_HotMusic 表已存在！
【2022-07-29 23:26:24.950】【INFO】   t_user 表已存在！
【2022-07-29 23:26:24.951】【INFO】   t_MusicQueue 表已存在！
【2022-07-29 23:29:02.902】【INFO】   DB_config 配置文件读取成功！
【2022-07-29 23:29:02.931】【INFO】   数据库连接成功！
【2022-07-29 23:29:02.959】【INFO】   t_HotMusic 表已存在！
【2022-07-29 23:29:02.959】【INFO】   t_user 表已存在！
【2022-07-29 23:29:02.959】【INFO】   t_MusicQueue 表已存在！
【2022-07-29 23:30:15.807】【INFO】   DB_config 配置文件读取成功！
【2022-07-29 23:30:15.835】【INFO】   数据库连接成功！
【2022-07-29 23:30:15.862】【INFO】   t_user 表已存在！
【2022-07-29 23:30:15.862】【INFO】   t_HotMusic 表已存在！
【2022-07-29 23:30:15.862】【INFO】   t_MusicQueue 表已存在！
【2022-07-29 23:31:29.045】【INFO】   DB_config 配置文件读取成功！
【2022-07-29 23:31:29.071】【INFO】   数据库连接成功！
【2022-07-29 23:31:29.097】【INFO】   t_HotMusic 表已存在！
【2022-07-29 23:31:29.097】【INFO】   t_user 表已存在！
【2022-07-29 23:31:29.097】【INFO】   t_MusicQueue 表已存在！
【2022-07-29 23:43:32.377】【INFO】   DB_config 配置文件读取成功！
【2022-07-29 23:43:32.407】【INFO】   数据库连接成功！
【2022-07-29 23:43:32.430】【INFO】   t_user 表已存在！
【2022-07-29 23:43:32.430】【INFO】   t_HotMusic 表已存在！
【2022-07-29 23:43:32.430】【INFO】   t_MusicQueue 表已存在！
【2022-07-29 23:51:06.639】【INFO】   DB_config 配置文件读取成功！
【2022-07-29 23:51:06.673】【INFO】   数据库连接成功！
【2022-07-29 23:51:06.695】【INFO】   t_user 表已存在！
【2022-07-29 23:51:06.696】【INFO】   t_HotMusic 表已存在！
【2022-07-29 23:51:06.696】【INFO】   t_MusicQueue 表已存在！
【2022-07-29 23:51:58.592】【INFO】   DB_config 配置文件读取成功！
【2022-07-29 23:51:58.621】【INFO】   数据库连接成功！
【2022-07-29 23:51:58.647】【INFO】   t_user 表已存在！
【2022-07-29 23:51:58.647】【INFO】   t_HotMusic 表已存在！
【2022-07-29 23:51:58.648】【INFO】   t_MusicQueue 表已存在！
【2022-07-29 23:53:21.775】【INFO】   DB_config 配置文件读取成功！
【2022-07-29 23:53:21.803】【INFO】   数据库连接成功！
【2022-07-29 23:53:21.827】【INFO】   t_HotMusic 表已存在！
【2022-07-29 23:53:21.827】【INFO】   t_user 表已存在！
【2022-07-29 23:53:21.827】【INFO】   t_MusicQueue 表已存在！
【2022-07-29 23:57:25.145】【INFO】   DB_config 配置文件读取成功！
【2022-07-29 23:57:25.171】【INFO】   数据库连接成功！
【2022-07-29 23:57:25.195】【INFO】   t_HotMusic 表已存在！
【2022-07-29 23:57:25.195】【INFO】   t_user 表已存在！
【2022-07-29 23:57:25.195】【INFO】   t_MusicQueue 表已存在！
