【2022-07-28 09:34:54.898】【INFO】   DB_config 配置文件读取成功！
【2022-07-28 09:34:54.899】【ERROR】  数据库连接失败！ConnectionError: Failed to connect to 127.0.0.1:1433 - Could not connect (sequence)
【2022-07-28 09:34:59.903】【ERROR】  数据库连接失败！ConnectionError: Failed to connect to 127.0.0.1:1433 - Could not connect (sequence)
【2022-07-28 09:35:29.043】【INFO】   DB_config 配置文件读取成功！
【2022-07-28 09:35:29.071】【INFO】   数据库连接成功！
【2022-07-28 09:35:29.099】【INFO】   t_user 表已存在！
【2022-07-28 09:35:29.100】【INFO】   t_HotMusic 表已存在！
【2022-07-28 09:55:19.334】【INFO】   DB_config 配置文件读取成功！
【2022-07-28 09:55:19.354】【INFO】   数据库连接成功！
【2022-07-28 09:55:19.377】【INFO】   t_user 表已存在！
【2022-07-28 09:55:19.378】【INFO】   t_HotMusic 表已存在！
【2022-07-28 09:58:24.370】【INFO】   DB_config 配置文件读取成功！
【2022-07-28 09:58:24.401】【INFO】   数据库连接成功！
【2022-07-28 09:58:24.435】【INFO】   t_user 表已存在！
【2022-07-28 09:58:24.435】【INFO】   t_HotMusic 表已存在！
【2022-07-28 13:15:26.146】【INFO】   DB_config 配置文件读取成功！
【2022-07-28 13:15:26.175】【INFO】   数据库连接成功！
【2022-07-28 13:15:26.215】【INFO】   t_user 表已存在！
【2022-07-28 13:15:26.217】【INFO】   t_HotMusic 表已存在！
【2022-07-28 13:15:26.251】【INFO】   t_MusicQueue 数据表创建成功！
【2022-07-28 13:20:04.294】【INFO】   DB_config 配置文件读取成功！
【2022-07-28 13:20:04.379】【INFO】   数据库连接成功！
【2022-07-28 13:20:04.430】【INFO】   t_user 表已存在！
【2022-07-28 13:20:04.430】【INFO】   t_HotMusic 表已存在！
【2022-07-28 13:20:04.448】【ERROR】  数据库执行错误！(create table dbo.t_MusicQueue(ID           int               not null    identity(1,1)    primary key,musicrid     nvarchar(20)      not null,album        nvarchar(100)      not null,pic120       nvarchar(200)     not null,name         nvarchar(100)      not null,artist       nvarchar(100)      not null,roomID       nvarchar(20)      not null,user         nvarchar(20)      not null,)) ==> RequestError: Incorrect syntax near the keyword 'user'.
【2022-07-28 13:20:04.448】【ERROR】  t_MusicQueue 数据表创建失败！RequestError: Incorrect syntax near the keyword 'user'.
【2022-07-28 13:20:25.628】【INFO】   DB_config 配置文件读取成功！
【2022-07-28 13:20:25.667】【INFO】   数据库连接成功！
【2022-07-28 13:20:25.705】【INFO】   t_user 表已存在！
【2022-07-28 13:20:25.705】【INFO】   t_HotMusic 表已存在！
【2022-07-28 13:20:25.718】【ERROR】  数据库执行错误！(create table dbo.t_MusicQueue(ID           int               not null    identity(1,1)    primary key,musicrid     nvarchar(20)      not null,album        nvarchar(100)      not null,pic120       nvarchar(200)     not null,name         nvarchar(100)      not null,artist       nvarchar(100)      not null,roomID       nvarchar(20)      not null,user         nvarchar(20)      not null)) ==> RequestError: Incorrect syntax near the keyword 'user'.
【2022-07-28 13:20:25.718】【ERROR】  t_MusicQueue 数据表创建失败！RequestError: Incorrect syntax near the keyword 'user'.
【2022-07-28 13:21:06.983】【INFO】   DB_config 配置文件读取成功！
【2022-07-28 13:21:07.006】【INFO】   数据库连接成功！
【2022-07-28 13:21:07.055】【INFO】   t_user 表已存在！
【2022-07-28 13:21:07.055】【INFO】   t_HotMusic 表已存在！
【2022-07-28 13:21:07.065】【ERROR】  数据库执行错误！(create table dbo.t_MusicQueue(ID           int               not null    identity(1,1)    primary key,musicrid     nvarchar(20)      not null,album        nvarchar(100)      not null,pic120       nvarchar(200)     not null,name         nvarchar(100)      not null,artist       nvarchar(100)      not null,roomID       nvarchar(20)      not null,user         nvarchar(20)      not null)) ==> RequestError: Incorrect syntax near the keyword 'user'.
【2022-07-28 13:21:07.065】【ERROR】  t_MusicQueue 数据表创建失败！RequestError: Incorrect syntax near the keyword 'user'.
【2022-07-28 13:22:13.607】【INFO】   DB_config 配置文件读取成功！
【2022-07-28 13:22:13.648】【INFO】   数据库连接成功！
【2022-07-28 13:22:13.680】【INFO】   t_user 表已存在！
【2022-07-28 13:22:13.680】【INFO】   t_HotMusic 表已存在！
【2022-07-28 13:22:13.705】【INFO】   t_MusicQueue 数据表创建成功！
【2022-07-28 13:24:33.667】【INFO】   DB_config 配置文件读取成功！
【2022-07-28 13:24:33.732】【INFO】   数据库连接成功！
【2022-07-28 13:24:33.793】【INFO】   t_user 表已存在！
【2022-07-28 13:24:33.794】【INFO】   t_HotMusic 表已存在！
【2022-07-28 13:24:33.794】【INFO】   t_MusicQueue 表已存在！
【2022-07-28 13:29:37.768】【INFO】   DB_config 配置文件读取成功！
【2022-07-28 13:29:37.773】【ERROR】  数据库执行错误！(INSERT INTO dbo.t_MusicQueue ("musicrid", "album", "pic120", "name", "artist", "roomID", "userID") VALUES ('226543302', '最伟大的作品', 'https://img4.kuwo.cn/star/albumcover/120/93/8/445164643.jpg', '最伟大的作品', '周杰伦', '888', '1')) ==> ConnectionError: Connection is closed.
【2022-07-28 13:29:37.797】【INFO】   数据库连接成功！
【2022-07-28 13:29:37.831】【INFO】   t_HotMusic 表已存在！
【2022-07-28 13:29:37.831】【INFO】   t_user 表已存在！
【2022-07-28 13:29:37.832】【INFO】   t_MusicQueue 表已存在！
【2022-07-28 13:30:13.444】【INFO】   DB_config 配置文件读取成功！
【2022-07-28 13:30:13.469】【INFO】   数据库连接成功！
【2022-07-28 13:30:13.497】【INFO】   t_user 表已存在！
【2022-07-28 13:30:13.501】【INFO】   t_HotMusic 表已存在！
【2022-07-28 13:30:13.501】【INFO】   t_MusicQueue 表已存在！
【2022-07-28 14:04:53.648】【INFO】   DB_config 配置文件读取成功！
【2022-07-28 14:04:53.684】【INFO】   数据库连接成功！
【2022-07-28 14:04:53.729】【INFO】   t_user 表已存在！
【2022-07-28 14:04:53.729】【INFO】   t_HotMusic 表已存在！
【2022-07-28 14:04:53.757】【INFO】   t_MusicQueue 数据表创建成功！
【2022-07-28 14:11:48.897】【INFO】   DB_config 配置文件读取成功！
【2022-07-28 14:11:48.970】【INFO】   数据库连接成功！
【2022-07-28 14:11:49.031】【INFO】   t_user 表已存在！
【2022-07-28 14:11:49.031】【INFO】   t_HotMusic 表已存在！
【2022-07-28 14:11:49.034】【INFO】   t_MusicQueue 表已存在！
【2022-07-28 14:14:45.829】【INFO】   DB_config 配置文件读取成功！
【2022-07-28 14:14:45.874】【INFO】   数据库连接成功！
【2022-07-28 14:14:45.912】【INFO】   t_user 表已存在！
【2022-07-28 14:14:45.912】【INFO】   t_HotMusic 表已存在！
【2022-07-28 14:14:45.912】【INFO】   t_MusicQueue 表已存在！
【2022-07-28 14:21:41.954】【INFO】   DB_config 配置文件读取成功！
【2022-07-28 14:21:41.991】【INFO】   数据库连接成功！
【2022-07-28 14:21:42.030】【INFO】   t_user 表已存在！
【2022-07-28 14:21:42.030】【INFO】   t_MusicQueue 表已存在！
【2022-07-28 14:21:42.030】【INFO】   t_HotMusic 表已存在！
【2022-07-28 14:24:46.380】【INFO】   DB_config 配置文件读取成功！
【2022-07-28 14:24:46.416】【INFO】   数据库连接成功！
【2022-07-28 14:24:46.469】【INFO】   t_user 表已存在！
【2022-07-28 14:24:46.478】【INFO】   t_HotMusic 表已存在！
【2022-07-28 14:24:46.512】【INFO】   t_MusicQueue 数据表创建成功！
【2022-07-28 14:25:02.930】【ERROR】  数据库执行错误！(INSERT INTO dbo.t_MusicQueue ("musicrid", "album", "pic120", "name", "artist", "roomID", "userID", "already") VALUES ('226555043', '最伟大的作品', 'https://img4.kuwo.cn/star/albumcover/120/93/8/445164643.jpg', '还在流浪', '周杰伦', '888', '1', 'false')) ==> RequestError: Cannot insert the value NULL into column 'songTimeMinutes', table 'SunBug.dbo.t_MusicQueue'; column does not allow nulls. INSERT fails.
【2022-07-28 14:25:47.392】【ERROR】  数据库执行错误！(INSERT INTO dbo.t_MusicQueue ("musicrid", "album", "pic120", "name", "artist", "roomID", "userID", "already") VALUES ('7210288', 'Ease', 'https://img4.kuwo.cn/star/albumcover/120/19/64/1302181988.jpg', 'Ease', 'Alex&nbsp;Skrindo', '888', '1', 'false')) ==> RequestError: Cannot insert the value NULL into column 'songTimeMinutes', table 'SunBug.dbo.t_MusicQueue'; column does not allow nulls. INSERT fails.
【2022-07-28 14:27:18.816】【INFO】   DB_config 配置文件读取成功！
【2022-07-28 14:27:18.845】【INFO】   数据库连接成功！
【2022-07-28 14:27:18.889】【INFO】   t_user 表已存在！
【2022-07-28 14:27:18.890】【INFO】   t_MusicQueue 表已存在！
【2022-07-28 14:27:18.890】【INFO】   t_HotMusic 表已存在！
【2022-07-28 14:28:11.537】【INFO】   DB_config 配置文件读取成功！
【2022-07-28 14:28:11.577】【INFO】   数据库连接成功！
【2022-07-28 14:28:11.622】【INFO】   t_user 表已存在！
【2022-07-28 14:28:11.623】【INFO】   t_HotMusic 表已存在！
【2022-07-28 14:28:11.623】【INFO】   t_MusicQueue 表已存在！
【2022-07-28 14:28:31.453】【INFO】   DB_config 配置文件读取成功！
【2022-07-28 14:28:31.494】【INFO】   数据库连接成功！
【2022-07-28 14:28:31.539】【INFO】   t_user 表已存在！
【2022-07-28 14:28:31.539】【INFO】   t_HotMusic 表已存在！
【2022-07-28 14:28:31.539】【INFO】   t_MusicQueue 表已存在！
【2022-07-28 15:03:26.892】【INFO】   DB_config 配置文件读取成功！
【2022-07-28 15:03:26.930】【INFO】   数据库连接成功！
【2022-07-28 15:03:26.965】【INFO】   t_user 表已存在！
【2022-07-28 15:03:26.966】【INFO】   t_MusicQueue 表已存在！
【2022-07-28 15:03:26.966】【INFO】   t_HotMusic 表已存在！
【2022-07-28 15:50:28.341】【INFO】   DB_config 配置文件读取成功！
【2022-07-28 15:50:28.383】【INFO】   数据库连接成功！
【2022-07-28 15:50:28.430】【INFO】   t_HotMusic 表已存在！
【2022-07-28 15:50:28.431】【INFO】   t_MusicQueue 表已存在！
【2022-07-28 15:50:28.430】【INFO】   t_user 表已存在！
【2022-07-28 15:53:41.676】【INFO】   DB_config 配置文件读取成功！
【2022-07-28 15:53:41.710】【INFO】   数据库连接成功！
【2022-07-28 15:53:41.749】【INFO】   t_user 表已存在！
【2022-07-28 15:53:41.749】【INFO】   t_HotMusic 表已存在！
【2022-07-28 15:53:41.749】【INFO】   t_MusicQueue 表已存在！
【2022-07-28 15:54:43.893】【ERROR】  数据库执行错误！(SELECT TOP 1 username FROM dbo.t_user WHERE UID = 'undefined') ==> RequestError: Conversion failed when converting the varchar value 'undefined' to data type int.
【2022-07-28 15:55:53.309】【INFO】   DB_config 配置文件读取成功！
【2022-07-28 15:55:53.345】【INFO】   数据库连接成功！
【2022-07-28 15:55:53.377】【INFO】   t_user 表已存在！
【2022-07-28 15:55:53.377】【INFO】   t_HotMusic 表已存在！
【2022-07-28 15:55:53.378】【INFO】   t_MusicQueue 表已存在！
【2022-07-28 15:57:54.153】【INFO】   DB_config 配置文件读取成功！
【2022-07-28 15:57:54.156】【ERROR】  数据库执行错误！(SELECT TOP 1 username FROM dbo.t_user WHERE UID = '1') ==> ConnectionError: Connection is closed.
【2022-07-28 15:57:54.179】【INFO】   数据库连接成功！
【2022-07-28 15:57:54.219】【INFO】   t_user 表已存在！
【2022-07-28 15:57:54.219】【INFO】   t_MusicQueue 表已存在！
【2022-07-28 15:57:54.219】【INFO】   t_HotMusic 表已存在！
【2022-07-28 15:59:38.189】【INFO】   DB_config 配置文件读取成功！
【2022-07-28 15:59:38.194】【ERROR】  数据库执行错误！(SELECT TOP 1 username FROM dbo.t_user WHERE UID = '1') ==> ConnectionError: Connection is closed.
【2022-07-28 15:59:38.226】【INFO】   数据库连接成功！
【2022-07-28 15:59:38.268】【INFO】   t_user 表已存在！
【2022-07-28 15:59:38.268】【INFO】   t_MusicQueue 表已存在！
【2022-07-28 15:59:38.268】【INFO】   t_HotMusic 表已存在！
【2022-07-28 19:38:03.239】【INFO】   DB_config 配置文件读取成功！
【2022-07-28 19:42:26.428】【INFO】   DB_config 配置文件读取成功！
【2022-07-28 19:42:41.187】【ERROR】  数据库连接失败！ConnectionError: Failed to connect to 192.168.1.126:1433 in 15000ms
【2022-07-28 19:42:57.852】【INFO】   DB_config 配置文件读取成功！
【2022-07-28 19:42:57.870】【INFO】   数据库连接成功！
【2022-07-28 19:42:57.897】【INFO】   t_HotMusic 表已存在！
【2022-07-28 19:42:57.898】【INFO】   t_user 表已存在！
【2022-07-28 19:42:57.902】【INFO】   t_MusicQueue 数据表创建成功！
【2022-07-28 19:43:27.914】【INFO】   DB_config 配置文件读取成功！
【2022-07-28 19:43:27.936】【INFO】   数据库连接成功！
【2022-07-28 19:43:27.955】【INFO】   t_user 表已存在！
【2022-07-28 19:43:27.955】【INFO】   t_HotMusic 表已存在！
【2022-07-28 19:43:27.955】【INFO】   t_MusicQueue 表已存在！
【2022-07-28 19:44:05.284】【INFO】   DB_config 配置文件读取成功！
【2022-07-28 19:44:05.305】【INFO】   数据库连接成功！
【2022-07-28 19:44:05.323】【INFO】   t_user 表已存在！
【2022-07-28 19:44:05.323】【INFO】   t_HotMusic 表已存在！
【2022-07-28 19:44:05.323】【INFO】   t_MusicQueue 表已存在！
【2022-07-28 19:55:10.425】【INFO】   DB_config 配置文件读取成功！
【2022-07-28 19:55:10.445】【INFO】   数据库连接成功！
【2022-07-28 19:55:10.466】【INFO】   t_HotMusic 表已存在！
【2022-07-28 19:55:10.466】【INFO】   t_user 表已存在！
【2022-07-28 19:55:10.466】【INFO】   t_MusicQueue 表已存在！
【2022-07-28 20:05:29.872】【INFO】   DB_config 配置文件读取成功！
【2022-07-28 20:05:29.893】【INFO】   数据库连接成功！
【2022-07-28 20:05:29.912】【INFO】   t_HotMusic 表已存在！
【2022-07-28 20:05:29.912】【INFO】   t_user 表已存在！
【2022-07-28 20:05:29.916】【INFO】   t_MusicQueue 数据表创建成功！
【2022-07-28 20:07:28.339】【INFO】   DB_config 配置文件读取成功！
【2022-07-28 20:07:28.360】【INFO】   数据库连接成功！
【2022-07-28 20:07:28.378】【INFO】   t_user 表已存在！
【2022-07-28 20:07:28.378】【INFO】   t_HotMusic 表已存在！
【2022-07-28 20:07:28.378】【INFO】   t_MusicQueue 表已存在！
【2022-07-28 20:56:06.727】【INFO】   DB_config 配置文件读取成功！
【2022-07-28 20:56:06.749】【INFO】   数据库连接成功！
【2022-07-28 20:56:06.771】【INFO】   t_HotMusic 表已存在！
【2022-07-28 20:56:06.771】【INFO】   t_MusicQueue 表已存在！
【2022-07-28 20:56:06.771】【INFO】   t_user 表已存在！
【2022-07-28 20:59:26.066】【INFO】   DB_config 配置文件读取成功！
【2022-07-28 20:59:26.087】【INFO】   数据库连接成功！
【2022-07-28 20:59:26.107】【INFO】   t_HotMusic 表已存在！
【2022-07-28 20:59:26.107】【INFO】   t_MusicQueue 表已存在！
【2022-07-28 20:59:26.107】【INFO】   t_user 表已存在！
【2022-07-28 21:16:51.732】【INFO】   DB_config 配置文件读取成功！
【2022-07-28 21:16:51.752】【INFO】   数据库连接成功！
【2022-07-28 21:16:51.774】【INFO】   t_HotMusic 表已存在！
【2022-07-28 21:16:51.774】【INFO】   t_user 表已存在！
【2022-07-28 21:16:51.774】【INFO】   t_MusicQueue 表已存在！
【2022-07-28 21:17:51.000】【INFO】   DB_config 配置文件读取成功！
【2022-07-28 21:17:51.020】【INFO】   数据库连接成功！
【2022-07-28 21:17:51.044】【INFO】   t_MusicQueue 表已存在！
【2022-07-28 21:17:51.044】【INFO】   t_user 表已存在！
【2022-07-28 21:17:51.044】【INFO】   t_HotMusic 表已存在！
【2022-07-28 21:21:50.754】【INFO】   DB_config 配置文件读取成功！
【2022-07-28 21:21:50.776】【INFO】   数据库连接成功！
【2022-07-28 21:21:50.795】【INFO】   t_MusicQueue 表已存在！
【2022-07-28 21:21:50.795】【INFO】   t_HotMusic 表已存在！
【2022-07-28 21:21:50.795】【INFO】   t_user 表已存在！
【2022-07-28 21:25:29.121】【INFO】   DB_config 配置文件读取成功！
【2022-07-28 21:25:29.144】【INFO】   数据库连接成功！
【2022-07-28 21:25:29.165】【INFO】   t_HotMusic 表已存在！
【2022-07-28 21:25:29.165】【INFO】   t_MusicQueue 表已存在！
【2022-07-28 21:25:29.165】【INFO】   t_user 表已存在！
【2022-07-28 21:26:12.835】【INFO】   DB_config 配置文件读取成功！
【2022-07-28 21:26:12.856】【INFO】   数据库连接成功！
【2022-07-28 21:26:12.875】【INFO】   t_user 表已存在！
【2022-07-28 21:26:12.875】【INFO】   t_MusicQueue 表已存在！
【2022-07-28 21:26:12.875】【INFO】   t_HotMusic 表已存在！
【2022-07-28 22:01:09.525】【INFO】   DB_config 配置文件读取成功！
【2022-07-28 22:01:09.547】【INFO】   数据库连接成功！
【2022-07-28 22:01:09.567】【INFO】   t_MusicQueue 表已存在！
【2022-07-28 22:01:09.567】【INFO】   t_user 表已存在！
【2022-07-28 22:01:09.567】【INFO】   t_HotMusic 表已存在！
【2022-07-28 22:03:14.280】【INFO】   DB_config 配置文件读取成功！
【2022-07-28 22:03:14.301】【INFO】   数据库连接成功！
【2022-07-28 22:03:14.324】【INFO】   t_user 表已存在！
【2022-07-28 22:03:14.324】【INFO】   t_MusicQueue 表已存在！
【2022-07-28 22:03:14.324】【INFO】   t_HotMusic 表已存在！
【2022-07-28 22:03:18.247】【INFO】   DB_config 配置文件读取成功！
【2022-07-28 22:03:18.268】【INFO】   数据库连接成功！
【2022-07-28 22:03:18.286】【INFO】   t_user 表已存在！
【2022-07-28 22:03:18.286】【INFO】   t_MusicQueue 表已存在！
【2022-07-28 22:03:18.286】【INFO】   t_HotMusic 表已存在！
【2022-07-28 22:32:33.822】【INFO】   DB_config 配置文件读取成功！
【2022-07-28 22:32:33.842】【INFO】   数据库连接成功！
【2022-07-28 22:32:33.865】【INFO】   t_HotMusic 表已存在！
【2022-07-28 22:32:33.865】【INFO】   t_user 表已存在！
【2022-07-28 22:32:33.865】【INFO】   t_MusicQueue 表已存在！
【2022-07-28 22:55:44.440】【INFO】   DB_config 配置文件读取成功！
【2022-07-28 22:55:44.464】【INFO】   数据库连接成功！
【2022-07-28 22:55:44.486】【INFO】   t_user 表已存在！
【2022-07-28 22:55:44.486】【INFO】   t_MusicQueue 表已存在！
【2022-07-28 22:55:44.486】【INFO】   t_HotMusic 表已存在！
【2022-07-28 22:56:26.330】【INFO】   DB_config 配置文件读取成功！
【2022-07-28 22:56:26.352】【INFO】   数据库连接成功！
【2022-07-28 22:56:26.373】【INFO】   t_HotMusic 表已存在！
【2022-07-28 22:56:26.373】【INFO】   t_user 表已存在！
【2022-07-28 22:56:26.374】【INFO】   t_MusicQueue 表已存在！
【2022-07-28 22:57:07.393】【INFO】   DB_config 配置文件读取成功！
【2022-07-28 22:57:07.414】【INFO】   数据库连接成功！
【2022-07-28 22:57:07.432】【INFO】   t_user 表已存在！
【2022-07-28 22:57:07.432】【INFO】   t_HotMusic 表已存在！
【2022-07-28 22:57:07.432】【INFO】   t_MusicQueue 表已存在！
【2022-07-28 23:01:30.759】【ERROR】  数据库执行错误！(DELETE FROM dbo.t_Line42production_Shift3 WHERE creatTime = '2022/07/27') ==> RequestError: Invalid object name 'dbo.t_Line42production_Shift3'.
【2022-07-28 23:02:35.742】【INFO】   DB_config 配置文件读取成功！
【2022-07-28 23:02:35.767】【INFO】   数据库连接成功！
【2022-07-28 23:02:35.786】【INFO】   t_HotMusic 表已存在！
【2022-07-28 23:02:35.786】【INFO】   t_MusicQueue 表已存在！
【2022-07-28 23:02:35.786】【INFO】   t_user 表已存在！
