【2022-08-06 10:40:03.470】【INFO】   DB_config 配置文件读取成功！
【2022-08-06 10:40:03.495】【INFO】   数据库连接成功！
【2022-08-06 10:40:03.534】【INFO】   t_user 表已存在！
【2022-08-06 10:40:03.534】【INFO】   t_LikeMusic 表已存在！
【2022-08-06 10:40:03.534】【INFO】   t_room 表已存在！
【2022-08-06 10:40:03.534】【INFO】   t_code 表已存在！
【2022-08-06 10:40:03.534】【INFO】   t_HotMusic 表已存在！
【2022-08-06 10:40:03.534】【INFO】   t_MusicQueue 表已存在！
【2022-08-06 11:01:54.786】【INFO】   DB_config 配置文件读取成功！
【2022-08-06 11:01:54.819】【INFO】   数据库连接成功！
【2022-08-06 11:01:54.852】【INFO】   t_room 表已存在！
【2022-08-06 11:01:54.853】【INFO】   t_code 表已存在！
【2022-08-06 11:01:54.853】【INFO】   t_user 表已存在！
【2022-08-06 11:01:54.853】【INFO】   t_MusicQueue 表已存在！
【2022-08-06 11:01:54.853】【INFO】   t_HotMusic 表已存在！
【2022-08-06 11:01:54.853】【INFO】   t_LikeMusic 表已存在！
【2022-08-06 11:05:02.322】【INFO】   DB_config 配置文件读取成功！
【2022-08-06 11:05:02.348】【INFO】   数据库连接成功！
【2022-08-06 11:05:02.379】【INFO】   t_room 表已存在！
【2022-08-06 11:05:02.379】【INFO】   t_code 表已存在！
【2022-08-06 11:05:02.379】【INFO】   t_user 表已存在！
【2022-08-06 11:05:02.379】【INFO】   t_HotMusic 表已存在！
【2022-08-06 11:05:02.380】【INFO】   t_MusicQueue 表已存在！
【2022-08-06 11:05:02.380】【INFO】   t_LikeMusic 表已存在！
【2022-08-06 11:05:49.405】【INFO】   DB_config 配置文件读取成功！
【2022-08-06 11:05:49.430】【INFO】   数据库连接成功！
【2022-08-06 11:05:49.462】【INFO】   t_user 表已存在！
【2022-08-06 11:05:49.462】【INFO】   t_room 表已存在！
【2022-08-06 11:05:49.462】【INFO】   t_code 表已存在！
【2022-08-06 11:05:49.462】【INFO】   t_HotMusic 表已存在！
【2022-08-06 11:05:49.462】【INFO】   t_MusicQueue 表已存在！
【2022-08-06 11:05:49.462】【INFO】   t_LikeMusic 表已存在！
【2022-08-06 11:10:06.821】【INFO】   DB_config 配置文件读取成功！
【2022-08-06 11:10:06.850】【INFO】   数据库连接成功！
【2022-08-06 11:10:06.885】【INFO】   t_room 表已存在！
【2022-08-06 11:10:06.885】【INFO】   t_code 表已存在！
【2022-08-06 11:10:06.885】【INFO】   t_user 表已存在！
【2022-08-06 11:10:06.886】【INFO】   t_HotMusic 表已存在！
【2022-08-06 11:10:06.886】【INFO】   t_MusicQueue 表已存在！
【2022-08-06 11:10:06.886】【INFO】   t_LikeMusic 表已存在！
【2022-08-06 11:26:40.616】【INFO】   DB_config 配置文件读取成功！
【2022-08-06 11:26:40.643】【INFO】   数据库连接成功！
【2022-08-06 11:26:40.682】【INFO】   t_room 表已存在！
【2022-08-06 11:26:40.683】【INFO】   t_MusicQueue 表已存在！
【2022-08-06 11:26:40.683】【INFO】   t_user 表已存在！
【2022-08-06 11:26:40.683】【INFO】   t_HotMusic 表已存在！
【2022-08-06 11:26:40.683】【INFO】   t_code 表已存在！
【2022-08-06 11:26:40.683】【INFO】   t_LikeMusic 表已存在！
【2022-08-06 11:33:13.476】【INFO】   DB_config 配置文件读取成功！
【2022-08-06 11:33:13.525】【INFO】   数据库连接成功！
【2022-08-06 11:33:13.569】【INFO】   t_user 表已存在！
【2022-08-06 11:33:13.569】【INFO】   t_room 表已存在！
【2022-08-06 11:33:13.569】【INFO】   t_code 表已存在！
【2022-08-06 11:33:13.569】【INFO】   t_HotMusic 表已存在！
【2022-08-06 11:33:13.570】【INFO】   t_LikeMusic 表已存在！
【2022-08-06 11:33:13.570】【INFO】   t_MusicQueue 表已存在！
【2022-08-06 11:43:48.695】【INFO】   DB_config 配置文件读取成功！
【2022-08-06 11:43:48.722】【INFO】   数据库连接成功！
【2022-08-06 11:43:48.751】【INFO】   t_user 表已存在！
【2022-08-06 11:43:48.751】【INFO】   t_code 表已存在！
【2022-08-06 11:43:48.751】【INFO】   t_room 表已存在！
【2022-08-06 11:43:48.752】【INFO】   t_HotMusic 表已存在！
【2022-08-06 11:43:48.752】【INFO】   t_MusicQueue 表已存在！
【2022-08-06 11:43:48.752】【INFO】   t_LikeMusic 表已存在！
【2022-08-06 11:53:37.666】【INFO】   DB_config 配置文件读取成功！
【2022-08-06 11:53:37.714】【INFO】   数据库连接成功！
【2022-08-06 11:53:37.750】【INFO】   t_user 表已存在！
【2022-08-06 11:53:37.751】【INFO】   t_room 表已存在！
【2022-08-06 11:53:37.751】【INFO】   t_code 表已存在！
【2022-08-06 11:53:37.751】【INFO】   t_MusicQueue 表已存在！
【2022-08-06 11:53:37.751】【INFO】   t_HotMusic 表已存在！
【2022-08-06 11:53:37.751】【INFO】   t_LikeMusic 表已存在！
【2022-08-06 11:54:46.284】【ERROR】  数据库执行错误！(SELECT username, head, sex, signature FROM dbo.t_user EHERE "UID" = '1') ==> RequestError: Incorrect syntax near 'UID'.
【2022-08-06 11:55:11.130】【INFO】   DB_config 配置文件读取成功！
【2022-08-06 11:55:11.161】【ERROR】  数据库执行错误！(SELECT username, head, sex, signature FROM dbo.t_user WHERE "UID" = '1') ==> ConnectionError: Connection is closed.
【2022-08-06 11:55:11.165】【INFO】   数据库连接成功！
【2022-08-06 11:55:11.203】【INFO】   t_user 表已存在！
【2022-08-06 11:55:11.204】【INFO】   t_room 表已存在！
【2022-08-06 11:55:11.204】【INFO】   t_HotMusic 表已存在！
【2022-08-06 11:55:11.204】【INFO】   t_code 表已存在！
【2022-08-06 11:55:11.204】【INFO】   t_LikeMusic 表已存在！
【2022-08-06 11:55:11.204】【INFO】   t_MusicQueue 表已存在！
