【2022-08-17 09:01:58.464】【INFO】   DB_config 配置文件读取成功！
【2022-08-17 09:01:58.465】【ERROR】  数据库连接失败！ConnectionError: Failed to connect to 127.0.0.1:1433 - Could not connect (sequence)
【2022-08-17 09:18:33.201】【INFO】   DB_config 配置文件读取成功！
【2022-08-17 09:18:33.202】【ERROR】  数据库连接失败！ConnectionError: Failed to connect to 127.0.0.1:1433 - Could not connect (sequence)
【2022-08-17 09:18:38.203】【ERROR】  数据库连接失败！ConnectionError: Failed to connect to 127.0.0.1:1433 - Could not connect (sequence)
【2022-08-17 09:18:44.109】【INFO】   DB_config 配置文件读取成功！
【2022-08-17 09:18:44.134】【INFO】   数据库连接成功！
【2022-08-17 09:18:44.165】【INFO】   t_user 表已存在！
【2022-08-17 09:18:44.165】【INFO】   t_room 表已存在！
【2022-08-17 09:18:44.165】【INFO】   t_code 表已存在！
【2022-08-17 09:18:44.165】【INFO】   t_HotMusic 表已存在！
【2022-08-17 09:18:44.165】【INFO】   t_MusicQueue 表已存在！
【2022-08-17 09:18:44.165】【INFO】   t_LikeMusic 表已存在！
【2022-08-17 09:26:21.652】【INFO】   DB_config 配置文件读取成功！
【2022-08-17 09:26:21.674】【INFO】   数据库连接成功！
【2022-08-17 09:26:21.711】【INFO】   t_user 表已存在！
【2022-08-17 09:26:21.711】【INFO】   t_room 表已存在！
【2022-08-17 09:26:21.711】【INFO】   t_code 表已存在！
【2022-08-17 09:26:21.711】【INFO】   t_HotMusic 表已存在！
【2022-08-17 09:26:21.711】【INFO】   t_MusicQueue 表已存在！
【2022-08-17 09:26:21.711】【INFO】   t_LikeMusic 表已存在！
