【2022-08-01 11:28:59.945】【INFO】   DB_config 配置文件读取成功！
【2022-08-01 11:28:59.948】【ERROR】  数据库连接失败！ConnectionError: Failed to connect to 127.0.0.1:1433 - Could not connect (sequence)
【2022-08-01 11:29:27.105】【INFO】   DB_config 配置文件读取成功！
【2022-08-01 11:29:27.130】【INFO】   数据库连接成功！
【2022-08-01 11:29:27.171】【INFO】   t_MusicQueue 表已存在！
【2022-08-01 11:29:27.171】【INFO】   t_HotMusic 表已存在！
【2022-08-01 11:29:27.171】【INFO】   t_user 表已存在！
【2022-08-01 11:29:27.171】【INFO】   t_LikeMusic 表已存在！
【2022-08-01 11:29:43.501】【INFO】   DB_config 配置文件读取成功！
【2022-08-01 11:29:43.538】【INFO】   数据库连接成功！
【2022-08-01 11:29:43.585】【INFO】   t_user 表已存在！
【2022-08-01 11:29:43.585】【INFO】   t_MusicQueue 表已存在！
【2022-08-01 11:29:43.586】【INFO】   t_HotMusic 表已存在！
【2022-08-01 11:29:43.586】【INFO】   t_LikeMusic 表已存在！
【2022-08-01 11:35:00.188】【INFO】   DB_config 配置文件读取成功！
【2022-08-01 11:35:00.218】【INFO】   数据库连接成功！
【2022-08-01 11:35:00.260】【INFO】   t_user 表已存在！
【2022-08-01 11:35:00.260】【INFO】   t_MusicQueue 表已存在！
【2022-08-01 11:35:00.260】【INFO】   t_HotMusic 表已存在！
【2022-08-01 11:35:00.260】【INFO】   t_LikeMusic 表已存在！
【2022-08-01 11:35:08.843】【INFO】   DB_config 配置文件读取成功！
【2022-08-01 11:35:08.877】【INFO】   数据库连接成功！
【2022-08-01 11:35:08.927】【INFO】   t_user 表已存在！
【2022-08-01 11:35:08.928】【INFO】   t_MusicQueue 表已存在！
【2022-08-01 11:35:08.928】【INFO】   t_HotMusic 表已存在！
【2022-08-01 11:35:08.928】【INFO】   t_LikeMusic 表已存在！
【2022-08-01 11:36:50.379】【INFO】   DB_config 配置文件读取成功！
【2022-08-01 11:36:50.414】【INFO】   数据库连接成功！
【2022-08-01 11:36:50.475】【INFO】   t_user 表已存在！
【2022-08-01 11:36:50.476】【INFO】   t_MusicQueue 表已存在！
【2022-08-01 11:36:50.475】【INFO】   t_HotMusic 表已存在！
【2022-08-01 11:36:50.476】【INFO】   t_LikeMusic 表已存在！
【2022-08-01 11:39:38.161】【INFO】   DB_config 配置文件读取成功！
【2022-08-01 11:39:38.199】【INFO】   数据库连接成功！
【2022-08-01 11:39:38.240】【INFO】   t_user 表已存在！
【2022-08-01 11:39:38.240】【INFO】   t_MusicQueue 表已存在！
【2022-08-01 11:39:38.241】【INFO】   t_HotMusic 表已存在！
【2022-08-01 11:39:38.241】【INFO】   t_LikeMusic 表已存在！
【2022-08-01 11:39:43.903】【INFO】   DB_config 配置文件读取成功！
【2022-08-01 11:39:43.935】【INFO】   数据库连接成功！
【2022-08-01 11:39:43.975】【INFO】   t_user 表已存在！
【2022-08-01 11:39:43.975】【INFO】   t_HotMusic 表已存在！
【2022-08-01 11:39:43.975】【INFO】   t_MusicQueue 表已存在！
【2022-08-01 11:39:43.975】【INFO】   t_LikeMusic 表已存在！
【2022-08-01 11:40:19.450】【INFO】   DB_config 配置文件读取成功！
【2022-08-01 11:40:19.484】【INFO】   数据库连接成功！
【2022-08-01 11:40:19.529】【INFO】   t_HotMusic 表已存在！
【2022-08-01 11:40:19.529】【INFO】   t_user 表已存在！
【2022-08-01 11:40:19.529】【INFO】   t_MusicQueue 表已存在！
【2022-08-01 11:40:19.529】【INFO】   t_LikeMusic 表已存在！
【2022-08-01 11:40:55.598】【INFO】   DB_config 配置文件读取成功！
【2022-08-01 11:40:55.634】【INFO】   数据库连接成功！
【2022-08-01 11:40:55.668】【INFO】   t_user 表已存在！
【2022-08-01 11:40:55.668】【INFO】   t_HotMusic 表已存在！
【2022-08-01 11:40:55.668】【INFO】   t_MusicQueue 表已存在！
【2022-08-01 11:40:55.671】【INFO】   t_LikeMusic 表已存在！
【2022-08-01 11:41:52.444】【INFO】   DB_config 配置文件读取成功！
【2022-08-01 11:41:52.474】【INFO】   数据库连接成功！
【2022-08-01 11:41:52.502】【INFO】   t_user 表已存在！
【2022-08-01 11:41:52.504】【INFO】   t_HotMusic 表已存在！
【2022-08-01 11:41:52.504】【INFO】   t_MusicQueue 表已存在！
【2022-08-01 11:41:52.504】【INFO】   t_LikeMusic 表已存在！
【2022-08-01 11:44:35.675】【INFO】   DB_config 配置文件读取成功！
【2022-08-01 11:44:35.742】【INFO】   数据库连接成功！
【2022-08-01 11:44:35.785】【INFO】   t_user 表已存在！
【2022-08-01 11:44:35.785】【INFO】   t_MusicQueue 表已存在！
【2022-08-01 11:44:35.785】【INFO】   t_HotMusic 表已存在！
【2022-08-01 11:44:35.785】【INFO】   t_LikeMusic 表已存在！
【2022-08-01 11:47:47.105】【INFO】   DB_config 配置文件读取成功！
【2022-08-01 11:47:47.144】【INFO】   数据库连接成功！
【2022-08-01 11:47:47.182】【INFO】   t_user 表已存在！
【2022-08-01 11:47:47.183】【INFO】   t_HotMusic 表已存在！
【2022-08-01 11:47:47.183】【INFO】   t_MusicQueue 表已存在！
【2022-08-01 11:47:47.183】【INFO】   t_LikeMusic 表已存在！
【2022-08-01 11:48:37.300】【INFO】   DB_config 配置文件读取成功！
【2022-08-01 11:48:37.338】【INFO】   数据库连接成功！
【2022-08-01 11:48:37.374】【INFO】   t_user 表已存在！
【2022-08-01 11:48:37.374】【INFO】   t_MusicQueue 表已存在！
【2022-08-01 11:48:37.374】【INFO】   t_LikeMusic 表已存在！
【2022-08-01 11:48:37.374】【INFO】   t_HotMusic 表已存在！
【2022-08-01 11:49:06.320】【INFO】   DB_config 配置文件读取成功！
【2022-08-01 11:49:06.351】【INFO】   数据库连接成功！
【2022-08-01 11:49:06.386】【INFO】   t_user 表已存在！
【2022-08-01 11:49:06.386】【INFO】   t_HotMusic 表已存在！
【2022-08-01 11:49:06.387】【INFO】   t_LikeMusic 表已存在！
【2022-08-01 11:49:06.387】【INFO】   t_MusicQueue 表已存在！
【2022-08-01 11:53:21.783】【INFO】   DB_config 配置文件读取成功！
【2022-08-01 11:53:21.819】【INFO】   数据库连接成功！
【2022-08-01 11:53:21.861】【INFO】   t_user 表已存在！
【2022-08-01 11:53:21.863】【INFO】   t_LikeMusic 表已存在！
【2022-08-01 11:53:21.862】【INFO】   t_HotMusic 表已存在！
【2022-08-01 11:53:21.863】【INFO】   t_MusicQueue 表已存在！
【2022-08-01 19:04:25.104】【INFO】   DB_config 配置文件读取成功！
【2022-08-01 19:04:40.010】【ERROR】  数据库连接失败！ConnectionError: Failed to connect to 192.168.1.126:1433 in 15000ms
【2022-08-01 19:04:53.544】【INFO】   DB_config 配置文件读取成功！
【2022-08-01 19:05:01.835】【INFO】   DB_config 配置文件读取成功！
【2022-08-01 19:05:16.754】【ERROR】  数据库连接失败！ConnectionError: Failed to connect to 192.168.1.126:1433 in 15000ms
【2022-08-01 19:05:19.636】【INFO】   DB_config 配置文件读取成功！
【2022-08-01 19:05:19.646】【ERROR】  数据库连接失败！ConnectionError: 用户 'sa' 登录失败。
【2022-08-01 19:05:24.658】【ERROR】  数据库连接失败！ConnectionError: 用户 'sa' 登录失败。
【2022-08-01 19:05:28.662】【INFO】   DB_config 配置文件读取成功！
【2022-08-01 19:05:28.690】【INFO】   数据库连接成功！
【2022-08-01 19:05:28.721】【INFO】   t_user 表已存在！
【2022-08-01 19:05:28.721】【INFO】   t_HotMusic 表已存在！
【2022-08-01 19:05:28.721】【INFO】   t_MusicQueue 表已存在！
【2022-08-01 19:05:28.722】【INFO】   t_LikeMusic 表已存在！
【2022-08-01 19:08:39.526】【INFO】   DB_config 配置文件读取成功！
【2022-08-01 19:08:39.550】【INFO】   数据库连接成功！
【2022-08-01 19:08:39.575】【INFO】   t_user 表已存在！
【2022-08-01 19:08:39.575】【INFO】   t_HotMusic 表已存在！
【2022-08-01 19:08:39.575】【INFO】   t_MusicQueue 表已存在！
【2022-08-01 19:08:39.575】【INFO】   t_LikeMusic 表已存在！
【2022-08-01 19:38:38.878】【INFO】   DB_config 配置文件读取成功！
【2022-08-01 19:38:38.906】【INFO】   数据库连接成功！
【2022-08-01 19:38:38.933】【INFO】   t_HotMusic 表已存在！
【2022-08-01 19:38:38.933】【INFO】   t_user 表已存在！
【2022-08-01 19:38:38.933】【INFO】   t_MusicQueue 表已存在！
【2022-08-01 19:38:38.933】【INFO】   t_LikeMusic 表已存在！
【2022-08-01 19:43:46.982】【INFO】   DB_config 配置文件读取成功！
【2022-08-01 19:43:47.007】【INFO】   数据库连接成功！
【2022-08-01 19:43:47.032】【INFO】   t_user 表已存在！
【2022-08-01 19:43:47.032】【INFO】   t_MusicQueue 表已存在！
【2022-08-01 19:43:47.033】【INFO】   t_HotMusic 表已存在！
【2022-08-01 19:43:47.033】【INFO】   t_LikeMusic 表已存在！
【2022-08-01 19:45:21.141】【INFO】   DB_config 配置文件读取成功！
【2022-08-01 19:45:21.169】【INFO】   数据库连接成功！
【2022-08-01 19:45:21.196】【INFO】   t_user 表已存在！
【2022-08-01 19:45:21.196】【INFO】   t_MusicQueue 表已存在！
【2022-08-01 19:45:21.196】【INFO】   t_HotMusic 表已存在！
【2022-08-01 19:45:21.196】【INFO】   t_LikeMusic 表已存在！
【2022-08-01 19:50:27.550】【INFO】   DB_config 配置文件读取成功！
【2022-08-01 19:50:27.575】【INFO】   数据库连接成功！
【2022-08-01 19:50:27.599】【INFO】   t_user 表已存在！
【2022-08-01 19:50:27.599】【INFO】   t_HotMusic 表已存在！
【2022-08-01 19:50:27.599】【INFO】   t_MusicQueue 表已存在！
【2022-08-01 19:50:27.600】【INFO】   t_LikeMusic 表已存在！
