【2022-07-30 00:15:14.962】【INFO】   DB_config 配置文件读取成功！
【2022-07-30 00:15:14.988】【INFO】   数据库连接成功！
【2022-07-30 00:15:15.013】【INFO】   t_user 表已存在！
【2022-07-30 00:15:15.013】【INFO】   t_HotMusic 表已存在！
【2022-07-30 00:15:15.018】【INFO】   t_MusicQueue 表已存在！
【2022-07-30 00:22:51.168】【INFO】   DB_config 配置文件读取成功！
【2022-07-30 00:22:51.196】【INFO】   数据库连接成功！
【2022-07-30 00:22:51.224】【INFO】   t_HotMusic 表已存在！
【2022-07-30 00:22:51.224】【INFO】   t_user 表已存在！
【2022-07-30 00:22:51.224】【INFO】   t_MusicQueue 表已存在！
【2022-07-30 00:35:18.063】【INFO】   DB_config 配置文件读取成功！
【2022-07-30 00:35:18.096】【INFO】   数据库连接成功！
【2022-07-30 00:35:18.120】【INFO】   t_user 表已存在！
【2022-07-30 00:35:18.120】【INFO】   t_HotMusic 表已存在！
【2022-07-30 00:35:18.120】【INFO】   t_MusicQueue 表已存在！
【2022-07-30 00:48:04.448】【INFO】   DB_config 配置文件读取成功！
【2022-07-30 00:48:04.473】【INFO】   数据库连接成功！
【2022-07-30 00:48:04.497】【INFO】   t_user 表已存在！
【2022-07-30 00:48:04.497】【INFO】   t_HotMusic 表已存在！
【2022-07-30 00:48:04.498】【INFO】   t_MusicQueue 表已存在！
【2022-07-30 10:07:57.777】【INFO】   DB_config 配置文件读取成功！
【2022-07-30 10:07:57.800】【INFO】   数据库连接成功！
【2022-07-30 10:07:57.827】【INFO】   t_HotMusic 表已存在！
【2022-07-30 10:07:57.827】【INFO】   t_user 表已存在！
【2022-07-30 10:07:57.827】【INFO】   t_MusicQueue 表已存在！
【2022-07-30 10:17:05.457】【INFO】   DB_config 配置文件读取成功！
【2022-07-30 10:17:05.481】【INFO】   数据库连接成功！
【2022-07-30 10:17:05.517】【INFO】   t_user 表已存在！
【2022-07-30 10:17:05.518】【INFO】   t_HotMusic 表已存在！
【2022-07-30 10:17:05.518】【INFO】   t_MusicQueue 表已存在！
