【2022-07-31 17:52:57.628】【INFO】   DB_config 配置文件读取成功！
【2022-07-31 17:52:57.653】【INFO】   数据库连接成功！
【2022-07-31 17:52:57.681】【INFO】   t_HotMusic 表已存在！
【2022-07-31 17:52:57.681】【INFO】   t_user 表已存在！
【2022-07-31 17:52:57.681】【INFO】   t_MusicQueue 表已存在！
【2022-07-31 17:55:02.670】【INFO】   DB_config 配置文件读取成功！
【2022-07-31 17:55:02.697】【INFO】   数据库连接成功！
【2022-07-31 17:55:02.720】【INFO】   t_HotMusic 表已存在！
【2022-07-31 17:55:02.720】【INFO】   t_user 表已存在！
【2022-07-31 17:55:02.721】【INFO】   t_MusicQueue 表已存在！
【2022-07-31 18:11:30.879】【INFO】   DB_config 配置文件读取成功！
【2022-07-31 18:11:30.911】【INFO】   数据库连接成功！
【2022-07-31 18:11:30.937】【INFO】   t_HotMusic 表已存在！
【2022-07-31 18:11:30.938】【INFO】   t_user 表已存在！
【2022-07-31 18:11:30.938】【INFO】   t_MusicQueue 表已存在！
【2022-07-31 18:11:44.293】【INFO】   DB_config 配置文件读取成功！
【2022-07-31 18:11:44.315】【INFO】   数据库连接成功！
【2022-07-31 18:11:44.334】【INFO】   t_user 表已存在！
【2022-07-31 18:11:44.334】【INFO】   t_HotMusic 表已存在！
【2022-07-31 18:11:44.335】【INFO】   t_MusicQueue 表已存在！
【2022-07-31 18:13:07.511】【INFO】   DB_config 配置文件读取成功！
【2022-07-31 18:13:07.540】【INFO】   数据库连接成功！
【2022-07-31 18:13:07.564】【INFO】   t_HotMusic 表已存在！
【2022-07-31 18:13:07.564】【INFO】   t_user 表已存在！
【2022-07-31 18:13:07.565】【INFO】   t_MusicQueue 表已存在！
【2022-07-31 18:14:26.497】【INFO】   DB_config 配置文件读取成功！
【2022-07-31 18:14:26.519】【INFO】   数据库连接成功！
【2022-07-31 18:14:26.545】【INFO】   t_user 表已存在！
【2022-07-31 18:14:26.545】【INFO】   t_HotMusic 表已存在！
【2022-07-31 18:14:26.545】【INFO】   t_MusicQueue 表已存在！
【2022-07-31 18:15:19.826】【INFO】   DB_config 配置文件读取成功！
【2022-07-31 18:15:19.889】【INFO】   数据库连接成功！
【2022-07-31 18:15:19.918】【INFO】   t_user 表已存在！
【2022-07-31 18:15:19.918】【INFO】   t_MusicQueue 表已存在！
【2022-07-31 18:15:19.918】【INFO】   t_HotMusic 表已存在！
【2022-07-31 18:17:54.631】【INFO】   DB_config 配置文件读取成功！
【2022-07-31 18:17:54.653】【INFO】   数据库连接成功！
【2022-07-31 18:17:54.683】【INFO】   t_user 表已存在！
【2022-07-31 18:17:54.683】【INFO】   t_HotMusic 表已存在！
【2022-07-31 18:17:54.684】【INFO】   t_MusicQueue 表已存在！
【2022-07-31 18:31:23.685】【INFO】   DB_config 配置文件读取成功！
【2022-07-31 18:31:23.715】【INFO】   数据库连接成功！
【2022-07-31 18:31:23.736】【INFO】   t_HotMusic 表已存在！
【2022-07-31 18:31:23.736】【INFO】   t_MusicQueue 表已存在！
【2022-07-31 18:31:23.736】【INFO】   t_user 表已存在！
【2022-07-31 18:31:35.166】【INFO】   DB_config 配置文件读取成功！
【2022-07-31 18:31:35.189】【INFO】   数据库连接成功！
【2022-07-31 18:31:35.219】【INFO】   t_user 表已存在！
【2022-07-31 18:31:35.219】【INFO】   t_HotMusic 表已存在！
【2022-07-31 18:31:35.219】【INFO】   t_MusicQueue 表已存在！
【2022-07-31 18:45:26.945】【INFO】   DB_config 配置文件读取成功！
【2022-07-31 18:45:26.968】【INFO】   数据库连接成功！
【2022-07-31 18:45:26.991】【INFO】   t_HotMusic 表已存在！
【2022-07-31 18:45:26.991】【INFO】   t_MusicQueue 表已存在！
【2022-07-31 18:45:26.991】【INFO】   t_user 表已存在！
【2022-07-31 18:45:37.683】【INFO】   DB_config 配置文件读取成功！
【2022-07-31 18:45:37.707】【INFO】   数据库连接成功！
【2022-07-31 18:45:37.730】【INFO】   t_user 表已存在！
【2022-07-31 18:45:37.731】【INFO】   t_MusicQueue 表已存在！
【2022-07-31 18:45:37.732】【INFO】   t_HotMusic 表已存在！
【2022-07-31 18:48:09.758】【INFO】   DB_config 配置文件读取成功！
【2022-07-31 18:48:09.785】【INFO】   数据库连接成功！
【2022-07-31 18:48:09.806】【INFO】   t_HotMusic 表已存在！
【2022-07-31 18:48:09.806】【INFO】   t_MusicQueue 表已存在！
【2022-07-31 18:48:09.806】【INFO】   t_user 表已存在！
【2022-07-31 18:48:42.149】【INFO】   DB_config 配置文件读取成功！
【2022-07-31 18:48:42.171】【INFO】   数据库连接成功！
【2022-07-31 18:48:42.198】【INFO】   t_user 表已存在！
【2022-07-31 18:48:42.198】【INFO】   t_HotMusic 表已存在！
【2022-07-31 18:48:42.198】【INFO】   t_MusicQueue 表已存在！
【2022-07-31 19:01:54.506】【INFO】   DB_config 配置文件读取成功！
【2022-07-31 19:01:54.532】【INFO】   数据库连接成功！
【2022-07-31 19:01:54.555】【INFO】   t_HotMusic 表已存在！
【2022-07-31 19:01:54.555】【INFO】   t_MusicQueue 表已存在！
【2022-07-31 19:01:54.555】【INFO】   t_user 表已存在！
【2022-07-31 19:04:01.145】【INFO】   DB_config 配置文件读取成功！
【2022-07-31 19:04:01.172】【INFO】   数据库连接成功！
【2022-07-31 19:04:01.195】【INFO】   t_user 表已存在！
【2022-07-31 19:04:01.195】【INFO】   t_HotMusic 表已存在！
【2022-07-31 19:04:01.196】【INFO】   t_MusicQueue 表已存在！
【2022-07-31 19:09:07.969】【INFO】   DB_config 配置文件读取成功！
【2022-07-31 19:09:07.991】【INFO】   数据库连接成功！
【2022-07-31 19:09:08.010】【INFO】   t_HotMusic 表已存在！
【2022-07-31 19:09:08.010】【INFO】   t_user 表已存在！
【2022-07-31 19:09:08.011】【INFO】   t_MusicQueue 表已存在！
【2022-07-31 19:26:08.088】【INFO】   DB_config 配置文件读取成功！
【2022-07-31 19:26:08.112】【INFO】   数据库连接成功！
【2022-07-31 19:26:08.140】【INFO】   t_HotMusic 表已存在！
【2022-07-31 19:26:08.141】【INFO】   t_user 表已存在！
【2022-07-31 19:26:08.141】【INFO】   t_MusicQueue 表已存在！
【2022-07-31 19:26:55.431】【INFO】   DB_config 配置文件读取成功！
【2022-07-31 19:26:55.476】【INFO】   数据库连接成功！
【2022-07-31 19:26:55.513】【INFO】   t_user 表已存在！
【2022-07-31 19:26:55.513】【INFO】   t_MusicQueue 表已存在！
【2022-07-31 19:26:55.513】【INFO】   t_HotMusic 表已存在！
【2022-07-31 19:27:31.791】【INFO】   DB_config 配置文件读取成功！
【2022-07-31 19:27:31.826】【INFO】   数据库连接成功！
【2022-07-31 19:27:31.850】【INFO】   t_HotMusic 表已存在！
【2022-07-31 19:27:31.851】【INFO】   t_MusicQueue 表已存在！
【2022-07-31 19:27:31.850】【INFO】   t_user 表已存在！
【2022-07-31 19:28:56.421】【INFO】   DB_config 配置文件读取成功！
【2022-07-31 19:28:56.446】【INFO】   数据库连接成功！
【2022-07-31 19:28:56.485】【INFO】   t_HotMusic 表已存在！
【2022-07-31 19:28:56.486】【INFO】   t_MusicQueue 表已存在！
【2022-07-31 19:28:56.486】【INFO】   t_user 表已存在！
【2022-07-31 19:32:15.033】【INFO】   DB_config 配置文件读取成功！
【2022-07-31 19:32:15.059】【INFO】   数据库连接成功！
【2022-07-31 19:32:15.080】【INFO】   t_HotMusic 表已存在！
【2022-07-31 19:32:15.080】【INFO】   t_MusicQueue 表已存在！
【2022-07-31 19:32:15.080】【INFO】   t_user 表已存在！
【2022-07-31 20:00:20.591】【INFO】   DB_config 配置文件读取成功！
【2022-07-31 20:00:20.614】【INFO】   数据库连接成功！
【2022-07-31 20:00:20.636】【INFO】   t_user 表已存在！
【2022-07-31 20:00:20.637】【INFO】   t_HotMusic 表已存在！
【2022-07-31 20:00:20.637】【INFO】   t_MusicQueue 表已存在！
【2022-07-31 20:14:47.558】【INFO】   DB_config 配置文件读取成功！
【2022-07-31 20:14:47.584】【INFO】   数据库连接成功！
【2022-07-31 20:14:47.609】【INFO】   t_MusicQueue 表已存在！
【2022-07-31 20:14:47.609】【INFO】   t_HotMusic 表已存在！
【2022-07-31 20:14:47.609】【INFO】   t_user 表已存在！
【2022-07-31 22:04:34.732】【INFO】   DB_config 配置文件读取成功！
【2022-07-31 22:04:34.762】【INFO】   数据库连接成功！
【2022-07-31 22:04:34.793】【INFO】   t_user 表已存在！
【2022-07-31 22:04:34.793】【INFO】   t_HotMusic 表已存在！
【2022-07-31 22:04:34.793】【INFO】   t_MusicQueue 表已存在！
【2022-07-31 22:04:34.809】【INFO】   t_LikeMusic 数据表创建成功！
【2022-07-31 22:40:37.484】【INFO】   DB_config 配置文件读取成功！
【2022-07-31 22:40:37.530】【INFO】   数据库连接成功！
【2022-07-31 22:40:37.555】【INFO】   t_HotMusic 表已存在！
【2022-07-31 22:40:37.556】【INFO】   t_MusicQueue 表已存在！
【2022-07-31 22:40:37.556】【INFO】   t_user 表已存在！
【2022-07-31 22:40:37.562】【ERROR】  数据库执行错误！(create table dbo.t_LikeMusic(ID           int               not null    identity(1,1)    primary key,musicrid     nvarchar(20)      not null,album        nvarchar(100)     not null,pic120       nvarchar(200)     not null,name         nvarchar(100)     not null,artist       nvarchar(100)     not null,songTimeMinutes         nvarchar(20)      not null,userID       nvarchar(20)      not nulltimestamp    nvarchar(50)      not null)) ==> RequestError: Incorrect syntax near 'nulltimestamp'.
【2022-07-31 22:40:37.562】【ERROR】  t_LikeMusic 数据表创建失败！RequestError: Incorrect syntax near 'nulltimestamp'.
【2022-07-31 22:40:46.402】【INFO】   DB_config 配置文件读取成功！
【2022-07-31 22:40:46.434】【INFO】   数据库连接成功！
【2022-07-31 22:40:46.474】【INFO】   t_user 表已存在！
【2022-07-31 22:40:46.474】【INFO】   t_HotMusic 表已存在！
【2022-07-31 22:40:46.473】【INFO】   t_MusicQueue 表已存在！
【2022-07-31 22:40:46.500】【INFO】   t_LikeMusic 数据表创建成功！
【2022-07-31 23:04:39.707】【INFO】   DB_config 配置文件读取成功！
【2022-07-31 23:04:39.734】【INFO】   数据库连接成功！
【2022-07-31 23:04:39.761】【INFO】   t_HotMusic 表已存在！
【2022-07-31 23:04:39.761】【INFO】   t_MusicQueue 表已存在！
【2022-07-31 23:04:39.761】【INFO】   t_user 表已存在！
【2022-07-31 23:04:39.761】【INFO】   t_LikeMusic 表已存在！
【2022-07-31 23:14:17.389】【INFO】   DB_config 配置文件读取成功！
【2022-07-31 23:14:17.416】【INFO】   数据库连接成功！
【2022-07-31 23:14:17.449】【INFO】   t_HotMusic 表已存在！
【2022-07-31 23:14:17.449】【INFO】   t_MusicQueue 表已存在！
【2022-07-31 23:14:17.449】【INFO】   t_user 表已存在！
【2022-07-31 23:14:17.449】【INFO】   t_LikeMusic 表已存在！
【2022-07-31 23:20:03.804】【INFO】   DB_config 配置文件读取成功！
【2022-07-31 23:20:03.835】【INFO】   数据库连接成功！
【2022-07-31 23:20:03.861】【INFO】   t_MusicQueue 表已存在！
【2022-07-31 23:20:03.861】【INFO】   t_HotMusic 表已存在！
【2022-07-31 23:20:03.861】【INFO】   t_user 表已存在！
【2022-07-31 23:20:03.861】【INFO】   t_LikeMusic 表已存在！
【2022-07-31 23:20:13.395】【ERROR】  数据库执行错误！(UPDATE dbo.t_LikeMusic SET "timestamp = '1659280813389' WHERE "musicrid" = '440613' AND "userID" = '1') ==> RequestError
【2022-07-31 23:21:38.857】【INFO】   DB_config 配置文件读取成功！
【2022-07-31 23:21:38.886】【INFO】   数据库连接成功！
【2022-07-31 23:21:38.916】【INFO】   t_user 表已存在！
【2022-07-31 23:21:38.916】【INFO】   t_MusicQueue 表已存在！
【2022-07-31 23:21:38.916】【INFO】   t_HotMusic 表已存在！
【2022-07-31 23:21:38.917】【INFO】   t_LikeMusic 表已存在！
【2022-07-31 23:23:41.591】【INFO】   DB_config 配置文件读取成功！
【2022-07-31 23:23:41.620】【INFO】   数据库连接成功！
【2022-07-31 23:23:41.647】【INFO】   t_HotMusic 表已存在！
【2022-07-31 23:23:41.647】【INFO】   t_MusicQueue 表已存在！
【2022-07-31 23:23:41.647】【INFO】   t_user 表已存在！
【2022-07-31 23:23:41.647】【INFO】   t_LikeMusic 表已存在！
【2022-07-31 23:24:56.630】【INFO】   DB_config 配置文件读取成功！
【2022-07-31 23:24:56.654】【INFO】   数据库连接成功！
【2022-07-31 23:24:56.684】【INFO】   t_user 表已存在！
【2022-07-31 23:24:56.684】【INFO】   t_HotMusic 表已存在！
【2022-07-31 23:24:56.684】【INFO】   t_LikeMusic 表已存在！
【2022-07-31 23:24:56.684】【INFO】   t_MusicQueue 表已存在！
【2022-07-31 23:25:49.213】【INFO】   DB_config 配置文件读取成功！
【2022-07-31 23:25:49.238】【INFO】   数据库连接成功！
【2022-07-31 23:25:49.265】【INFO】   t_HotMusic 表已存在！
【2022-07-31 23:25:49.265】【INFO】   t_user 表已存在！
【2022-07-31 23:25:49.265】【INFO】   t_LikeMusic 表已存在！
【2022-07-31 23:25:49.265】【INFO】   t_MusicQueue 表已存在！
