【2022-08-09 09:04:11.419】【SQL】 select count(*) from sysobjects where id = object_id('dbo.t_user')
【2022-08-09 09:04:11.419】【SQL】 select count(*) from sysobjects where id = object_id('dbo.t_code')
【2022-08-09 09:04:11.419】【SQL】 select count(*) from sysobjects where id = object_id('dbo.t_HotMusic')
【2022-08-09 09:04:11.419】【SQL】 select count(*) from sysobjects where id = object_id('dbo.t_room')
【2022-08-09 09:04:11.419】【SQL】 select count(*) from sysobjects where id = object_id('dbo.t_LikeMusic')
【2022-08-09 09:04:11.419】【SQL】 select count(*) from sysobjects where id = object_id('dbo.t_MusicQueue')
【2022-08-09 09:04:11.448】【SQL】 create table dbo.t_room(ID              int             not null    identity(1,1)    primary key,masterID        nvarchar(20)    not null,password        nvarchar(200)   not null,signature       nvarchar(1023)  not null,creatTime       datetime        not null,updateTime      datetime            null,)
【2022-08-09 09:07:31.658】【SQL】 select count(*) from sysobjects where id = object_id('dbo.t_user')
【2022-08-09 09:07:31.657】【SQL】 select count(*) from sysobjects where id = object_id('dbo.t_room')
【2022-08-09 09:07:31.658】【SQL】 select count(*) from sysobjects where id = object_id('dbo.t_code')
【2022-08-09 09:07:31.658】【SQL】 select count(*) from sysobjects where id = object_id('dbo.t_HotMusic')
【2022-08-09 09:07:31.658】【SQL】 select count(*) from sysobjects where id = object_id('dbo.t_MusicQueue')
【2022-08-09 09:07:31.658】【SQL】 select count(*) from sysobjects where id = object_id('dbo.t_LikeMusic')
【2022-08-09 09:07:31.696】【SQL】 create table dbo.t_room(ID              int             not null    identity(888,1)    primary key,masterID        nvarchar(20)    not null,password        nvarchar(200)   not null,notice          nvarchar(200)   not null,signature       nvarchar(1023)  not null,creatTime       datetime        not null,updateTime      datetime            null,)
【2022-08-09 09:07:31.700】【SQL】 INSERT INTO dbo.t_room ("masterID", "password", "notice", "signature", "creatTime") VALUES ('1', '0', '测试公告', '房主很懒，没写介绍', '2022-08-09 09:07:31'
【2022-08-09 09:09:26.492】【SQL】 select count(*) from sysobjects where id = object_id('dbo.t_user')
【2022-08-09 09:09:26.492】【SQL】 select count(*) from sysobjects where id = object_id('dbo.t_room')
【2022-08-09 09:09:26.492】【SQL】 select count(*) from sysobjects where id = object_id('dbo.t_HotMusic')
【2022-08-09 09:09:26.492】【SQL】 select count(*) from sysobjects where id = object_id('dbo.t_code')
【2022-08-09 09:09:26.492】【SQL】 select count(*) from sysobjects where id = object_id('dbo.t_LikeMusic')
【2022-08-09 09:09:26.492】【SQL】 select count(*) from sysobjects where id = object_id('dbo.t_MusicQueue')
【2022-08-09 09:09:26.524】【SQL】 create table dbo.t_room(ID              int             not null    identity(888,1)    primary key,masterID        nvarchar(20)    not null,password        nvarchar(200)   not null,notice          nvarchar(200)   not null,signature       nvarchar(1023)  not null,creatTime       datetime        not null,updateTime      datetime            null,)
【2022-08-09 09:09:26.527】【SQL】 INSERT INTO dbo.t_room ("masterID", "password", "notice", "signature", "creatTime") VALUES ('1', '0', '测试公告', '房主很懒，没写介绍', '2022-08-09 09:09:26')
【2022-08-09 09:14:31.650】【SQL】 select count(*) from sysobjects where id = object_id('dbo.t_user')
【2022-08-09 09:14:31.650】【SQL】 select count(*) from sysobjects where id = object_id('dbo.t_code')
【2022-08-09 09:14:31.650】【SQL】 select count(*) from sysobjects where id = object_id('dbo.t_room')
【2022-08-09 09:14:31.650】【SQL】 select count(*) from sysobjects where id = object_id('dbo.t_LikeMusic')
【2022-08-09 09:14:31.650】【SQL】 select count(*) from sysobjects where id = object_id('dbo.t_MusicQueue')
【2022-08-09 09:14:31.650】【SQL】 select count(*) from sysobjects where id = object_id('dbo.t_HotMusic')
【2022-08-09 09:14:31.679】【SQL】 create table dbo.t_room(ID              int             not null    identity(888,1)    primary key,masterID        nvarchar(20)    not null,name            nvarchar(20)    not null,password        nvarchar(200)   not null,notice          nvarchar(200)   not null,signature       nvarchar(1023)  not null,creatTime       datetime        not null,updateTime      datetime            null,)
【2022-08-09 09:14:31.683】【SQL】 INSERT INTO dbo.t_room ("masterID", "name", "password", "notice", "signature", "creatTime") VALUES ('1', 'SunBUG 音乐大厅', '0', '测试公告', '房主很懒，没写介绍', '2022-08-09 09:14:31')
