【2022-08-23 08:36:44.918】【SQL】 select count(*) from sysobjects where id = object_id('dbo.t_user')
【2022-08-23 08:36:44.918】【SQL】 select count(*) from sysobjects where id = object_id('dbo.t_code')
【2022-08-23 08:36:44.918】【SQL】 select count(*) from sysobjects where id = object_id('dbo.t_HotMusic')
【2022-08-23 08:36:44.918】【SQL】 select count(*) from sysobjects where id = object_id('dbo.t_room')
【2022-08-23 08:36:44.918】【SQL】 select count(*) from sysobjects where id = object_id('dbo.t_MusicQueue')
【2022-08-23 08:36:44.918】【SQL】 select count(*) from sysobjects where id = object_id('dbo.t_LikeMusic')
【2022-08-23 08:36:44.918】【SQL】 select count(*) from sysobjects where id = object_id('dbo.t_musicBlackList')
【2022-08-23 08:37:10.730】【SQL】 SELECT TOP 1 * FROM dbo.t_room WHERE ID = '888'
【2022-08-23 08:37:10.750】【SQL】 SELECT username, head, sex, signature FROM dbo.t_user WHERE "UID" = '2'
【2022-08-23 08:37:10.766】【SQL】 SELECT username, UID, head FROM dbo.t_user
【2022-08-23 08:37:10.778】【SQL】 SELECT * FROM dbo.t_MusicQueue WHERE roomID = '888' AND already = 'false'
【2022-08-23 08:37:10.783】【SQL】 SELECT * FROM dbo.t_LikeMusic WHERE userID = '2' ORDER BY timestamp DESC
【2022-08-23 08:37:10.783】【SQL】 SELECT * FROM dbo.t_musicBlackList WHERE room = '888'
【2022-08-23 08:39:54.227】【SQL】 SELECT TOP 1 * FROM dbo.t_room WHERE ID = '888'
【2022-08-23 08:39:54.245】【SQL】 SELECT username, head, sex, signature FROM dbo.t_user WHERE "UID" = '2'
【2022-08-23 08:39:54.258】【SQL】 SELECT username, UID, head FROM dbo.t_user
【2022-08-23 08:39:54.269】【SQL】 SELECT * FROM dbo.t_LikeMusic WHERE userID = '2' ORDER BY timestamp DESC
【2022-08-23 08:39:54.269】【SQL】 SELECT * FROM dbo.t_MusicQueue WHERE roomID = '888' AND already = 'false'
【2022-08-23 08:39:54.274】【SQL】 SELECT * FROM dbo.t_musicBlackList WHERE room = '888'
【2022-08-23 08:43:39.206】【SQL】 SELECT TOP 1 * FROM dbo.t_room WHERE ID = '888'
【2022-08-23 08:43:39.222】【SQL】 SELECT username, head, sex, signature FROM dbo.t_user WHERE "UID" = '2'
【2022-08-23 08:43:39.244】【SQL】 SELECT username, UID, head FROM dbo.t_user
【2022-08-23 08:43:39.252】【SQL】 SELECT * FROM dbo.t_MusicQueue WHERE roomID = '888' AND already = 'false'
【2022-08-23 08:43:39.255】【SQL】 SELECT * FROM dbo.t_musicBlackList WHERE room = '888'
【2022-08-23 08:43:39.255】【SQL】 SELECT * FROM dbo.t_LikeMusic WHERE userID = '2' ORDER BY timestamp DESC
【2022-08-23 08:46:05.404】【SQL】 SELECT TOP 1 * FROM dbo.t_room WHERE ID = '888'
【2022-08-23 08:46:05.426】【SQL】 SELECT username, head, sex, signature FROM dbo.t_user WHERE "UID" = '2'
【2022-08-23 08:46:05.446】【SQL】 SELECT username, UID, head FROM dbo.t_user
【2022-08-23 08:46:05.460】【SQL】 SELECT * FROM dbo.t_MusicQueue WHERE roomID = '888' AND already = 'false'
【2022-08-23 08:46:05.463】【SQL】 SELECT * FROM dbo.t_musicBlackList WHERE room = '888'
【2022-08-23 08:46:05.463】【SQL】 SELECT * FROM dbo.t_LikeMusic WHERE userID = '2' ORDER BY timestamp DESC
【2022-08-23 09:12:19.383】【SQL】 SELECT TOP 1 * FROM dbo.t_room WHERE ID = '888'
【2022-08-23 09:12:19.398】【SQL】 SELECT username, head, sex, signature FROM dbo.t_user WHERE "UID" = '2'
【2022-08-23 09:12:19.418】【SQL】 SELECT username, UID, head FROM dbo.t_user
【2022-08-23 09:12:19.426】【SQL】 SELECT * FROM dbo.t_MusicQueue WHERE roomID = '888' AND already = 'false'
【2022-08-23 09:12:19.432】【SQL】 SELECT * FROM dbo.t_LikeMusic WHERE userID = '2' ORDER BY timestamp DESC
【2022-08-23 09:12:19.432】【SQL】 SELECT * FROM dbo.t_musicBlackList WHERE room = '888'
【2022-08-23 09:13:27.518】【SQL】 SELECT TOP 1 * FROM dbo.t_room WHERE ID = '888'
【2022-08-23 09:13:27.532】【SQL】 SELECT username, head, sex, signature FROM dbo.t_user WHERE "UID" = '2'
【2022-08-23 09:13:27.550】【SQL】 SELECT username, UID, head FROM dbo.t_user
【2022-08-23 09:13:27.557】【SQL】 SELECT * FROM dbo.t_MusicQueue WHERE roomID = '888' AND already = 'false'
【2022-08-23 09:13:27.559】【SQL】 SELECT * FROM dbo.t_LikeMusic WHERE userID = '2' ORDER BY timestamp DESC
【2022-08-23 09:13:27.560】【SQL】 SELECT * FROM dbo.t_musicBlackList WHERE room = '888'
【2022-08-23 09:13:54.886】【SQL】 SELECT TOP 1 * FROM dbo.t_room WHERE ID = '888'
【2022-08-23 09:13:54.902】【SQL】 SELECT username, head, sex, signature FROM dbo.t_user WHERE "UID" = '2'
【2022-08-23 09:13:54.923】【SQL】 SELECT username, UID, head FROM dbo.t_user
【2022-08-23 09:13:54.926】【SQL】 SELECT * FROM dbo.t_MusicQueue WHERE roomID = '888' AND already = 'false'
【2022-08-23 09:13:54.929】【SQL】 SELECT * FROM dbo.t_LikeMusic WHERE userID = '2' ORDER BY timestamp DESC
【2022-08-23 09:13:54.931】【SQL】 SELECT * FROM dbo.t_musicBlackList WHERE room = '888'
【2022-08-23 09:14:26.957】【SQL】 SELECT TOP 1 * FROM dbo.t_room WHERE ID = '888'
【2022-08-23 09:14:26.972】【SQL】 SELECT username, head, sex, signature FROM dbo.t_user WHERE "UID" = '2'
【2022-08-23 09:14:26.994】【SQL】 SELECT username, UID, head FROM dbo.t_user
【2022-08-23 09:14:26.998】【SQL】 SELECT * FROM dbo.t_MusicQueue WHERE roomID = '888' AND already = 'false'
【2022-08-23 09:14:27.006】【SQL】 SELECT * FROM dbo.t_musicBlackList WHERE room = '888'
【2022-08-23 09:14:27.006】【SQL】 SELECT * FROM dbo.t_LikeMusic WHERE userID = '2' ORDER BY timestamp DESC
【2022-08-23 09:16:59.394】【SQL】 SELECT TOP 1 * FROM dbo.t_room WHERE ID = '888'
【2022-08-23 09:16:59.409】【SQL】 SELECT username, head, sex, signature FROM dbo.t_user WHERE "UID" = '2'
【2022-08-23 09:16:59.428】【SQL】 SELECT username, UID, head FROM dbo.t_user
【2022-08-23 09:16:59.431】【SQL】 SELECT * FROM dbo.t_MusicQueue WHERE roomID = '888' AND already = 'false'
【2022-08-23 09:16:59.438】【SQL】 SELECT * FROM dbo.t_LikeMusic WHERE userID = '2' ORDER BY timestamp DESC
【2022-08-23 09:16:59.439】【SQL】 SELECT * FROM dbo.t_musicBlackList WHERE room = '888'
【2022-08-23 09:17:46.764】【SQL】 SELECT TOP 1 * FROM dbo.t_room WHERE ID = '888'
【2022-08-23 09:17:46.783】【SQL】 SELECT username, head, sex, signature FROM dbo.t_user WHERE "UID" = '2'
【2022-08-23 09:17:46.802】【SQL】 SELECT username, UID, head FROM dbo.t_user
【2022-08-23 09:17:46.804】【SQL】 SELECT * FROM dbo.t_MusicQueue WHERE roomID = '888' AND already = 'false'
【2022-08-23 09:17:46.811】【SQL】 SELECT * FROM dbo.t_musicBlackList WHERE room = '888'
【2022-08-23 09:17:46.811】【SQL】 SELECT * FROM dbo.t_LikeMusic WHERE userID = '2' ORDER BY timestamp DESC
【2022-08-23 09:17:49.541】【SQL】 SELECT TOP 1 * FROM dbo.t_room WHERE ID = 'undefined'
【2022-08-23 09:17:51.026】【SQL】 SELECT TOP 1 * FROM dbo.t_room WHERE ID = '888'
【2022-08-23 09:17:51.036】【SQL】 SELECT username, head, sex, signature FROM dbo.t_user WHERE "UID" = '2'
【2022-08-23 09:17:51.056】【SQL】 SELECT * FROM dbo.t_MusicQueue WHERE roomID = '888' AND already = 'false'
【2022-08-23 09:17:51.056】【SQL】 SELECT username, UID, head FROM dbo.t_user
【2022-08-23 09:17:51.056】【SQL】 SELECT * FROM dbo.t_LikeMusic WHERE userID = '2' ORDER BY timestamp DESC
【2022-08-23 09:17:51.060】【SQL】 SELECT * FROM dbo.t_musicBlackList WHERE room = '888'
【2022-08-23 09:17:54.065】【SQL】 SELECT TOP 1 * FROM dbo.t_room WHERE ID = 'undefined'
【2022-08-23 09:17:57.037】【SQL】 SELECT TOP 1 * FROM dbo.t_room WHERE ID = '888'
【2022-08-23 09:17:57.053】【SQL】 SELECT username, head, sex, signature FROM dbo.t_user WHERE "UID" = '2'
【2022-08-23 09:17:57.069】【SQL】 SELECT username, UID, head FROM dbo.t_user
【2022-08-23 09:17:57.076】【SQL】 SELECT * FROM dbo.t_MusicQueue WHERE roomID = '888' AND already = 'false'
【2022-08-23 09:17:57.077】【SQL】 SELECT * FROM dbo.t_LikeMusic WHERE userID = '2' ORDER BY timestamp DESC
【2022-08-23 09:17:57.079】【SQL】 SELECT * FROM dbo.t_musicBlackList WHERE room = '888'
【2022-08-23 09:18:43.451】【SQL】 SELECT TOP 1 * FROM dbo.t_room WHERE ID = '888'
【2022-08-23 09:18:43.466】【SQL】 SELECT username, head, sex, signature FROM dbo.t_user WHERE "UID" = '2'
【2022-08-23 09:18:43.480】【SQL】 SELECT username, UID, head FROM dbo.t_user
【2022-08-23 09:18:43.487】【SQL】 SELECT * FROM dbo.t_LikeMusic WHERE userID = '2' ORDER BY timestamp DESC
【2022-08-23 09:18:43.487】【SQL】 SELECT * FROM dbo.t_MusicQueue WHERE roomID = '888' AND already = 'false'
【2022-08-23 09:18:43.490】【SQL】 SELECT * FROM dbo.t_musicBlackList WHERE room = '888'
【2022-08-23 09:19:47.824】【SQL】 SELECT TOP 1 * FROM dbo.t_room WHERE ID = '888'
【2022-08-23 09:19:47.875】【SQL】 SELECT username, head, sex, signature FROM dbo.t_user WHERE "UID" = '2'
【2022-08-23 09:19:47.897】【SQL】 SELECT username, UID, head FROM dbo.t_user
【2022-08-23 09:19:47.901】【SQL】 SELECT * FROM dbo.t_MusicQueue WHERE roomID = '888' AND already = 'false'
【2022-08-23 09:19:47.907】【SQL】 SELECT * FROM dbo.t_LikeMusic WHERE userID = '2' ORDER BY timestamp DESC
【2022-08-23 09:19:47.909】【SQL】 SELECT * FROM dbo.t_musicBlackList WHERE room = '888'
【2022-08-23 09:20:23.143】【SQL】 SELECT TOP 1 * FROM dbo.t_room WHERE ID = '888'
【2022-08-23 09:20:23.162】【SQL】 SELECT username, head, sex, signature FROM dbo.t_user WHERE "UID" = '2'
【2022-08-23 09:20:23.184】【SQL】 SELECT username, UID, head FROM dbo.t_user
【2022-08-23 09:20:23.192】【SQL】 SELECT * FROM dbo.t_MusicQueue WHERE roomID = '888' AND already = 'false'
【2022-08-23 09:20:23.196】【SQL】 SELECT * FROM dbo.t_LikeMusic WHERE userID = '2' ORDER BY timestamp DESC
【2022-08-23 09:20:23.197】【SQL】 SELECT * FROM dbo.t_musicBlackList WHERE room = '888'
【2022-08-23 09:24:12.443】【SQL】 SELECT TOP 1 * FROM dbo.t_room WHERE ID = '888'
【2022-08-23 09:24:12.458】【SQL】 SELECT username, head, sex, signature FROM dbo.t_user WHERE "UID" = '2'
【2022-08-23 09:24:12.479】【SQL】 SELECT username, UID, head FROM dbo.t_user
【2022-08-23 09:24:12.489】【SQL】 SELECT * FROM dbo.t_MusicQueue WHERE roomID = '888' AND already = 'false'
【2022-08-23 09:24:12.492】【SQL】 SELECT * FROM dbo.t_LikeMusic WHERE userID = '2' ORDER BY timestamp DESC
【2022-08-23 09:24:12.492】【SQL】 SELECT * FROM dbo.t_musicBlackList WHERE room = '888'
【2022-08-23 09:24:33.452】【SQL】 SELECT TOP 1 * FROM dbo.t_room WHERE ID = '888'
【2022-08-23 09:24:33.464】【SQL】 SELECT username, head, sex, signature FROM dbo.t_user WHERE "UID" = '2'
【2022-08-23 09:24:33.476】【SQL】 SELECT username, UID, head FROM dbo.t_user
【2022-08-23 09:24:33.479】【SQL】 SELECT * FROM dbo.t_MusicQueue WHERE roomID = '888' AND already = 'false'
【2022-08-23 09:24:33.484】【SQL】 SELECT * FROM dbo.t_musicBlackList WHERE room = '888'
【2022-08-23 09:24:33.484】【SQL】 SELECT * FROM dbo.t_LikeMusic WHERE userID = '2' ORDER BY timestamp DESC
【2022-08-23 09:26:11.967】【SQL】 SELECT TOP 1 * FROM dbo.t_room WHERE ID = '888'
【2022-08-23 09:26:11.984】【SQL】 SELECT username, head, sex, signature FROM dbo.t_user WHERE "UID" = '2'
【2022-08-23 09:26:12.000】【SQL】 SELECT username, UID, head FROM dbo.t_user
【2022-08-23 09:26:12.009】【SQL】 SELECT * FROM dbo.t_MusicQueue WHERE roomID = '888' AND already = 'false'
【2022-08-23 09:26:12.012】【SQL】 SELECT * FROM dbo.t_LikeMusic WHERE userID = '2' ORDER BY timestamp DESC
【2022-08-23 09:26:12.014】【SQL】 SELECT * FROM dbo.t_musicBlackList WHERE room = '888'
【2022-08-23 09:26:41.134】【SQL】 SELECT TOP 1 * FROM dbo.t_room WHERE ID = '888'
【2022-08-23 09:26:41.152】【SQL】 SELECT username, head, sex, signature FROM dbo.t_user WHERE "UID" = '2'
【2022-08-23 09:26:41.172】【SQL】 SELECT username, UID, head FROM dbo.t_user
【2022-08-23 09:26:41.178】【SQL】 SELECT * FROM dbo.t_MusicQueue WHERE roomID = '888' AND already = 'false'
【2022-08-23 09:26:41.187】【SQL】 SELECT * FROM dbo.t_LikeMusic WHERE userID = '2' ORDER BY timestamp DESC
【2022-08-23 09:26:41.187】【SQL】 SELECT * FROM dbo.t_musicBlackList WHERE room = '888'
【2022-08-23 09:26:45.490】【SQL】 SELECT TOP 1 * FROM dbo.t_room WHERE ID = '888'
【2022-08-23 09:26:45.501】【SQL】 SELECT username, head, sex, signature FROM dbo.t_user WHERE "UID" = '2'
【2022-08-23 09:26:45.519】【SQL】 SELECT username, UID, head FROM dbo.t_user
【2022-08-23 09:26:45.522】【SQL】 SELECT * FROM dbo.t_LikeMusic WHERE userID = '2' ORDER BY timestamp DESC
【2022-08-23 09:26:45.522】【SQL】 SELECT * FROM dbo.t_MusicQueue WHERE roomID = '888' AND already = 'false'
【2022-08-23 09:26:45.522】【SQL】 SELECT * FROM dbo.t_musicBlackList WHERE room = '888'
【2022-08-23 09:28:00.463】【SQL】 SELECT TOP 1 * FROM dbo.t_room WHERE ID = '888'
【2022-08-23 09:28:00.484】【SQL】 SELECT username, head, sex, signature FROM dbo.t_user WHERE "UID" = '2'
【2022-08-23 09:28:00.508】【SQL】 SELECT username, UID, head FROM dbo.t_user
【2022-08-23 09:28:00.518】【SQL】 SELECT * FROM dbo.t_MusicQueue WHERE roomID = '888' AND already = 'false'
【2022-08-23 09:28:00.518】【SQL】 SELECT * FROM dbo.t_musicBlackList WHERE room = '888'
【2022-08-23 09:28:00.518】【SQL】 SELECT * FROM dbo.t_LikeMusic WHERE userID = '2' ORDER BY timestamp DESC
【2022-08-23 09:41:12.710】【SQL】 select count(*) from sysobjects where id = object_id('dbo.t_user')
【2022-08-23 09:41:12.710】【SQL】 select count(*) from sysobjects where id = object_id('dbo.t_code')
【2022-08-23 09:41:12.710】【SQL】 select count(*) from sysobjects where id = object_id('dbo.t_HotMusic')
【2022-08-23 09:41:12.710】【SQL】 select count(*) from sysobjects where id = object_id('dbo.t_room')
【2022-08-23 09:41:12.710】【SQL】 select count(*) from sysobjects where id = object_id('dbo.t_MusicQueue')
【2022-08-23 09:41:12.710】【SQL】 select count(*) from sysobjects where id = object_id('dbo.t_LikeMusic')
【2022-08-23 09:41:12.710】【SQL】 select count(*) from sysobjects where id = object_id('dbo.t_musicBlackList')
【2022-08-23 09:41:19.084】【SQL】 SELECT TOP 1 * FROM dbo.t_room WHERE ID = '888'
【2022-08-23 09:41:19.101】【SQL】 SELECT username, head, sex, signature, roomID FROM dbo.t_user WHERE "UID" = '2'
【2022-08-23 09:41:19.124】【SQL】 SELECT username, UID, head FROM dbo.t_user
【2022-08-23 09:41:19.133】【SQL】 SELECT * FROM dbo.t_LikeMusic WHERE userID = '2' ORDER BY timestamp DESC
【2022-08-23 09:41:19.133】【SQL】 SELECT * FROM dbo.t_MusicQueue WHERE roomID = '888' AND already = 'false'
【2022-08-23 09:41:19.137】【SQL】 SELECT * FROM dbo.t_musicBlackList WHERE room = '888'
【2022-08-23 09:41:44.555】【SQL】 SELECT TOP 1 * FROM dbo.t_room WHERE ID = '10002'
【2022-08-23 09:41:46.815】【SQL】 SELECT TOP 1 * FROM dbo.t_room WHERE ID = '888'
【2022-08-23 09:41:46.831】【SQL】 SELECT username, head, sex, signature, roomID FROM dbo.t_user WHERE "UID" = '2'
【2022-08-23 09:41:46.849】【SQL】 SELECT username, UID, head FROM dbo.t_user
【2022-08-23 09:41:46.856】【SQL】 SELECT * FROM dbo.t_MusicQueue WHERE roomID = '888' AND already = 'false'
【2022-08-23 09:41:46.858】【SQL】 SELECT * FROM dbo.t_musicBlackList WHERE room = '888'
【2022-08-23 09:41:46.858】【SQL】 SELECT * FROM dbo.t_LikeMusic WHERE userID = '2' ORDER BY timestamp DESC
【2022-08-23 10:01:00.759】【SQL】 INSERT INTO dbo.t_HotMusic ("musicrid", "album", "pic120", "name", "artist", "date", "songTimeMinutes") VALUES ('324244', '我很忙', 'http://img2.kuwo.cn/star/albumcover/120/7/83/4087363627.jpg', '青花瓷', '周杰伦', '2022/08/23', '03:57'),('198554068', '孤勇者', 'http://img3.kuwo.cn/star/albumcover/120/49/79/1011385325.jpg', '孤勇者', '陈奕迅', '2022/08/23', '04:16'),('94237', '七里香', 'http://img2.kuwo.cn/star/albumcover/120/30/97/4276557883.jpg', '七里香', '周杰伦', '2022/08/23', '04:58'),('215613356', '小城夏天', 'http://img3.kuwo.cn/star/albumcover/120/58/74/2885095875.jpg', '小城夏天', 'LBI利比', '2022/08/23', '02:53'),('215257', 'Jay', 'http://img3.kuwo.cn/star/albumcover/120/81/79/2995200746.jpg', '反方向的钟', '周杰伦', '2022/08/23', '04:18'),('7149583', '周杰伦的床边故事', 'http://img2.kuwo.cn/star/albumcover/120/64/39/3540704654.jpg', '告白气球', '周杰伦', '2022/08/23', '03:35'),('1108461', '说到爱', 'http://img4.kuwo.cn/star/albumcover/120/44/57/2736590737.jpg', 'Letting Go', '蔡健雅', '2022/08/23', '04:23'),('5886682', '乐与怒', 'http://img1.kuwo.cn/star/albumcover/120/28/42/1776247091.jpg', '海阔天空', 'Beyond', '2022/08/23', '05:24'),('89622', '爱你', 'http://img3.kuwo.cn/star/albumcover/120/0/91/1985244086.jpg', '爱你', '王心凌', '2022/08/23', '03:39'),('440614', '魔杰座', 'http://img3.kuwo.cn/star/albumcover/120/72/44/3648126291.jpg', '给我一首歌的时间', '周杰伦', '2022/08/23', '04:14'),('203818448', '妈妈的话', 'http://img2.kuwo.cn/star/albumcover/120/48/33/2639270523.jpg', '妈妈的话', 'Zyboy忠宇', '2022/08/23', '02:50'),('6871880', 'J III MP3 Player', 'http://img1.kuwo.cn/star/albumcover/120/16/62/33829994.jpg', '一路向北', '周杰伦', '2022/08/23', '04:54'),('450444', '若你碰到他', 'http://img4.kuwo.cn/star/albumcover/120/24/38/3554114826.jpg', '红色高跟鞋', '蔡健雅', '2022/08/23', '03:28'),('138243', '依然范特西', 'http://img3.kuwo.cn/star/albumcover/120/45/96/3463817628.jpg', '听妈妈的话', '周杰伦', '2022/08/23', '04:24'),('156522', '范特西', 'http://img4.kuwo.cn/star/albumcover/120/39/0/1272200948.jpg', '简单爱', '周杰伦', '2022/08/23', '04:30'),('118987', '十一月的萧邦', 'http://img3.kuwo.cn/star/albumcover/120/32/88/1567952196.jpg', '枫', '周杰伦', '2022/08/23', '04:37'),('27101590', '明日之子 第7期', 'http://img3.kuwo.cn/star/albumcover/120/38/19/862253788.jpg', '消愁(Live)', '毛不易', '2022/08/23', '02:59'),('324243', '我很忙', 'http://img2.kuwo.cn/star/albumcover/120/7/83/4087363627.jpg', '蒲公英的约定', '周杰伦', '2022/08/23', '04:06'),('220741299', '堕', 'http://img1.kuwo.cn/star/albumcover/120/52/42/542480104.jpg', '堕', 'Zyboy忠宇', '2022/08/23', '03:03'),('149121488', '起风了', 'http://img2.kuwo.cn/star/albumcover/120/99/76/1363479957.jpg', '起风了', '周深', '2022/08/23', '05:11'),('228770810', '对你说', 'http://img4.kuwo.cn/star/albumcover/120/58/33/3231164701.jpg', '对你说', '半吨兄弟', '2022/08/23', '04:04'),('3244328', '因你 而在', 'http://img3.kuwo.cn/star/albumcover/120/95/98/377962709.jpg', '修炼爱情', '林俊杰', '2022/08/23', '04:47'),('728677', '跨时代', 'http://img2.kuwo.cn/star/albumcover/120/98/24/205164915.jpg', '烟花易冷', '周杰伦', '2022/08/23', '04:22'),('27485797', '明日之子 第8期', 'http://img3.kuwo.cn/star/albumcover/120/97/70/3424064901.jpg', '像我这样的人(Live)', '毛不易', '2022/08/23', '02:51'),('225785286', '玫瑰凭证', 'http://img4.kuwo.cn/star/albumcover/120/65/89/2489271996.jpg', '给你一瓶魔法药水', '告五人', '2022/08/23', '04:18'),('237910', '每一刻都是崭新的', 'http://img2.kuwo.cn/star/albumcover/120/77/44/2401867542.jpg', '曾经的你', '许巍', '2022/08/23', '04:20'),('118990', '十一月的萧邦', 'http://img3.kuwo.cn/star/albumcover/120/32/88/1567952196.jpg', '发如雪', '周杰伦', '2022/08/23', '05:00'),('228907', '依然范特西', 'http://img3.kuwo.cn/star/albumcover/120/45/96/3463817628.jpg', '夜的第七章', '周杰伦&潘儿', '2022/08/23', '03:48'),('222265420', '爱似水仙', 'http://img2.kuwo.cn/star/albumcover/120/59/59/2215995492.jpg', '爱似水仙(合唱版)', '张茜&半吨兄弟', '2022/08/23', '03:56'),('6182865', '新地球 - 人 (Special Edition)', 'http://img1.kuwo.cn/star/albumcover/120/25/92/3808212249.jpg', '可惜没如果', '林俊杰', '2022/08/23', '04:58')
【2022-08-23 10:02:00.353】【SQL】 INSERT INTO dbo.t_HotMusic ("musicrid", "album", "pic120", "name", "artist", "date", "songTimeMinutes") VALUES ('228908', '叶惠美', 'http://img2.kuwo.cn/star/albumcover/120/64/96/2266534336.jpg', '晴天', '周杰伦', '2022/08/23', '04:29'),('268702', '霍元甲', 'http://img1.kuwo.cn/star/albumcover/120/3/45/663216276.jpg', '霍元甲', '周杰伦', '2022/08/23', '04:36'),('162582615', '一路生花', 'http://img2.kuwo.cn/star/albumcover/120/85/30/3871462838.jpg', '一路生花', '温奕心', '2022/08/23', '04:16'),('230356506', '长大成人', 'http://img4.kuwo.cn/star/albumcover/120/46/42/2683335012.jpg', '长大成人', '范茹', '2022/08/23', '03:36'),('156483846', '踏山河', 'http://img1.kuwo.cn/star/albumcover/120/0/11/759002399.jpg', '踏山河', '七叔（叶泽浩）', '2022/08/23', '02:48'),('6125731', '新地球 - 人 (Special Edition)', 'http://img1.kuwo.cn/star/albumcover/120/25/92/3808212249.jpg', '新地球', '林俊杰', '2022/08/23', '04:37'),('224613401', '后来的你在哪', 'http://img2.kuwo.cn/star/albumcover/120/50/1/2064945719.jpg', '后来的你在哪', '树泽', '2022/08/23', '03:18'),('588552', '范特西', 'http://img4.kuwo.cn/star/albumcover/120/39/0/1272200948.jpg', '爱在西元前', '周杰伦', '2022/08/23', '03:54'),('193290598', '如愿', 'http://img3.kuwo.cn/star/albumcover/120/15/57/2715116001.jpg', '如愿', '王菲', '2022/08/23', '04:25'),('3195905', '十二新作', 'http://img2.kuwo.cn/star/albumcover/120/59/22/1713105199.jpg', '红尘客栈', '周杰伦', '2022/08/23', '04:35'),('4542834', '天外飞仙 电视原声带', 'http://img1.kuwo.cn/star/albumcover/120/92/40/2174591698.jpg', '千年泪', 'Tank', '2022/08/23', '04:20'),('440616', '魔杰座', 'http://img3.kuwo.cn/star/albumcover/120/72/44/3648126291.jpg', '兰亭序', '周杰伦', '2022/08/23', '04:13'),('118983', '十一月的萧邦', 'http://img3.kuwo.cn/star/albumcover/120/32/88/1567952196.jpg', '珊瑚海', '周杰伦&Lara梁心颐', '2022/08/23', '04:16'),('219458769', '三生三幸', 'http://img3.kuwo.cn/star/albumcover/120/42/39/1896312215.jpg', '三生三幸', '海来阿木', '2022/08/23', '04:36'),('38621089', '体面', 'http://img1.kuwo.cn/star/albumcover/120/1/11/2397455203.jpg', '体面', '于文文', '2022/08/23', '04:42'),('125802', '曹操', 'http://img1.kuwo.cn/star/albumcover/120/94/84/1047592832.jpg', '曹操', '林俊杰', '2022/08/23', '04:02'),('59141878', '缘定今生', 'http://img1.kuwo.cn/star/albumcover/120/35/88/531071245.jpg', '我的楼兰', '云朵', '2022/08/23', '05:29'),('440613', '魔杰座', 'http://img3.kuwo.cn/star/albumcover/120/72/44/3648126291.jpg', '稻香', '周杰伦', '2022/08/23', '03:43'),('218453668', '樱花树下的约定', 'http://img3.kuwo.cn/star/albumcover/120/16/13/869267863.jpg', '樱花树下的约定（完整版）', '旺仔小乔', '2022/08/23', '02:57'),('118980', '十一月的萧邦', 'http://img3.kuwo.cn/star/albumcover/120/32/88/1567952196.jpg', '夜曲', '周杰伦', '2022/08/23', '03:46'),('142801', '偏偏喜欢你', 'http://img4.kuwo.cn/star/albumcover/120/35/68/263923441.jpg', '偏偏喜欢你', '陈百强', '2022/08/23', '03:30'),('322610', '大海', 'http://img1.kuwo.cn/star/albumcover/120/76/93/3983209456.jpg', '大海', '张雨生', '2022/08/23', '04:39'),('40900353', '老男孩 电视剧原声带', 'http://img1.kuwo.cn/star/albumcover/120/84/89/4273297063.jpg', '牧马城市', '毛不易', '2022/08/23', '04:18'),('33849066', '猎户星座实体CD版', 'http://img4.kuwo.cn/star/albumcover/120/68/69/2985138734.jpg', '平凡之路', '朴树', '2022/08/23', '05:01'),('219152692', 'See Tình (Speed Up Version)', 'http://img3.kuwo.cn/star/albumcover/120/81/25/2214156368.jpg', 'See Tình (Speed Up Version)', 'Hoang Thuy Linh', '2022/08/23', '02:22'),('162169278', '星辰大海', 'http://img3.kuwo.cn/star/albumcover/120/13/26/3224659704.jpg', '星辰大海', '黄霄雲', '2022/08/23', '03:27'),('165923393', '哪里都是你', 'http://img3.kuwo.cn/star/albumcover/120/32/93/1692930529.jpg', '哪里都是你', '队长', '2022/08/23', '03:42'),('235497', '八度空间', 'http://img3.kuwo.cn/star/albumcover/120/90/1/611598888.jpg', '暗号', '周杰伦', '2022/08/23', '04:31'),('220533800', '等不来花开', 'http://img2.kuwo.cn/star/albumcover/120/25/83/3711164949.jpg', '等不来花开', 'pro', '2022/08/23', '02:32'),('188393454', '黑桃A', 'http://img1.kuwo.cn/star/albumcover/120/44/65/4051418373.jpg', '黑桃A', 'DJ小鱼儿', '2022/08/23', '03:00')
【2022-08-23 10:03:00.332】【SQL】 INSERT INTO dbo.t_HotMusic ("musicrid", "album", "pic120", "name", "artist", "date", "songTimeMinutes") VALUES ('36290894', 'So Far Away', 'http://img1.kuwo.cn/star/albumcover/120/67/0/2275517451.jpg', 'So Far Away', 'Martin Garrix&David Guetta&Jamie Scott&Romy Dya', '2022/08/23', '03:03'),('232310330', '平凡日子里的挣扎', 'http://img1.kuwo.cn/star/albumcover/120/12/43/3941512639.jpg', '平凡日子里的挣扎', '曾抖抖', '2022/08/23', '03:23'),('77161723', '最远的你是我最近的爱', 'http://img2.kuwo.cn/star/albumcover/120/41/39/3214829767.jpg', '最远的你是我最近的爱', '小阿枫', '2022/08/23', '02:16'),('177504089', '半生雪', 'http://img2.kuwo.cn/star/albumcover/120/64/22/1839376303.jpg', '半生雪', '七叔（叶泽浩）', '2022/08/23', '02:56'),('225643970', '再见Monica', 'http://img1.kuwo.cn/star/albumcover/120/92/69/19292127.jpg', '再见莫妮卡（新版）', '晓悠', '2022/08/23', '02:25'),('215529453', '曲中人', 'http://img2.kuwo.cn/star/albumcover/120/17/58/4203763982.jpg', '曲中人', '安儿陈', '2022/08/23', '03:42'),('211665500', '就忘了吧', 'http://img2.kuwo.cn/star/albumcover/120/55/21/252692141.jpg', '就忘了吧', '1K', '2022/08/23', '03:23'),('68481158', '你笑起来真好看', 'http://img4.kuwo.cn/star/albumcover/120/40/5/1909138580.jpg', '你笑起来真好看', '李昕融&樊桐舟&李凯稠', '2022/08/23', '02:52'),('140897945', '破茧', 'http://img3.kuwo.cn/star/albumcover/120/15/10/12649691.jpg', '破茧', '张韶涵', '2022/08/23', '03:31'),('214344497', '剑魂 (鱼多余DJ版)', 'http://img4.kuwo.cn/star/albumcover/120/81/35/3873355045.jpg', '剑魂(鱼多余DJ版)', '鱼多余', '2022/08/23', '02:56'),('150602055', '听闻远方有你', 'http://img3.kuwo.cn/star/albumcover/120/4/94/2309969825.jpg', '听闻远方有你', '刘艺雯', '2022/08/23', '04:19'),('440615', '魔杰座', 'http://img3.kuwo.cn/star/albumcover/120/72/44/3648126291.jpg', '花海', '周杰伦', '2022/08/23', '04:24'),('176704915', '这世界那么多人', 'http://img1.kuwo.cn/star/albumcover/120/36/95/3659539568.jpg', '这世界那么多人', '莫文蔚', '2022/08/23', '04:45'),('153495578', '三生石下', 'http://img3.kuwo.cn/star/albumcover/120/72/2/703758820.jpg', '三生石下', '大欢', '2022/08/23', '04:23'),('172577032', '长歌行 电视剧原声带', 'http://img4.kuwo.cn/star/albumcover/120/70/7/552347868.jpg', '光的方向', '张碧晨', '2022/08/23', '03:05'),('217710574', '旧梦', 'http://img4.kuwo.cn/star/albumcover/120/98/24/2430824662.jpg', '旧梦(DJ默涵版)', '刘晓超', '2022/08/23', '03:03'),('89626', '爱你', 'http://img3.kuwo.cn/star/albumcover/120/0/91/1985244086.jpg', '第一次爱的人', '王心凌', '2022/08/23', '03:53'),('1120967', '学不会', 'http://img2.kuwo.cn/star/albumcover/120/61/84/3809260188.jpg', '那些你很冒险的梦', '林俊杰', '2022/08/23', '04:05'),('320058', 'Shall We Dance? Shall We Talk!', 'http://img2.kuwo.cn/star/albumcover/120/52/60/2059257085.jpg', '单车', '陈奕迅', '2022/08/23', '03:30'),('329669', '真永远', 'http://img3.kuwo.cn/star/albumcover/120/42/58/1708371785.jpg', '今天', '刘德华', '2022/08/23', '03:49'),('228912', '依然范特西', 'http://img3.kuwo.cn/star/albumcover/120/45/96/3463817628.jpg', '本草纲目', '周杰伦', '2022/08/23', '03:31'),('6692662', '放过自己', 'http://img1.kuwo.cn/star/albumcover/120/7/72/2366237291.jpg', '再见只是陌生人', '庄心妍', '2022/08/23', '04:11'),('169744', '唱游', 'http://img3.kuwo.cn/star/albumcover/120/70/67/4287696459.jpg', '红豆', '王菲', '2022/08/23', '04:17'),('225801083', '我来人间一趟(DJ默涵版)', 'http://img1.kuwo.cn/star/albumcover/120/58/68/3000192326.jpg', '我来人间一趟(DJ默涵版)', '魏佳艺', '2022/08/23', '03:19'),('15249349', '三生三世十里桃花 电视剧原声专辑', 'http://img2.kuwo.cn/star/albumcover/120/28/12/874556770.jpg', '凉凉', '杨宗纬&张碧晨', '2022/08/23', '05:33'),('6307329', '新的心跳', 'http://img4.kuwo.cn/star/albumcover/120/82/19/631947701.jpg', '多远都要在一起', 'G.E.M.邓紫棋', '2022/08/23', '03:37'),('216929788', '太想念', 'http://img1.kuwo.cn/star/albumcover/120/96/9/2875988501.jpg', '太想念(DJ阿卓版)', '豆包', '2022/08/23', '03:06'),('838765', '包容', 'http://img2.kuwo.cn/star/albumcover/120/17/85/2008224234.jpg', '包容', '郑源', '2022/08/23', '04:23'),('226692734', '在你的身边（0.8x）', 'http://img2.kuwo.cn/star/albumcover/120/11/23/3561878151.jpg', '在你的身边（0.8x）', '慢热的气球', '2022/08/23', '05:22'),('438658', 'JJ陆', 'http://img3.kuwo.cn/star/albumcover/120/12/41/1733372010.jpg', '醉赤壁', '林俊杰', '2022/08/23', '04:41')
【2022-08-23 10:04:00.451】【SQL】 INSERT INTO dbo.t_HotMusic ("musicrid", "album", "pic120", "name", "artist", "date", "songTimeMinutes") VALUES ('7095195', '大鱼', 'http://img2.kuwo.cn/star/albumcover/120/65/1/1261222476.jpg', '大鱼', '周深', '2022/08/23', '05:13'),('324249', '我很忙', 'http://img2.kuwo.cn/star/albumcover/120/7/83/4087363627.jpg', '最长的电影', '周杰伦', '2022/08/23', '03:55'),('6192858', '新地球 - 人 (Special Edition)', 'http://img1.kuwo.cn/star/albumcover/120/25/92/3808212249.jpg', '手心的蔷薇', '林俊杰&G.E.M.邓紫棋', '2022/08/23', '04:40'),('442549', 'JJ陆', 'http://img3.kuwo.cn/star/albumcover/120/12/41/1733372010.jpg', '不潮不用花钱', '林俊杰', '2022/08/23', '03:55'),('218453855', '耍把戏', 'http://img1.kuwo.cn/star/albumcover/120/7/54/3077944748.jpg', '耍把戏', '阿禹ayy', '2022/08/23', '03:27'),('392927', '不能说的秘密 电影原声带', 'http://img4.kuwo.cn/star/albumcover/120/76/77/2319582269.jpg', '不能说的秘密', '周杰伦', '2022/08/23', '04:56'),('77861', '忘了你‧忘了我', 'http://img1.kuwo.cn/star/albumcover/120/20/47/836307178.jpg', '忘了你忘了我', '王杰', '2022/08/23', '04:39'),('217339340', '晚风作酒', 'http://img1.kuwo.cn/star/albumcover/120/14/8/954758834.jpg', '晚风作酒', '三楠', '2022/08/23', '03:06'),('234802157', 'Pink Venom', 'http://img3.kuwo.cn/star/albumcover/120/4/34/4226071307.jpg', 'Pink Venom', 'BLACKPINK', '2022/08/23', '03:06'),('83728113', '我是如此相信', 'http://img1.kuwo.cn/star/albumcover/120/49/30/1387478456.jpg', '我是如此相信', '周杰伦', '2022/08/23', '04:26'),('91298280', '我这一生', 'http://img4.kuwo.cn/star/albumcover/120/85/26/812305891.jpg', '我这一生', '半吨兄弟', '2022/08/23', '04:59'),('93151', '第二天堂', 'http://img1.kuwo.cn/star/albumcover/120/85/57/351640245.jpg', '美人鱼', '林俊杰', '2022/08/23', '04:14'),('229299388', '乌托邦lll • 侠', 'http://img2.kuwo.cn/star/albumcover/120/60/51/817421557.jpg', '绝配', '时代少年团', '2022/08/23', '03:35'),('720117', '李雷和韩梅梅', 'http://img1.kuwo.cn/star/albumcover/120/77/61/4229655674.jpg', '天使的翅膀', '徐誉滕', '2022/08/23', '03:34'),('104595', '寂寞在唱歌', 'http://img3.kuwo.cn/star/albumcover/120/23/2/1468329387.jpg', '一直很安静', '阿桑', '2022/08/23', '04:12'),('55219', '私房歌', 'http://img4.kuwo.cn/star/albumcover/120/71/11/915681638.jpg', '水手', '郑智化', '2022/08/23', '04:57'),('224213526', '除了梦里再没见过你', 'http://img1.kuwo.cn/star/albumcover/120/50/3/3031753776.jpg', '除了梦里再没见过你', '赵洋', '2022/08/23', '03:16'),('6521981', '花千骨 电视剧原声带', 'http://img1.kuwo.cn/star/albumcover/120/4/12/3322648048.jpg', '年轮', '张碧晨', '2022/08/23', '04:34'),('198635187', '秒针', 'http://img1.kuwo.cn/star/albumcover/120/97/94/3750389106.jpg', '秒针(Dj版)', '阿梨粤&R7', '2022/08/23', '02:58'),('455880', '自定义', 'http://img1.kuwo.cn/star/albumcover/120/55/26/2419367180.jpg', '有何不可', '许嵩', '2022/08/23', '04:01'),('324240', '我很忙', 'http://img2.kuwo.cn/star/albumcover/120/7/83/4087363627.jpg', '彩虹', '周杰伦', '2022/08/23', '04:23'),('140161884', '此情一直在心间', 'http://img1.kuwo.cn/star/albumcover/120/16/92/1225057049.jpg', '此情一直在心间', '花姐', '2022/08/23', '02:57'),('176187104', '爱的暴风雨', 'http://img1.kuwo.cn/star/albumcover/120/77/73/376741506.jpg', '爱的暴风雨(DJ 霄霄粤语版)', '梦涵', '2022/08/23', '03:29'),('728676', '跨时代', 'http://img2.kuwo.cn/star/albumcover/120/98/24/205164915.jpg', '我落泪情绪零碎', '周杰伦', '2022/08/23', '04:18'),('213235034', '镜中渊', 'http://img3.kuwo.cn/star/albumcover/120/29/63/3344582970.jpg', '镜中渊', '周林枫', '2022/08/23', '03:00'),('36960360', '说散就散(”前任3:再见前任”电影主题曲)', 'http://img2.kuwo.cn/star/albumcover/120/98/94/2318116980.jpg', '说散就散', '袁娅维TIA RAY', '2022/08/23', '04:02'),('85020952', '飞蛾扑火（正式版）', 'http://img4.kuwo.cn/star/albumcover/120/60/56/344262034.jpg', '飞蛾扑火(正式版)', '半吨兄弟', '2022/08/23', '04:45'),('84522217', '带我去找夜生活', 'http://img3.kuwo.cn/star/albumcover/120/64/91/2593744440.jpg', '带我去找夜生活', '告五人', '2022/08/23', '04:59'),('992040', '100天', 'http://img4.kuwo.cn/star/albumcover/120/84/41/4159059729.jpg', '背对背拥抱', '林俊杰', '2022/08/23', '03:54'),('145525790', '曾经心痛', 'http://img2.kuwo.cn/star/albumcover/120/51/80/854995834.jpg', '曾经心痛', '小阿枫', '2022/08/23', '04:10')
【2022-08-23 10:05:00.490】【SQL】 INSERT INTO dbo.t_HotMusic ("musicrid", "album", "pic120", "name", "artist", "date", "songTimeMinutes") VALUES ('111658', '星空下的传说', 'http://img1.kuwo.cn/star/albumcover/120/62/94/2325073701.jpg', '寂寞沙洲冷', '周传雄', '2022/08/23', '04:38'),('1041722', '仙剑奇侠传三 电视剧原声带', 'http://img3.kuwo.cn/star/albumcover/120/74/48/4168686413.jpg', '此生不换', '青鸟飞鱼', '2022/08/23', '04:25'),('46556689', '爱都爱了', 'http://img1.kuwo.cn/star/albumcover/120/23/48/591173442.jpg', '爱都爱了', '小洲', '2022/08/23', '04:15'),('231323', '逆光', 'http://img4.kuwo.cn/star/albumcover/120/19/85/2296881499.jpg', '我怀念的', '孙燕姿', '2022/08/23', '04:46'),('207231743', '月老掉线', 'http://img3.kuwo.cn/star/albumcover/120/99/73/3563978030.jpg', '月老掉线(DJ阿卓版)', '王不醒', '2022/08/23', '03:26'),('6192856', '新地球 - 人 (Special Edition)', 'http://img1.kuwo.cn/star/albumcover/120/25/92/3808212249.jpg', '浪漫血液', '林俊杰', '2022/08/23', '04:32'),('55216442', '十三子祥', 'http://img3.kuwo.cn/star/albumcover/120/32/7/8157369.jpg', '敢爱敢做', '林子祥', '2022/08/23', '04:59'),('213670530', '晚风心里吹', 'http://img3.kuwo.cn/star/albumcover/120/57/65/2073030971.jpg', '晚风心里吹', '阿梨粤', '2022/08/23', '03:06'),('232496456', '寻一个你', 'http://img4.kuwo.cn/star/albumcover/120/56/38/514292243.jpg', '寻一个你', '摩登兄弟刘宇宁', '2022/08/23', '04:27'),('148411214', '虞兮叹', 'http://img3.kuwo.cn/star/albumcover/120/6/1/1741915436.jpg', '虞兮叹', '闻人听書_', '2022/08/23', '03:30'),('993960', '我好想', 'http://img4.kuwo.cn/star/albumcover/120/94/90/1956406170.jpg', '爱就一个字', '张信哲', '2022/08/23', '04:33'),('312328', '万岁2001', 'http://img1.kuwo.cn/star/albumcover/120/71/41/3115132724.jpg', '不浪漫罪名', '王杰', '2022/08/23', '04:48'),('138246', '依然范特西', 'http://img3.kuwo.cn/star/albumcover/120/45/96/3463817628.jpg', '退后', '周杰伦', '2022/08/23', '04:24'),('182356622', '最后的人', 'http://img3.kuwo.cn/star/albumcover/120/35/71/4119037671.jpg', '最后的人', '杨小壮', '2022/08/23', '04:08'),('60140414', '知否知否应是绿肥红瘦 电视剧原声带', 'http://img3.kuwo.cn/star/albumcover/120/56/60/4126584854.jpg', '知否知否', '胡夏&郁可唯', '2022/08/23', '04:36'),('41374994', '春娇与志明', 'http://img3.kuwo.cn/star/albumcover/120/38/33/3565124892.jpg', '春娇与志明', '街道办GDC&欧阳耀莹', '2022/08/23', '03:24'),('167963978', '沦陷', 'http://img3.kuwo.cn/star/albumcover/120/96/46/3336309911.jpg', '沦陷', '王靖雯', '2022/08/23', '03:54'),('9898924', 'Acoustic 3', 'http://img3.kuwo.cn/star/albumcover/120/18/28/1978611715.jpg', 'Free Loop', 'Daniel Powter', '2022/08/23', '03:48'),('243826', 'Jay', 'http://img3.kuwo.cn/star/albumcover/120/81/79/2995200746.jpg', '龙卷风', '周杰伦', '2022/08/23', '04:10'),('80958029', '我要找到你', 'http://img3.kuwo.cn/star/albumcover/120/85/4/1207575179.jpg', '我要找到你', '小阿枫', '2022/08/23', '02:37'),('4823714', '舍爱', 'http://img2.kuwo.cn/star/albumcover/120/86/15/839030028.jpg', '光明', '谭艳', '2022/08/23', '05:26'),('228912860', 'Hug me (抱我)', 'http://img3.kuwo.cn/star/albumcover/120/93/50/1282097401.jpg', 'Hug me (抱我)', '蔡徐坤', '2022/08/23', '02:30'),('5670676', 'Taped Rai', 'http://img1.kuwo.cn/star/albumcover/120/1/15/2644335294.jpg', 'Shadow Of The Sun', 'Max Elto', '2022/08/23', '02:27'),('3620537', '意外', 'http://img4.kuwo.cn/star/albumcover/120/39/42/1467983488.jpg', '你还要我怎样', '薛之谦', '2022/08/23', '05:10'),('158361', '月亮 太阳', 'http://img3.kuwo.cn/star/albumcover/120/95/32/70124437.jpg', '月亮惹的祸', '张宇', '2022/08/23', '04:20'),('152628028', '醉倾城', 'http://img1.kuwo.cn/star/albumcover/120/11/25/1799952591.jpg', '醉倾城(DJ名龙版)', '小阿枫', '2022/08/23', '05:08'),('223072855', '言而无信', 'http://img1.kuwo.cn/star/albumcover/120/98/84/606939150.jpg', '言而无信', '安儿陈', '2022/08/23', '04:48'),('75307023', '莫问归期', 'http://img2.kuwo.cn/star/albumcover/120/61/73/2326911464.jpg', '莫问归期', '蒋雪儿', '2022/08/23', '03:39'),('22807949', '半壶纱', 'http://img1.kuwo.cn/star/albumcover/120/22/47/360392367.jpg', '半壶纱', '刘珂矣', '2022/08/23', '03:41'),('296504', 'The Moment', 'http://img3.kuwo.cn/star/albumcover/120/28/0/523268036.jpg', '遇见', '孙燕姿', '2022/08/23', '03:30')
【2022-08-23 10:06:00.560】【SQL】 INSERT INTO dbo.t_HotMusic ("musicrid", "album", "pic120", "name", "artist", "date", "songTimeMinutes") VALUES ('442546', 'JJ陆', 'http://img3.kuwo.cn/star/albumcover/120/12/41/1733372010.jpg', 'Always Online', '林俊杰', '2022/08/23', '03:46'),('125852', '在路上……', 'http://img2.kuwo.cn/star/albumcover/120/55/39/1503137257.jpg', '像风一样自由', '许巍', '2022/08/23', '03:41'),('291598', '潘朵拉', 'http://img3.kuwo.cn/star/albumcover/120/83/85/1764666658.jpg', '隐形的翅膀', '张韶涵', '2022/08/23', '03:43'),('166391234', 'Fearless (Taylor’s Version)', 'http://img3.kuwo.cn/star/albumcover/120/8/21/3943421447.jpg', 'Love Story(Taylor’s Version)', 'Taylor Swift', '2022/08/23', '03:55'),('201737980', '海市蜃楼', 'http://img3.kuwo.cn/star/albumcover/120/38/99/2174495363.jpg', '海市蜃楼', '三叔说', '2022/08/23', '03:52'),('94236', '七里香', 'http://img2.kuwo.cn/star/albumcover/120/30/97/4276557883.jpg', '借口', '周杰伦', '2022/08/23', '04:19'),('93157', '第二天堂', 'http://img1.kuwo.cn/star/albumcover/120/85/57/351640245.jpg', '江南', '林俊杰', '2022/08/23', '04:29'),('103755', '劲歌·金曲', 'http://img1.kuwo.cn/star/albumcover/120/28/64/275759211.jpg', '必杀技', '古巨基', '2022/08/23', '03:49'),('46559276', '望爱却步', 'http://img1.kuwo.cn/star/albumcover/120/94/27/3687619025.jpg', '望爱却步', '于洋', '2022/08/23', '03:57'),('98172723', '可可托海的牧羊人', 'http://img3.kuwo.cn/star/albumcover/120/67/16/476357690.jpg', '可可托海的牧羊人', '王琪', '2022/08/23', '05:40'),('5062432', '乐与怒', 'http://img1.kuwo.cn/star/albumcover/120/28/42/1776247091.jpg', '情人', 'Beyond', '2022/08/23', '05:17'),('179797092', '来跳舞', 'http://img4.kuwo.cn/star/albumcover/120/93/89/3750693100.jpg', '来跳舞(中文版)', '海来阿木', '2022/08/23', '03:17'),('76323299', '说好不哭 (with 五月天阿信)', 'http://img1.kuwo.cn/star/albumcover/120/12/37/4156270827.jpg', '说好不哭 (with 五月天阿信)', '周杰伦', '2022/08/23', '03:42'),('234669924', '你的眼神', 'http://img4.kuwo.cn/star/albumcover/120/75/82/2508154912.jpg', '你的眼神(粤语版)', '胜屿', '2022/08/23', '03:04'),('225824068', '外婆桥', 'http://img3.kuwo.cn/star/albumcover/120/52/96/2254591501.jpg', '外婆桥（旺仔小乔版）', '旺仔小乔', '2022/08/23', '04:02'),('5844591', '匆匆那年', 'http://img1.kuwo.cn/star/albumcover/120/91/28/3859791654.jpg', '匆匆那年', '王菲', '2022/08/23', '04:00'),('6187940', '哎呦，不错哦', 'http://img4.kuwo.cn/star/albumcover/120/47/63/494275386.jpg', '手写的从前', '周杰伦', '2022/08/23', '04:57'),('165543743', '错位时空（女版）', 'http://img3.kuwo.cn/star/albumcover/120/56/21/3217813879.jpg', '错位时空(女版)', '韩可可', '2022/08/23', '02:53'),('945320', '好安静', 'http://img2.kuwo.cn/star/albumcover/120/55/2/2397746632.jpg', '不分手的恋爱', '汪苏泷', '2022/08/23', '03:25'),('204694228', '从前说', 'http://img4.kuwo.cn/star/albumcover/120/52/23/2673598854.jpg', '从前说', '小阿七', '2022/08/23', '04:11'),('1033391', 'BEYOND IV', 'http://img1.kuwo.cn/star/albumcover/120/27/20/1820569331.jpg', '真的爱你', 'Beyond', '2022/08/23', '04:35'),('228948', '雨一直下', 'http://img3.kuwo.cn/star/albumcover/120/18/42/693803121.jpg', '雨一直下', '张宇', '2022/08/23', '04:54'),('1234957', '万有引力', 'http://img4.kuwo.cn/star/albumcover/120/47/20/1571585312.jpg', '万有引力', '汪苏泷', '2022/08/23', '04:05'),('154376562', '扛过枪 放过羊', 'http://img2.kuwo.cn/star/albumcover/120/27/38/3821437022.jpg', '扛过枪 放过羊(DJ伟然版)', '半吨兄弟', '2022/08/23', '03:52'),('22837479', '不良少年', 'http://img1.kuwo.cn/star/albumcover/120/99/72/3993253407.jpg', '坏女孩', '徐良&小凌', '2022/08/23', '04:06'),('202132722', '予·君', 'http://img2.kuwo.cn/star/albumcover/120/21/22/453728984.jpg', '踏雪', '等什么君(邓寓君)&FOX胡天渝', '2022/08/23', '03:30'),('226543302', '最伟大的作品', 'http://img1.kuwo.cn/star/albumcover/120/93/8/445164643.jpg', '最伟大的作品', '周杰伦', '2022/08/23', '04:04'),('96832', '天黑', 'http://img2.kuwo.cn/star/albumcover/120/6/10/19817081.jpg', '撕夜', '阿杜', '2022/08/23', '04:38'),('216395698', '把回忆拼好给你 (新版)', 'http://img4.kuwo.cn/star/albumcover/120/92/55/1094318561.jpg', '把回忆拼好给你', 'cici_', '2022/08/23', '03:24'),('443603', '后青春期的诗', 'http://img3.kuwo.cn/star/albumcover/120/76/73/545763767.jpg', '突然好想你', '五月天', '2022/08/23', '04:25')
【2022-08-23 10:07:00.191】【SQL】 INSERT INTO dbo.t_HotMusic ("musicrid", "album", "pic120", "name", "artist", "date", "songTimeMinutes") VALUES ('207527604', '愿你', 'http://img3.kuwo.cn/star/albumcover/120/4/41/1226507593.jpg', '愿你', '黄静美', '2022/08/23', '03:03'),('96190324', '旧梦一场', 'http://img1.kuwo.cn/star/albumcover/120/71/46/3694962587.jpg', '旧梦一场(DJ沈念版)', '阿悠悠', '2022/08/23', '02:41'),('41212233', '飞云之下', 'http://img3.kuwo.cn/star/albumcover/120/22/23/3660620945.jpg', '飞云之下', '韩红&林俊杰', '2022/08/23', '04:26'),('80155748', '冬眠', 'http://img3.kuwo.cn/star/albumcover/120/60/22/2445771895.jpg', '冬眠', '司南', '2022/08/23', '04:29'),('3565454', '意外', 'http://img4.kuwo.cn/star/albumcover/120/39/42/1467983488.jpg', '丑八怪', '薛之谦', '2022/08/23', '04:08'),('6586179', '寂寞女人心', 'http://img4.kuwo.cn/star/albumcover/120/11/80/1260931880.jpg', '漂洋过海来看你', '孙露', '2022/08/23', '05:24'),('81010978', '桥边姑娘', 'http://img2.kuwo.cn/star/albumcover/120/48/79/1272165134.jpg', '桥边姑娘', '海伦', '2022/08/23', '03:03'),('185371039', '无人与我', 'http://img3.kuwo.cn/star/albumcover/120/58/29/4153492177.jpg', '无人与我', '黄静美', '2022/08/23', '03:06'),('214711399', '总以为来日方长', 'http://img1.kuwo.cn/star/albumcover/120/13/99/2259352512.jpg', '总以为来日方长', '梅朵', '2022/08/23', '03:31'),('51384432', '笑看风云', 'http://img2.kuwo.cn/star/albumcover/120/34/33/201279746.jpg', '笑看风云', '郑少秋', '2022/08/23', '04:24'),('146652673', '想你的时候问月亮', 'http://img4.kuwo.cn/star/albumcover/120/35/22/334975085.jpg', '想你的时候问月亮', '二小姐', '2022/08/23', '06:00'),('176729863', '烟雨人间', 'http://img3.kuwo.cn/star/albumcover/120/79/58/3774051092.jpg', '烟雨人间(DJ沈念版)', '海来阿木', '2022/08/23', '04:44'),('52475088', '如懿传 电视剧原声带', 'http://img2.kuwo.cn/star/albumcover/120/35/79/3434585706.jpg', '梅香如故', '毛不易&周深', '2022/08/23', '04:02'),('215258', 'Jay', 'http://img3.kuwo.cn/star/albumcover/120/81/79/2995200746.jpg', '可爱女人', '周杰伦', '2022/08/23', '03:59'),('5245130', '喜欢你', 'http://img3.kuwo.cn/star/albumcover/120/20/5/656820488.jpg', '喜欢你', 'G.E.M.邓紫棋', '2022/08/23', '03:59'),('1245657', 'Xposed', 'http://img1.kuwo.cn/star/albumcover/120/24/35/4281428590.jpg', '泡沫', 'G.E.M.邓紫棋', '2022/08/23', '04:18'),('26319191', '九张机', 'http://img3.kuwo.cn/star/albumcover/120/80/1/1825944429.jpg', '九张机', '叶炫清', '2022/08/23', '03:40'),('209598673', '沉香', 'http://img3.kuwo.cn/star/albumcover/120/93/98/2446270648.jpg', '沉香', '张杰&张靓颖', '2022/08/23', '05:01'),('232505278', '诀爱', 'http://img1.kuwo.cn/star/albumcover/120/94/41/3947538361.jpg', '诀爱', '詹雯婷', '2022/08/23', '03:09'),('891712', '她说 概念自选辑', 'http://img1.kuwo.cn/star/albumcover/120/11/83/3643022348.jpg', '她说', '林俊杰', '2022/08/23', '05:20'),('169428024', '大风吹', 'http://img4.kuwo.cn/star/albumcover/120/82/32/3036698051.jpg', '大风吹', '王赫野', '2022/08/23', '02:43'),('1065516', 'Lost & Found去寻找', 'http://img4.kuwo.cn/star/albumcover/120/60/29/927119208.jpg', '明天，你好', '牛奶咖啡', '2022/08/23', '04:31'),('160911', '看我72变', 'http://img4.kuwo.cn/star/albumcover/120/80/34/1929042131.jpg', '布拉格广场', '蔡依林&周杰伦', '2022/08/23', '04:56'),('6586188', '寂寞女人心', 'http://img4.kuwo.cn/star/albumcover/120/11/80/1260931880.jpg', '鬼迷心窍', '孙露', '2022/08/23', '04:14'),('440623', '魔杰座', 'http://img3.kuwo.cn/star/albumcover/120/72/44/3648126291.jpg', '说好的幸福呢', '周杰伦', '2022/08/23', '04:16'),('41369386', '去年夏天', 'http://img4.kuwo.cn/star/albumcover/120/86/66/1479089164.jpg', '去年夏天', '王大毛', '2022/08/23', '04:05'),('235501', '八度空间', 'http://img3.kuwo.cn/star/albumcover/120/90/1/611598888.jpg', '回到过去', '周杰伦', '2022/08/23', '03:53'),('166383218', '若梦', 'http://img2.kuwo.cn/star/albumcover/120/62/19/1901416304.jpg', '若梦', '周深', '2022/08/23', '04:04'),('9950164', '刚好遇见你', 'http://img4.kuwo.cn/star/albumcover/120/45/84/1176186099.jpg', '刚好遇见你', '李玉刚', '2022/08/23', '03:20'),('80874420', '一生啊', 'http://img4.kuwo.cn/star/albumcover/120/94/32/3579007001.jpg', '一生啊', '马句', '2022/08/23', '04:12')
【2022-08-23 10:08:00.820】【SQL】 INSERT INTO dbo.t_HotMusic ("musicrid", "album", "pic120", "name", "artist", "date", "songTimeMinutes") VALUES ('325842', '我要的幸福', 'http://img2.kuwo.cn/star/albumcover/120/62/22/2673860289.jpg', '开始懂了', '孙燕姿', '2022/08/23', '04:29'),('81933656', '下山', 'http://img1.kuwo.cn/star/albumcover/120/97/94/1817887210.jpg', '下山', '要不要买菜', '2022/08/23', '02:53'),('123002', '盖世英雄', 'http://img3.kuwo.cn/star/albumcover/120/24/47/2549146198.jpg', '大城小爱', '王力宏', '2022/08/23', '03:46'),('106364', '编号89757', 'http://img2.kuwo.cn/star/albumcover/120/29/99/2001261268.jpg', '一千年以后', '林俊杰', '2022/08/23', '03:47'),('80080', '千千阙歌', 'http://img4.kuwo.cn/star/albumcover/120/39/97/3929967462.jpg', '千千阙歌', '陈慧娴', '2022/08/23', '04:59'),('205134210', '她会魔法吧', 'http://img1.kuwo.cn/star/albumcover/120/92/86/1884598203.jpg', '她会魔法吧（DJR7版）', 'DJ小鱼儿', '2022/08/23', '03:10'),('505795', '最炫民族风', 'http://img4.kuwo.cn/star/albumcover/120/23/32/197480389.jpg', '最炫民族风', '凤凰传奇', '2022/08/23', '04:44'),('138810', '依然范特西', 'http://img3.kuwo.cn/star/albumcover/120/45/96/3463817628.jpg', '千里之外', '周杰伦&费玉清', '2022/08/23', '04:15'),('148562017', '上一首情歌 (国语精选)', 'http://img4.kuwo.cn/star/albumcover/120/62/23/789477357.jpg', '不将就', '李荣浩', '2022/08/23', '05:12'),('224801308', '对某个人深爱过', 'http://img3.kuwo.cn/star/albumcover/120/76/68/4090861467.jpg', '我们都是孤单的人(加速版|Remix)', '王羽泽', '2022/08/23', '03:00'),('94239', '七里香', 'http://img2.kuwo.cn/star/albumcover/120/30/97/4276557883.jpg', '搁浅', '周杰伦', '2022/08/23', '03:58'),('1116274', '依然', 'http://img3.kuwo.cn/star/albumcover/120/75/53/956274601.jpg', '贝加尔湖畔', '李健', '2022/08/23', '04:05'),('222602047', '此去半生', 'http://img2.kuwo.cn/star/albumcover/120/87/6/812801254.jpg', '此去半生', 'L（桃籽）', '2022/08/23', '03:00'),('73343932', '酒醉的蝴蝶', 'http://img1.kuwo.cn/star/albumcover/120/89/35/2121463828.jpg', '酒醉的蝴蝶', '崔伟立', '2022/08/23', '03:26'),('15807836', '三生三世十里桃花 电视剧原声专辑', 'http://img2.kuwo.cn/star/albumcover/120/28/12/874556770.jpg', '三生三世', '张杰', '2022/08/23', '04:17'),('218798912', '篇章', 'http://img1.kuwo.cn/star/albumcover/120/54/3/1229877139.jpg', '篇章', '张韶涵&王赫野', '2022/08/23', '04:09'),('213671654', '人间烟火', 'http://img4.kuwo.cn/star/albumcover/120/55/6/251696209.jpg', '人间烟火', '程响', '2022/08/23', '03:53'),('3971731', '庄心妍情歌精选集', 'http://img2.kuwo.cn/star/albumcover/120/35/51/1742841507.jpg', '以后的以后', '庄心妍', '2022/08/23', '05:00'),('199644337', '下潜', 'http://img4.kuwo.cn/star/albumcover/120/79/36/3427339101.jpg', '下潜', '川青', '2022/08/23', '03:37'),('626047', '简单不简单', 'http://img4.kuwo.cn/star/albumcover/120/19/94/1468146096.jpg', '没那么简单', '黄小琥', '2022/08/23', '05:09'),('187717013', '孤城', 'http://img2.kuwo.cn/star/albumcover/120/7/71/193124568.jpg', '孤城', '洛先生', '2022/08/23', '04:07'),('91623', '飞儿乐团', 'http://img3.kuwo.cn/star/albumcover/120/63/75/1204547461.jpg', '我们的爱', 'F.I.R.飞儿乐团', '2022/08/23', '04:47'),('206718466', '作酒', 'http://img4.kuwo.cn/star/albumcover/120/10/22/2999630788.jpg', '作酒(DJ默涵版)', '豆包', '2022/08/23', '02:30'),('212925971', '还没有爱够', 'http://img1.kuwo.cn/star/albumcover/120/1/3/783824236.jpg', '还没有爱够(DJ默涵版)', '王馨', '2022/08/23', '04:03'),('158919', '星星点灯', 'http://img4.kuwo.cn/star/albumcover/120/87/94/3698855357.jpg', '星星点灯', '郑智化', '2022/08/23', '05:03'),('1026357', '林忆莲’s', 'http://img2.kuwo.cn/star/albumcover/120/35/66/1045693481.jpg', '至少还有你', '林忆莲', '2022/08/23', '04:35'),('207699170', '雪龙吟', 'http://img3.kuwo.cn/star/albumcover/120/33/17/3679601829.jpg', '雪龙吟', '张杰', '2022/08/23', '03:27'),('183284945', '失眠的夜', 'http://img4.kuwo.cn/star/albumcover/120/86/41/3567326129.jpg', '失眠的夜(DJ版)', '宋孟君', '2022/08/23', '03:46'),('210799588', '《开端》 影视剧BGM推广曲', 'http://img3.kuwo.cn/star/albumcover/120/84/42/1720764412.jpg', '调查中(正版授权完整版)', '糯米Nomi', '2022/08/23', '03:36'),('70724380', '多年以后', 'http://img2.kuwo.cn/star/albumcover/120/99/68/2845010466.jpg', '多年以后', '黄静美', '2022/08/23', '03:12')
【2022-08-23 10:09:01.063】【SQL】 INSERT INTO dbo.t_HotMusic ("musicrid", "album", "pic120", "name", "artist", "date", "songTimeMinutes") VALUES ('1097228', '冷漠经典对唱情歌', 'http://img1.kuwo.cn/star/albumcover/120/82/29/3490133720.jpg', '这条街', '冷漠&云菲菲', '2022/08/23', '03:53'),('150307504', '忘川的河', 'http://img3.kuwo.cn/star/albumcover/120/72/38/3328206603.jpg', '忘川的河', '魏佳艺', '2022/08/23', '04:42'),('55890524', 'Universe - 겨울 스페셜 앨범， 2017', 'http://img2.kuwo.cn/star/albumcover/120/81/91/4067067189.jpg', '지나갈 테니 (Been Through)', 'EXO', '2022/08/23', '03:38'),('16578753', 'That’s WhyYou Go Away', 'http://img1.kuwo.cn/star/albumcover/120/55/61/1758356319.jpg', 'Take Me To Your Heart', 'Michael Learns To Rock', '2022/08/23', '03:58'),('19003873', 'Before After', 'http://img3.kuwo.cn/star/albumcover/120/6/8/3907882606.jpg', '无赖', '郑中基', '2022/08/23', '04:03'),('138804', '依然范特西', 'http://img3.kuwo.cn/star/albumcover/120/45/96/3463817628.jpg', '菊花台', '周杰伦', '2022/08/23', '04:55'),('6449263', '你曾是少年', 'http://img1.kuwo.cn/star/albumcover/120/99/56/4175598085.jpg', '你曾是少年', 'S.H.E', '2022/08/23', '04:26'),('160783739', '白月光与朱砂痣', 'http://img2.kuwo.cn/star/albumcover/120/81/45/1445640482.jpg', '白月光与朱砂痣', '大籽', '2022/08/23', '03:24'),('237413', '如果沒有你', 'http://img4.kuwo.cn/star/albumcover/120/30/20/2908967179.jpg', '还有我', '任贤齐', '2022/08/23', '03:45'),('185147833', '骁', 'http://img2.kuwo.cn/star/albumcover/120/18/27/1343227922.jpg', '骁', '井胧&井迪儿', '2022/08/23', '02:38'),('857052', '素颜', 'http://img4.kuwo.cn/star/albumcover/120/43/81/1789455650.jpg', '素颜', '许嵩&何曼婷', '2022/08/23', '03:58'),('64955890', '盗墓笔记·十年人间', 'http://img2.kuwo.cn/star/albumcover/120/93/6/455925723.jpg', '盗墓笔记·十年人间', '李常超（Lao乾妈）', '2022/08/23', '04:37'),('70341882', '听我说谢谢你', 'http://img3.kuwo.cn/star/albumcover/120/24/43/965300864.jpg', '听我说谢谢你', '李昕融', '2022/08/23', '03:07'),('15195332', '光年之外', 'http://img2.kuwo.cn/star/albumcover/120/23/91/496164472.jpg', '光年之外', 'G.E.M.邓紫棋', '2022/08/23', '03:55'),('1076345', '就是红 光辉全记录', 'http://img4.kuwo.cn/star/albumcover/120/77/85/846227746.jpg', '当', '动力火车', '2022/08/23', '04:53'),('75559754', '爱江山更爱美人', 'http://img2.kuwo.cn/star/albumcover/120/0/13/4214183432.jpg', '爱江山更爱美人', '小阿枫', '2022/08/23', '03:56'),('208068689', '人世间 电视剧原声带', 'http://img2.kuwo.cn/star/albumcover/120/72/30/1353970321.jpg', '人世间', '雷佳', '2022/08/23', '04:13'),('1024632', '寂寞思情', 'http://img4.kuwo.cn/star/albumcover/120/85/55/842522371.jpg', '再度重相逢', '孙露', '2022/08/23', '03:27'),('541514', '我很忙', 'http://img2.kuwo.cn/star/albumcover/120/7/83/4087363627.jpg', '我不配', '周杰伦', '2022/08/23', '04:48'),('147500', '爱一回伤一回', 'http://img2.kuwo.cn/star/albumcover/120/71/75/982950686.jpg', '朋友别哭', '吕方', '2022/08/23', '04:12'),('76218509', '谁', 'http://img4.kuwo.cn/star/albumcover/120/92/43/1771090539.jpg', '谁(DJ何鹏版)', '雪十郎', '2022/08/23', '03:33'),('76446978', '百花香', 'http://img2.kuwo.cn/star/albumcover/120/92/71/2969178059.jpg', '百花香', '魏新雨', '2022/08/23', '02:47'),('324245', '我很忙', 'http://img2.kuwo.cn/star/albumcover/120/7/83/4087363627.jpg', '甜甜的', '周杰伦', '2022/08/23', '04:04'),('228258581', '星河叹', 'http://img3.kuwo.cn/star/albumcover/120/3/82/730524348.jpg', '星河叹', '黄龄', '2022/08/23', '04:24'),('210220570', '九十九步退一步', 'http://img4.kuwo.cn/star/albumcover/120/99/75/497935552.jpg', '九十九步退一步(DJ默涵版)', '魏佳艺', '2022/08/23', '03:33'),('81135985', '少年', 'http://img3.kuwo.cn/star/albumcover/120/56/21/2954495527.jpg', '少年', '梦然', '2022/08/23', '03:56'),('163982269', '雾里', 'http://img4.kuwo.cn/star/albumcover/120/34/23/3953455792.jpg', '雾里', '姚六一', '2022/08/23', '04:12'),('908194', '她说 概念自选辑', 'http://img1.kuwo.cn/star/albumcover/120/11/83/3643022348.jpg', '爱笑的眼睛', '林俊杰', '2022/08/23', '04:13'),('171152385', '一个多情又无情的人 (Dj沈念)', 'http://img2.kuwo.cn/star/albumcover/120/85/96/3175397448.jpg', '一个多情又无情的人(沈念DJ版)', '花姐', '2022/08/23', '03:58'),('77845', '一场游戏一场梦', 'http://img1.kuwo.cn/star/albumcover/120/47/7/30481485.jpg', '安妮', '王杰', '2022/08/23', '04:16')
【2022-08-23 10:10:00.502】【SQL】 INSERT INTO dbo.t_HotMusic ("musicrid", "album", "pic120", "name", "artist", "date", "songTimeMinutes") VALUES ('157908', '吻别', 'http://img4.kuwo.cn/star/albumcover/120/23/19/706109304.jpg', '吻别', '张学友', '2022/08/23', '05:06'),('77852', '一场游戏一场梦', 'http://img1.kuwo.cn/star/albumcover/120/47/7/30481485.jpg', '一场游戏一场梦', '王杰', '2022/08/23', '04:18'),('192232566', '危险派对', 'http://img2.kuwo.cn/star/albumcover/120/92/98/3565559719.jpg', '危险派对', '王以太&刘至佳', '2022/08/23', '03:00'),('1038144', '七', 'http://img2.kuwo.cn/star/albumcover/120/77/36/2987100253.jpg', '十年', '陈奕迅', '2022/08/23', '03:24'),('162457325', '等你归来', 'http://img1.kuwo.cn/star/albumcover/120/78/79/3920698290.jpg', '等你归来', '程响', '2022/08/23', '03:55'),('728668', '跨时代', 'http://img2.kuwo.cn/star/albumcover/120/98/24/205164915.jpg', '爱的飞行日记', '周杰伦&杨瑞代', '2022/08/23', '04:14'),('201757716', '满天星辰不及你', 'http://img3.kuwo.cn/star/albumcover/120/89/14/4229109874.jpg', '满天星辰不及你', 'ycccc', '2022/08/23', '03:36'),('8022186', '兰陵王 电视剧原声带', 'http://img4.kuwo.cn/star/albumcover/120/70/53/1236728325.jpg', '命运', '家家', '2022/08/23', '03:50'),('78024', '英雄泪', 'http://img1.kuwo.cn/star/albumcover/120/80/42/1256466490.jpg', '英雄泪', '王杰', '2022/08/23', '05:13'),('101388', '每一刻都是崭新的', 'http://img2.kuwo.cn/star/albumcover/120/77/44/2401867542.jpg', '旅行', '许巍', '2022/08/23', '04:30'),('80365', 'Super Star', 'http://img4.kuwo.cn/star/albumcover/120/63/72/2879958476.jpg', 'Super Star', 'S.H.E', '2022/08/23', '03:16'),('159248430', '大江大河2 电视剧原声带', 'http://img4.kuwo.cn/star/albumcover/120/22/55/3202081010.jpg', '和光同尘 ', '周深', '2022/08/23', '04:08'),('223441950', '青印', 'http://img2.kuwo.cn/star/albumcover/120/72/61/1638265563.jpg', '青印', '张德伊玲', '2022/08/23', '03:11'),('175381933', '万疆', 'http://img3.kuwo.cn/star/albumcover/120/70/27/3425181102.jpg', '万疆', '李玉刚', '2022/08/23', '03:54'),('232458361', '乌托邦lll • 侠', 'http://img2.kuwo.cn/star/albumcover/120/60/51/817421557.jpg', '侠', '时代少年团', '2022/08/23', '03:35'),('143714296', 'How You Like That', 'http://img3.kuwo.cn/star/albumcover/120/57/65/1747145373.jpg', 'How You Like That', 'BLACKPINK', '2022/08/23', '03:01'),('9423272', '微微一笑很倾城 电视剧原声带', 'http://img3.kuwo.cn/star/albumcover/120/60/31/2388186217.jpg', '一笑倾城', '汪苏泷', '2022/08/23', '03:51'),('1144184', '找一个字代替', 'http://img1.kuwo.cn/star/albumcover/120/21/11/3935104771.jpg', '九百九十九朵玫瑰', '邰正宵', '2022/08/23', '04:15'),('458663', '自定义', 'http://img1.kuwo.cn/star/albumcover/120/55/26/2419367180.jpg', '如果当时', '许嵩', '2022/08/23', '05:17'),('92022321', '点歌的人', 'http://img3.kuwo.cn/star/albumcover/120/56/9/4197950304.jpg', '点歌的人', '海来阿木', '2022/08/23', '03:17'),('385005', '下一个天亮', 'http://img4.kuwo.cn/star/albumcover/120/49/4/835663815.jpg', '下一个天亮', '郭静', '2022/08/23', '04:26'),('3630027', '慢慢懂', 'http://img1.kuwo.cn/star/albumcover/120/77/46/747391708.jpg', '小星星', '汪苏泷', '2022/08/23', '03:16'),('80488731', '你的答案', 'http://img1.kuwo.cn/star/albumcover/120/19/94/3268290676.jpg', '你的答案', '阿冗', '2022/08/23', '03:39'),('7001108', '谁为我停留', 'http://img4.kuwo.cn/star/albumcover/120/53/99/4222516339.jpg', '把悲伤留给自己', '孙露', '2022/08/23', '04:48'),('206243542', '纸嫁衣3鸳鸯债', 'http://img1.kuwo.cn/star/albumcover/120/48/40/1608591839.jpg', '鸳鸯债', '纸嫁衣', '2022/08/23', '02:27'),('154034542', '嘉宾', 'http://img3.kuwo.cn/star/albumcover/120/78/42/1634234625.jpg', '嘉宾', '张远', '2022/08/23', '05:33'),('19274542', '旋风少女 第二季 电视原声带', 'http://img4.kuwo.cn/star/albumcover/120/66/16/4016935990.jpg', '落空', '印子月', '2022/08/23', '03:53'),('481552', '粉红色的回忆', 'http://img4.kuwo.cn/star/albumcover/120/30/10/1211181608.jpg', '粉红色的回忆', '韩宝仪', '2022/08/23', '03:49'),('3197116', '十二新作', 'http://img2.kuwo.cn/star/albumcover/120/59/22/1713105199.jpg', '明明就', '周杰伦', '2022/08/23', '04:18'),('15213376', '24 HRS (Deluxe)', 'http://img1.kuwo.cn/star/albumcover/120/78/71/3998563131.jpg', 'That Girl', 'Olly Murs', '2022/08/23', '02:56')
【2022-08-23 10:11:00.361】【SQL】 INSERT INTO dbo.t_HotMusic ("musicrid", "album", "pic120", "name", "artist", "date", "songTimeMinutes") VALUES ('324244', '我很忙', 'http://img2.kuwo.cn/star/albumcover/120/7/83/4087363627.jpg', '青花瓷', '周杰伦', '2022/08/23', '03:57'),('1108461', '说到爱', 'http://img4.kuwo.cn/star/albumcover/120/44/57/2736590737.jpg', 'Letting Go', '蔡健雅', '2022/08/23', '04:23'),('94237', '七里香', 'http://img2.kuwo.cn/star/albumcover/120/30/97/4276557883.jpg', '七里香', '周杰伦', '2022/08/23', '04:58'),('209598673', '沉香', 'http://img3.kuwo.cn/star/albumcover/120/93/98/2446270648.jpg', '沉香', '张杰&张靓颖', '2022/08/23', '05:01'),('5886682', '乐与怒', 'http://img1.kuwo.cn/star/albumcover/120/28/42/1776247091.jpg', '海阔天空', 'Beyond', '2022/08/23', '05:24'),('228908', '叶惠美', 'http://img2.kuwo.cn/star/albumcover/120/64/96/2266534336.jpg', '晴天', '周杰伦', '2022/08/23', '04:29'),('89622', '爱你', 'http://img3.kuwo.cn/star/albumcover/120/0/91/1985244086.jpg', '爱你', '王心凌', '2022/08/23', '03:39'),('440616', '魔杰座', 'http://img3.kuwo.cn/star/albumcover/120/72/44/3648126291.jpg', '兰亭序', '周杰伦', '2022/08/23', '04:13'),('7149583', '周杰伦的床边故事', 'http://img2.kuwo.cn/star/albumcover/120/64/39/3540704654.jpg', '告白气球', '周杰伦', '2022/08/23', '03:35'),('27101590', '明日之子 第7期', 'http://img3.kuwo.cn/star/albumcover/120/38/19/862253788.jpg', '消愁(Live)', '毛不易', '2022/08/23', '02:59'),('201757716', '满天星辰不及你', 'http://img3.kuwo.cn/star/albumcover/120/89/14/4229109874.jpg', '满天星辰不及你', 'ycccc', '2022/08/23', '03:36'),('215257', 'Jay', 'http://img3.kuwo.cn/star/albumcover/120/81/79/2995200746.jpg', '反方向的钟', '周杰伦', '2022/08/23', '04:18'),('131441', '午夜两点半的我', 'http://img2.kuwo.cn/star/albumcover/120/35/37/2887800159.jpg', '爱上你是一个错', '杨培安', '2022/08/23', '04:05'),('440613', '魔杰座', 'http://img3.kuwo.cn/star/albumcover/120/72/44/3648126291.jpg', '稻香', '周杰伦', '2022/08/23', '03:43'),('93151', '第二天堂', 'http://img1.kuwo.cn/star/albumcover/120/85/57/351640245.jpg', '美人鱼', '林俊杰', '2022/08/23', '04:14'),('228912', '依然范特西', 'http://img3.kuwo.cn/star/albumcover/120/45/96/3463817628.jpg', '本草纲目', '周杰伦', '2022/08/23', '03:31'),('103755', '劲歌·金曲', 'http://img1.kuwo.cn/star/albumcover/120/28/64/275759211.jpg', '必杀技', '古巨基', '2022/08/23', '03:49'),('185781523', '秋殇别恋', 'http://img2.kuwo.cn/star/albumcover/120/26/75/1482661896.jpg', '秋殇别恋(正式版)', '马跃展', '2022/08/23', '04:57'),('81135985', '少年', 'http://img3.kuwo.cn/star/albumcover/120/56/21/2954495527.jpg', '少年', '梦然', '2022/08/23', '03:56'),('80874420', '一生啊', 'http://img4.kuwo.cn/star/albumcover/120/94/32/3579007001.jpg', '一生啊', '马句', '2022/08/23', '04:12'),('118980', '十一月的萧邦', 'http://img3.kuwo.cn/star/albumcover/120/32/88/1567952196.jpg', '夜曲', '周杰伦', '2022/08/23', '03:46'),('237910', '每一刻都是崭新的', 'http://img2.kuwo.cn/star/albumcover/120/77/44/2401867542.jpg', '曾经的你', '许巍', '2022/08/23', '04:20'),('59141878', '缘定今生', 'http://img1.kuwo.cn/star/albumcover/120/35/88/531071245.jpg', '我的楼兰', '云朵', '2022/08/23', '05:29'),('440615', '魔杰座', 'http://img3.kuwo.cn/star/albumcover/120/72/44/3648126291.jpg', '花海', '周杰伦', '2022/08/23', '04:24'),('93157', '第二天堂', 'http://img1.kuwo.cn/star/albumcover/120/85/57/351640245.jpg', '江南', '林俊杰', '2022/08/23', '04:29'),('450444', '若你碰到他', 'http://img4.kuwo.cn/star/albumcover/120/24/38/3554114826.jpg', '红色高跟鞋', '蔡健雅', '2022/08/23', '03:28'),('329669', '真永远', 'http://img3.kuwo.cn/star/albumcover/120/42/58/1708371785.jpg', '今天', '刘德华', '2022/08/23', '03:49'),('15249349', '三生三世十里桃花 电视剧原声专辑', 'http://img2.kuwo.cn/star/albumcover/120/28/12/874556770.jpg', '凉凉', '杨宗纬&张碧晨', '2022/08/23', '05:33'),('9950164', '刚好遇见你', 'http://img4.kuwo.cn/star/albumcover/120/45/84/1176186099.jpg', '刚好遇见你', '李玉刚', '2022/08/23', '03:20'),('77861', '忘了你‧忘了我', 'http://img1.kuwo.cn/star/albumcover/120/20/47/836307178.jpg', '忘了你忘了我', '王杰', '2022/08/23', '04:39')
【2022-08-23 10:11:00.364】【SQL】 DELETE FROM dbo.t_HotMusic WHERE date = '2022/08/21'
【2022-08-23 10:12:00.410】【SQL】 INSERT INTO dbo.t_HotMusic ("musicrid", "album", "pic120", "name", "artist", "date", "songTimeMinutes") VALUES ('172577032', '长歌行 电视剧原声带', 'http://img4.kuwo.cn/star/albumcover/120/70/7/552347868.jpg', '光的方向', '张碧晨', '2022/08/23', '03:05'),('177768781', '不该用情', 'http://img4.kuwo.cn/star/albumcover/120/89/57/4289370229.jpg', '不该用情(女声版)', '莫叫姐姐', '2022/08/23', '03:51'),('1038144', '七', 'http://img2.kuwo.cn/star/albumcover/120/77/36/2987100253.jpg', '十年', '陈奕迅', '2022/08/23', '03:24'),('40900353', '老男孩 电视剧原声带', 'http://img1.kuwo.cn/star/albumcover/120/84/89/4273297063.jpg', '牧马城市', '毛不易', '2022/08/23', '04:18'),('27485797', '明日之子 第8期', 'http://img3.kuwo.cn/star/albumcover/120/97/70/3424064901.jpg', '像我这样的人(Live)', '毛不易', '2022/08/23', '02:51'),('213973', '亲亲', 'http://img1.kuwo.cn/star/albumcover/120/96/5/2650591681.jpg', '暖暖', '梁静茹', '2022/08/23', '04:06'),('118987', '十一月的萧邦', 'http://img3.kuwo.cn/star/albumcover/120/32/88/1567952196.jpg', '枫', '周杰伦', '2022/08/23', '04:37'),('1044318', 'transfer', 'http://img1.kuwo.cn/star/albumcover/120/19/17/906363786.jpg', '黄昏', '周传雄', '2022/08/23', '05:45'),('86279129', '下辈子不一定还能遇见你', 'http://img3.kuwo.cn/star/albumcover/120/51/17/207285832.jpg', '下辈子不一定还能遇见你', '陈雅森', '2022/08/23', '03:58'),('36960360', '说散就散(”前任3:再见前任”电影主题曲)', 'http://img2.kuwo.cn/star/albumcover/120/98/94/2318116980.jpg', '说散就散', '袁娅维TIA RAY', '2022/08/23', '04:02'),('145525790', '曾经心痛', 'http://img2.kuwo.cn/star/albumcover/120/51/80/854995834.jpg', '曾经心痛', '小阿枫', '2022/08/23', '04:10'),('144152379', '飞鸟和蝉', 'http://img2.kuwo.cn/star/albumcover/120/87/25/2241738210.jpg', '飞鸟和蝉', '任然', '2022/08/23', '04:56'),('1127662', '我爱我', 'http://img4.kuwo.cn/star/albumcover/120/6/58/1978689210.jpg', '遗失的心跳', '萧亚轩', '2022/08/23', '03:36'),('838765', '包容', 'http://img2.kuwo.cn/star/albumcover/120/17/85/2008224234.jpg', '包容', '郑源', '2022/08/23', '04:23'),('83728113', '我是如此相信', 'http://img1.kuwo.cn/star/albumcover/120/49/30/1387478456.jpg', '我是如此相信', '周杰伦', '2022/08/23', '04:26'),('55216442', '十三子祥', 'http://img3.kuwo.cn/star/albumcover/120/32/7/8157369.jpg', '敢爱敢做', '林子祥', '2022/08/23', '04:59'),('501646', '最炫民族风', 'http://img4.kuwo.cn/star/albumcover/120/23/32/197480389.jpg', '奢香夫人', '凤凰传奇', '2022/08/23', '04:19'),('4542834', '天外飞仙 电视原声带', 'http://img1.kuwo.cn/star/albumcover/120/92/40/2174591698.jpg', '千年泪', 'Tank', '2022/08/23', '04:20'),('3244328', '因你 而在', 'http://img3.kuwo.cn/star/albumcover/120/95/98/377962709.jpg', '修炼爱情', '林俊杰', '2022/08/23', '04:47'),('170255832', '如果爱还在', 'http://img4.kuwo.cn/star/albumcover/120/17/41/2330126196.jpg', '如果爱还在', '雨中百合', '2022/08/23', '05:23'),('23551217', '林志美 同名专辑', 'http://img3.kuwo.cn/star/albumcover/120/64/87/3712625104.jpg', '你的眼神', '林志美', '2022/08/23', '03:51'),('215529168', '天赐的声音第三季 第3期', 'http://img2.kuwo.cn/star/albumcover/120/16/87/1279815977.jpg', '玫瑰少年(Live)', '周深&GAI周延', '2022/08/23', '04:01'),('142801', '偏偏喜欢你', 'http://img4.kuwo.cn/star/albumcover/120/35/68/263923441.jpg', '偏偏喜欢你', '陈百强', '2022/08/23', '03:30'),('91298280', '我这一生', 'http://img4.kuwo.cn/star/albumcover/120/85/26/812305891.jpg', '我这一生', '半吨兄弟', '2022/08/23', '04:59'),('33849066', '猎户星座实体CD版', 'http://img4.kuwo.cn/star/albumcover/120/68/69/2985138734.jpg', '平凡之路', '朴树', '2022/08/23', '05:01'),('3195905', '十二新作', 'http://img2.kuwo.cn/star/albumcover/120/59/22/1713105199.jpg', '红尘客栈', '周杰伦', '2022/08/23', '04:35'),('224801308', '对某个人深爱过', 'http://img3.kuwo.cn/star/albumcover/120/76/68/4090861467.jpg', '我们都是孤单的人(加速版|Remix)', '王羽泽', '2022/08/23', '03:00'),('162169278', '星辰大海', 'http://img3.kuwo.cn/star/albumcover/120/13/26/3224659704.jpg', '星辰大海', '黄霄雲', '2022/08/23', '03:27'),('149452797', '今天', 'http://img2.kuwo.cn/star/albumcover/120/3/27/4172643282.jpg', '今天', '小阿枫', '2022/08/23', '03:58'),('138243', '依然范特西', 'http://img3.kuwo.cn/star/albumcover/120/45/96/3463817628.jpg', '听妈妈的话', '周杰伦', '2022/08/23', '04:24')
【2022-08-23 10:12:00.412】【SQL】 DELETE FROM dbo.t_HotMusic WHERE date = '2022/08/21'
【2022-08-23 10:13:00.437】【SQL】 INSERT INTO dbo.t_HotMusic ("musicrid", "album", "pic120", "name", "artist", "date", "songTimeMinutes") VALUES ('104595', '寂寞在唱歌', 'http://img3.kuwo.cn/star/albumcover/120/23/2/1468329387.jpg', '一直很安静', '阿桑', '2022/08/23', '04:12'),('94239', '七里香', 'http://img2.kuwo.cn/star/albumcover/120/30/97/4276557883.jpg', '搁浅', '周杰伦', '2022/08/23', '03:58'),('58991738', 'Sweet Dreams', 'http://img3.kuwo.cn/star/albumcover/120/34/24/3469229554.jpg', 'Sweet Dreams', 'Breathe Carolina&Dropgun&Kaleena Zanders', '2022/08/23', '02:39'),('5670676', 'Taped Rai', 'http://img1.kuwo.cn/star/albumcover/120/1/15/2644335294.jpg', 'Shadow Of The Sun', 'Max Elto', '2022/08/23', '02:27'),('146652673', '想你的时候问月亮', 'http://img4.kuwo.cn/star/albumcover/120/35/22/334975085.jpg', '想你的时候问月亮', '二小姐', '2022/08/23', '06:00'),('89626', '爱你', 'http://img3.kuwo.cn/star/albumcover/120/0/91/1985244086.jpg', '第一次爱的人', '王心凌', '2022/08/23', '03:53'),('720117', '李雷和韩梅梅', 'http://img1.kuwo.cn/star/albumcover/120/77/61/4229655674.jpg', '天使的翅膀', '徐誉滕', '2022/08/23', '03:34'),('6692662', '放过自己', 'http://img1.kuwo.cn/star/albumcover/120/7/72/2366237291.jpg', '再见只是陌生人', '庄心妍', '2022/08/23', '04:11'),('6586179', '寂寞女人心', 'http://img4.kuwo.cn/star/albumcover/120/11/80/1260931880.jpg', '漂洋过海来看你', '孙露', '2022/08/23', '05:24'),('6474420', '我的唇吻不到我爱的人', 'http://img4.kuwo.cn/star/albumcover/120/43/34/1603535862.jpg', '我的唇吻不到我爱的人', '王奕心', '2022/08/23', '04:39'),('6449263', '你曾是少年', 'http://img1.kuwo.cn/star/albumcover/120/99/56/4175598085.jpg', '你曾是少年', 'S.H.E', '2022/08/23', '04:26'),('52475088', '如懿传 电视剧原声带', 'http://img2.kuwo.cn/star/albumcover/120/35/79/3434585706.jpg', '梅香如故', '毛不易&周深', '2022/08/23', '04:02'),('238210', '叶惠美', 'http://img2.kuwo.cn/star/albumcover/120/64/96/2266534336.jpg', '以父之名', '周杰伦', '2022/08/23', '05:42'),('237413', '如果沒有你', 'http://img4.kuwo.cn/star/albumcover/120/30/20/2908967179.jpg', '还有我', '任贤齐', '2022/08/23', '03:45'),('230181704', '恋爱告急', 'http://img1.kuwo.cn/star/albumcover/120/92/75/2573984785.jpg', '恋爱告急', '鞠婧祎', '2022/08/23', '04:13'),('196670066', '人生不过三杯酒', 'http://img4.kuwo.cn/star/albumcover/120/36/80/710967447.jpg', '人生不过三杯酒', '花姐', '2022/08/23', '03:15'),('183469808', '位置', 'http://img3.kuwo.cn/star/albumcover/120/98/10/3587232429.jpg', '位置', '张乙', '2022/08/23', '03:49'),('176187104', '爱的暴风雨', 'http://img1.kuwo.cn/star/albumcover/120/77/73/376741506.jpg', '爱的暴风雨(DJ 霄霄粤语版)', '梦涵', '2022/08/23', '03:29'),('141494937', '游山恋', 'http://img4.kuwo.cn/star/albumcover/120/73/91/1572221806.jpg', '游山恋', '海伦', '2022/08/23', '03:43'),('77161723', '最远的你是我最近的爱', 'http://img2.kuwo.cn/star/albumcover/120/41/39/3214829767.jpg', '最远的你是我最近的爱', '小阿枫', '2022/08/23', '02:16'),('74585682', '找一个字代替', 'http://img1.kuwo.cn/star/albumcover/120/24/45/2068922333.jpg', '找一个字代替', '小阿枫', '2022/08/23', '04:28'),('728677', '跨时代', 'http://img2.kuwo.cn/star/albumcover/120/98/24/205164915.jpg', '烟花易冷', '周杰伦', '2022/08/23', '04:22'),('4823714', '舍爱', 'http://img2.kuwo.cn/star/albumcover/120/86/15/839030028.jpg', '光明', '谭艳', '2022/08/23', '05:26'),('322610', '大海', 'http://img1.kuwo.cn/star/albumcover/120/76/93/3983209456.jpg', '大海', '张雨生', '2022/08/23', '04:39'),('28509807', '没有发生的爱情', 'http://img3.kuwo.cn/star/albumcover/120/13/6/1934684073.jpg', '无人之岛', '任然', '2022/08/23', '04:45'),('22807949', '半壶纱', 'http://img1.kuwo.cn/star/albumcover/120/22/47/360392367.jpg', '半壶纱', '刘珂矣', '2022/08/23', '03:41'),('215529164', '天赐的声音第三季 第3期', 'http://img2.kuwo.cn/star/albumcover/120/16/87/1279815977.jpg', '不甘(Live)', '弦子&小乐哥（王唯乐）', '2022/08/23', '03:18'),('152628028', '醉倾城', 'http://img1.kuwo.cn/star/albumcover/120/11/25/1799952591.jpg', '醉倾城(DJ名龙版)', '小阿枫', '2022/08/23', '05:08'),('140161884', '此情一直在心间', 'http://img1.kuwo.cn/star/albumcover/120/16/92/1225057049.jpg', '此情一直在心间', '花姐', '2022/08/23', '02:57'),('218959', '2006 MP3人气超强总冠军', 'http://img1.kuwo.cn/star/albumcover/120/30/94/1753324675.jpg', '三国恋', 'Tank', '2022/08/23', '04:07')
【2022-08-23 10:13:00.441】【SQL】 DELETE FROM dbo.t_HotMusic WHERE date = '2022/08/21'
【2022-08-23 10:14:00.166】【SQL】 INSERT INTO dbo.t_HotMusic ("musicrid", "album", "pic120", "name", "artist", "date", "songTimeMinutes") VALUES ('118990', '十一月的萧邦', 'http://img3.kuwo.cn/star/albumcover/120/32/88/1567952196.jpg', '发如雪', '周杰伦', '2022/08/23', '05:00'),('1026357', '林忆莲’s', 'http://img2.kuwo.cn/star/albumcover/120/35/66/1045693481.jpg', '至少还有你', '林忆莲', '2022/08/23', '04:35'),('77800', '凯旋88-91辉煌战绩', 'http://img1.kuwo.cn/star/albumcover/120/0/80/2255943652.jpg', '爱', '小虎队', '2022/08/23', '04:30'),('993960', '我好想', 'http://img4.kuwo.cn/star/albumcover/120/94/90/1956406170.jpg', '爱就一个字', '张信哲', '2022/08/23', '04:33'),('96832', '天黑', 'http://img2.kuwo.cn/star/albumcover/120/6/10/19817081.jpg', '撕夜', '阿杜', '2022/08/23', '04:38'),('80155748', '冬眠', 'http://img3.kuwo.cn/star/albumcover/120/60/22/2445771895.jpg', '冬眠', '司南', '2022/08/23', '04:29'),('79479', '叶惠美', 'http://img2.kuwo.cn/star/albumcover/120/64/96/2266534336.jpg', '东风破', '周杰伦', '2022/08/23', '05:15'),('75307023', '莫问归期', 'http://img2.kuwo.cn/star/albumcover/120/61/73/2326911464.jpg', '莫问归期', '蒋雪儿', '2022/08/23', '03:39'),('73343932', '酒醉的蝴蝶', 'http://img1.kuwo.cn/star/albumcover/120/89/35/2121463828.jpg', '酒醉的蝴蝶', '崔伟立', '2022/08/23', '03:26'),('69896853', '有一种思念叫永远', 'http://img1.kuwo.cn/star/albumcover/120/39/18/1987786516.jpg', '有一种思念叫永远', '倪尔萍', '2022/08/23', '04:44')
【2022-08-23 10:14:00.169】【SQL】 DELETE FROM dbo.t_HotMusic WHERE date = '2022/08/21'
【2022-08-23 11:09:10.531】【SQL】 SELECT TOP 1 * FROM dbo.t_room WHERE ID = '888'
【2022-08-23 11:09:10.554】【SQL】 SELECT username, head, sex, signature, roomID FROM dbo.t_user WHERE "UID" = '2'
【2022-08-23 11:09:10.577】【SQL】 SELECT username, UID, head FROM dbo.t_user
【2022-08-23 11:09:10.587】【SQL】 SELECT * FROM dbo.t_MusicQueue WHERE roomID = '888' AND already = 'false'
【2022-08-23 11:09:10.590】【SQL】 SELECT * FROM dbo.t_LikeMusic WHERE userID = '2' ORDER BY timestamp DESC
【2022-08-23 11:09:10.590】【SQL】 SELECT * FROM dbo.t_musicBlackList WHERE room = '888'
【2022-08-23 11:09:19.131】【SQL】 SELECT TOP 1 * FROM dbo.t_room WHERE ID = '12131'
【2022-08-23 11:09:20.927】【SQL】 SELECT TOP 1 * FROM dbo.t_room WHERE ID = '888'
【2022-08-23 11:09:20.946】【SQL】 SELECT username, head, sex, signature, roomID FROM dbo.t_user WHERE "UID" = '2'
【2022-08-23 11:09:20.969】【SQL】 SELECT username, UID, head FROM dbo.t_user
【2022-08-23 11:09:20.975】【SQL】 SELECT * FROM dbo.t_MusicQueue WHERE roomID = '888' AND already = 'false'
【2022-08-23 11:09:20.980】【SQL】 SELECT * FROM dbo.t_LikeMusic WHERE userID = '2' ORDER BY timestamp DESC
【2022-08-23 11:09:20.980】【SQL】 SELECT * FROM dbo.t_musicBlackList WHERE room = '888'
【2022-08-23 11:13:34.214】【SQL】 SELECT TOP 1 * FROM dbo.t_room WHERE ID = '888'
【2022-08-23 11:13:34.236】【SQL】 SELECT username, head, sex, signature, roomID FROM dbo.t_user WHERE "UID" = '2'
【2022-08-23 11:13:34.258】【SQL】 SELECT username, UID, head FROM dbo.t_user
【2022-08-23 11:13:34.268】【SQL】 SELECT * FROM dbo.t_MusicQueue WHERE roomID = '888' AND already = 'false'
【2022-08-23 11:13:34.274】【SQL】 SELECT * FROM dbo.t_musicBlackList WHERE room = '888'
【2022-08-23 11:13:34.274】【SQL】 SELECT * FROM dbo.t_LikeMusic WHERE userID = '2' ORDER BY timestamp DESC
【2022-08-23 11:13:40.366】【SQL】 SELECT TOP 1 * FROM dbo.t_room WHERE ID = '13'
【2022-08-23 11:13:41.750】【SQL】 SELECT TOP 1 * FROM dbo.t_room WHERE ID = '888'
【2022-08-23 11:13:41.770】【SQL】 SELECT username, head, sex, signature, roomID FROM dbo.t_user WHERE "UID" = '2'
【2022-08-23 11:13:41.789】【SQL】 SELECT username, UID, head FROM dbo.t_user
【2022-08-23 11:13:41.800】【SQL】 SELECT * FROM dbo.t_MusicQueue WHERE roomID = '888' AND already = 'false'
【2022-08-23 11:13:41.802】【SQL】 SELECT * FROM dbo.t_LikeMusic WHERE userID = '2' ORDER BY timestamp DESC
【2022-08-23 11:13:41.804】【SQL】 SELECT * FROM dbo.t_musicBlackList WHERE room = '888'
【2022-08-23 11:29:26.256】【SQL】 SELECT TOP 1 * FROM dbo.t_room WHERE ID = '888'
【2022-08-23 11:29:26.272】【SQL】 SELECT username, head, sex, signature, roomID FROM dbo.t_user WHERE "UID" = '2'
【2022-08-23 11:29:26.296】【SQL】 SELECT username, UID, head FROM dbo.t_user
【2022-08-23 11:29:26.300】【SQL】 SELECT * FROM dbo.t_MusicQueue WHERE roomID = '888' AND already = 'false'
【2022-08-23 11:29:26.308】【SQL】 SELECT * FROM dbo.t_LikeMusic WHERE userID = '2' ORDER BY timestamp DESC
【2022-08-23 11:29:26.308】【SQL】 SELECT * FROM dbo.t_musicBlackList WHERE room = '888'
【2022-08-23 11:29:33.670】【SQL】 SELECT TOP 1 * FROM dbo.t_room WHERE ID = '321321'
【2022-08-23 11:29:35.365】【SQL】 SELECT TOP 1 * FROM dbo.t_room WHERE ID = '888'
【2022-08-23 11:29:35.385】【SQL】 SELECT username, head, sex, signature, roomID FROM dbo.t_user WHERE "UID" = '2'
【2022-08-23 11:29:35.407】【SQL】 SELECT username, UID, head FROM dbo.t_user
【2022-08-23 11:29:35.413】【SQL】 SELECT * FROM dbo.t_MusicQueue WHERE roomID = '888' AND already = 'false'
【2022-08-23 11:29:35.416】【SQL】 SELECT * FROM dbo.t_LikeMusic WHERE userID = '2' ORDER BY timestamp DESC
【2022-08-23 11:29:35.416】【SQL】 SELECT * FROM dbo.t_musicBlackList WHERE room = '888'
【2022-08-23 11:29:41.931】【SQL】 SELECT TOP 1 * FROM dbo.t_room WHERE ID = '123'
【2022-08-23 11:29:43.579】【SQL】 SELECT TOP 1 * FROM dbo.t_room WHERE ID = '888'
【2022-08-23 11:29:43.596】【SQL】 SELECT username, head, sex, signature, roomID FROM dbo.t_user WHERE "UID" = '2'
【2022-08-23 11:29:43.614】【SQL】 SELECT username, UID, head FROM dbo.t_user
【2022-08-23 11:29:43.622】【SQL】 SELECT * FROM dbo.t_MusicQueue WHERE roomID = '888' AND already = 'false'
【2022-08-23 11:29:43.622】【SQL】 SELECT * FROM dbo.t_LikeMusic WHERE userID = '2' ORDER BY timestamp DESC
【2022-08-23 11:29:43.627】【SQL】 SELECT * FROM dbo.t_musicBlackList WHERE room = '888'
【2022-08-23 11:30:38.929】【SQL】 SELECT TOP 1 * FROM dbo.t_room WHERE ID = '888'
【2022-08-23 11:30:38.946】【SQL】 SELECT username, head, sex, signature, roomID FROM dbo.t_user WHERE "UID" = '2'
【2022-08-23 11:30:38.965】【SQL】 SELECT username, UID, head FROM dbo.t_user
【2022-08-23 11:30:38.975】【SQL】 SELECT * FROM dbo.t_MusicQueue WHERE roomID = '888' AND already = 'false'
【2022-08-23 11:30:38.975】【SQL】 SELECT * FROM dbo.t_LikeMusic WHERE userID = '2' ORDER BY timestamp DESC
【2022-08-23 11:30:38.979】【SQL】 SELECT * FROM dbo.t_musicBlackList WHERE room = '888'
【2022-08-23 11:30:45.941】【SQL】 SELECT TOP 1 * FROM dbo.t_room WHERE ID = '23'
【2022-08-23 11:30:46.865】【SQL】 SELECT TOP 1 * FROM dbo.t_room WHERE ID = '888'
【2022-08-23 11:30:46.889】【SQL】 SELECT username, head, sex, signature, roomID FROM dbo.t_user WHERE "UID" = '2'
【2022-08-23 11:30:46.905】【SQL】 SELECT username, UID, head FROM dbo.t_user
【2022-08-23 11:30:46.910】【SQL】 SELECT * FROM dbo.t_MusicQueue WHERE roomID = '888' AND already = 'false'
【2022-08-23 11:30:46.913】【SQL】 SELECT * FROM dbo.t_musicBlackList WHERE room = '888'
【2022-08-23 11:30:46.913】【SQL】 SELECT * FROM dbo.t_LikeMusic WHERE userID = '2' ORDER BY timestamp DESC
