【2022-09-30 17:37:29.407】【SQL】 select count(*) from sysobjects where id = object_id('dbo.t_code')
【2022-09-30 17:37:29.407】【SQL】 select count(*) from sysobjects where id = object_id('dbo.t_user')
【2022-09-30 17:37:29.408】【SQL】 select count(*) from sysobjects where id = object_id('dbo.t_HotMusic')
【2022-09-30 17:37:29.408】【SQL】 select count(*) from sysobjects where id = object_id('dbo.t_MusicQueue')
【2022-09-30 17:37:29.408】【SQL】 select count(*) from sysobjects where id = object_id('dbo.t_musicBlackList')
【2022-09-30 17:37:29.408】【SQL】 select count(*) from sysobjects where id = object_id('dbo.t_LikeMusic')
【2022-09-30 17:37:29.408】【SQL】 select count(*) from sysobjects where id = object_id('dbo.t_historyMsg')
【2022-09-30 17:37:29.408】【SQL】 select count(*) from sysobjects where id = object_id('dbo.t_room')
【2022-09-30 17:37:29.470】【SQL】 create table dbo.t_user(UID              int             not null    identity(1,1)    primary key,username         nvarchar(20)    not null,password         nvarchar(200)   not null,email            nvarchar(200)   not null,head             nvarchar(200)   not null,sex              nvarchar(20)    not null,signature        nvarchar(1023)  not null,roomID           nvarchar(200)       null,creatTime        datetime        not null,updateTime       datetime            null)
【2022-09-30 17:37:29.470】【SQL】 create table dbo.t_code(ID             int              not null    identity(1,1)    primary key,email          nvarchar(200)    not null,code           nvarchar(20)     not null,expiration     nvarchar(20)     not null,)
【2022-09-30 17:37:29.470】【SQL】 create table dbo.t_HotMusic(ID           int               not null    identity(1,1)    primary key,musicrid     nvarchar(20)      not null,album        nvarchar(100)      not null,pic120       nvarchar(200)     not null,name         nvarchar(100)      not null,artist       nvarchar(100)      not null,date         nvarchar(20)      not null,songTimeMinutes         nvarchar(20)      not null,)
【2022-09-30 17:37:29.471】【SQL】 create table dbo.t_MusicQueue(ID           int               not null    identity(1,1)    primary key,musicrid     nvarchar(20)      not null,album        nvarchar(100)     not null,pic120       nvarchar(200)     not null,name         nvarchar(100)     not null,artist       nvarchar(100)     not null,songTimeMinutes         nvarchar(20)      not null,roomID       nvarchar(20)      not null,userID       nvarchar(20)      not null,already      bit               not null,updateTime   nvarchar(50)      not null)
【2022-09-30 17:37:29.470】【SQL】 create table dbo.t_room(ID              int             not null    identity(888,1)    primary key,masterID        nvarchar(20)    not null,name            nvarchar(20)    not null,password        nvarchar(200)   not null,notice          nvarchar(200)   not null,signature       nvarchar(1023)  not null,creatTime       datetime        not null,updateTime      datetime            null,)
【2022-09-30 17:37:29.471】【SQL】 create table dbo.t_musicBlackList(ID           int               not null    identity(1,1)    primary key,musicrid     nvarchar(20)      not null,room         nvarchar(100)     not null,pic120       nvarchar(200)     not null,name         nvarchar(50)      not null,artist       nvarchar(20)      not null,album        nvarchar(100)     not null)
【2022-09-30 17:37:29.474】【SQL】 create table dbo.t_LikeMusic(ID           int               not null    identity(1,1)    primary key,musicrid     nvarchar(20)      not null,album        nvarchar(100)     not null,pic120       nvarchar(200)     not null,name         nvarchar(100)     not null,artist       nvarchar(100)     not null,songTimeMinutes         nvarchar(20)      not null,userID       nvarchar(20)      not null,timestamp    nvarchar(50)      not null)
【2022-09-30 17:37:29.474】【SQL】 create table dbo.t_historyMsg(ID            int              not null    identity(1,1)    primary key,content       nvarchar(200)    not null,message_time  nvarchar(100)    not null,message_type  nvarchar(20)     not null,message_user  nvarchar(20)     not null,qout          nvarchar(200)        null,room          nvarchar(20)     not null)
【2022-09-30 17:37:29.481】【SQL】 INSERT INTO dbo.t_user ("username", "password", "email", "head", "sex", "signature", "roomID", "creatTime", "updateTime") VALUES ('admin', 'a', '111111', '111111', 'GG', '111111', '888', '2022-09-30 05:37:29', null)
【2022-09-30 17:37:29.481】【SQL】 INSERT INTO dbo.t_room ("masterID", "name", "password", "notice", "signature", "creatTime") VALUES ('1', 'SunBUG 音乐大厅', '0', '测试公告', '房主很懒，没写介绍', '2022-09-30 05:37:29')
【2022-09-30 17:38:02.611】【SQL】 select count(*) from sysobjects where id = object_id('dbo.t_user')
【2022-09-30 17:38:02.612】【SQL】 select count(*) from sysobjects where id = object_id('dbo.t_code')
【2022-09-30 17:38:02.611】【SQL】 select count(*) from sysobjects where id = object_id('dbo.t_room')
【2022-09-30 17:38:02.612】【SQL】 select count(*) from sysobjects where id = object_id('dbo.t_HotMusic')
【2022-09-30 17:38:02.612】【SQL】 select count(*) from sysobjects where id = object_id('dbo.t_MusicQueue')
【2022-09-30 17:38:02.612】【SQL】 select count(*) from sysobjects where id = object_id('dbo.t_musicBlackList')
【2022-09-30 17:38:02.612】【SQL】 select count(*) from sysobjects where id = object_id('dbo.t_LikeMusic')
【2022-09-30 17:38:02.612】【SQL】 select count(*) from sysobjects where id = object_id('dbo.t_historyMsg')
【2022-09-30 17:39:36.883】【SQL】 select count(*) from sysobjects where id = object_id('dbo.t_user')
【2022-09-30 17:39:36.883】【SQL】 select count(*) from sysobjects where id = object_id('dbo.t_room')
【2022-09-30 17:39:36.883】【SQL】 select count(*) from sysobjects where id = object_id('dbo.t_HotMusic')
【2022-09-30 17:39:36.883】【SQL】 select count(*) from sysobjects where id = object_id('dbo.t_code')
【2022-09-30 17:39:36.883】【SQL】 select count(*) from sysobjects where id = object_id('dbo.t_MusicQueue')
【2022-09-30 17:39:36.883】【SQL】 select count(*) from sysobjects where id = object_id('dbo.t_musicBlackList')
【2022-09-30 17:39:36.884】【SQL】 select count(*) from sysobjects where id = object_id('dbo.t_LikeMusic')
【2022-09-30 17:39:36.884】【SQL】 select count(*) from sysobjects where id = object_id('dbo.t_historyMsg')
【2022-09-30 17:41:46.933】【SQL】 SELECT TOP 1 * FROM dbo.t_code WHERE "email" = '18504103563@163.com'
【2022-09-30 17:41:46.938】【SQL】 INSERT INTO dbo.t_code ("email", "code", "expiration") VALUES ('18504103563@163.com', '6431', '1664531206937')
【2022-09-30 17:42:05.999】【SQL】 SELECT TOP 1 "code", "expiration" FROM dbo.t_code WHERE "email" = '18504103563@163.com'
【2022-09-30 17:42:06.005】【SQL】 SELECT TOP 1 * FROM dbo.t_user WHERE "username" = '孙同学 '
【2022-09-30 17:42:06.023】【SQL】 INSERT INTO dbo.t_user ("username", "password", "email", "head", "sex", "signature", "creatTime") VALUES ('孙同学 ', 'Sunhao123.', '18504103563@163.com', '/head/孙同学 .png', 'GG', '这个人很懒，什么也没有留下~~', '2022-09-30 17:42:06.022')
【2022-09-30 17:42:16.272】【SQL】 SELECT * FROM dbo.t_user WHERE username = '孙同学'
【2022-09-30 17:42:16.574】【SQL】 SELECT TOP 1 * FROM dbo.t_room WHERE ID = '888'
【2022-09-30 17:42:16.622】【SQL】 SELECT username, head, sex, signature, roomID FROM dbo.t_user WHERE "UID" = '2'
【2022-09-30 17:42:16.653】【SQL】 SELECT * FROM dbo.t_historyMsg WHERE room = '888'
【2022-09-30 17:42:16.670】【SQL】 SELECT * FROM dbo.t_LikeMusic WHERE userID = '2' ORDER BY timestamp DESC
【2022-09-30 17:42:16.670】【SQL】 SELECT TOP 9 * FROM dbo.t_room WHERE ID != '888' AND ID != '888' ORDER BY newid()
【2022-09-30 17:42:16.670】【SQL】 SELECT * FROM dbo.t_musicBlackList WHERE room = '888'
【2022-09-30 17:42:16.670】【SQL】 SELECT username, UID, head FROM dbo.t_user
【2022-09-30 17:42:16.676】【SQL】 SELECT * FROM dbo.t_MusicQueue WHERE roomID = '888' AND already = 'false' ORDER BY updateTime
【2022-09-30 17:42:16.922】【SQL】 SELECT username, UID, head FROM dbo.t_user
【2022-09-30 17:42:16.927】【SQL】 SELECT * FROM dbo.t_MusicQueue WHERE roomID = '888' AND already = 'false' ORDER BY updateTime
【2022-09-30 17:42:18.708】【SQL】 SELECT TOP 1 * FROM dbo.t_HotMusic WHERE date = '2022/09/30' AND musicrid NOT IN (SELECT musicrid FROM dbo.t_musicBlackList WHERE room = '888') ORDER BY newid()
【2022-09-30 17:43:11.700】【SQL】 select count(*) from sysobjects where id = object_id('dbo.t_user')
【2022-09-30 17:43:11.701】【SQL】 select count(*) from sysobjects where id = object_id('dbo.t_room')
【2022-09-30 17:43:11.700】【SQL】 select count(*) from sysobjects where id = object_id('dbo.t_code')
【2022-09-30 17:43:11.701】【SQL】 select count(*) from sysobjects where id = object_id('dbo.t_HotMusic')
【2022-09-30 17:43:11.701】【SQL】 select count(*) from sysobjects where id = object_id('dbo.t_MusicQueue')
【2022-09-30 17:43:11.701】【SQL】 select count(*) from sysobjects where id = object_id('dbo.t_LikeMusic')
【2022-09-30 17:43:11.701】【SQL】 select count(*) from sysobjects where id = object_id('dbo.t_musicBlackList')
【2022-09-30 17:43:11.701】【SQL】 select count(*) from sysobjects where id = object_id('dbo.t_historyMsg')
【2022-09-30 18:35:37.774】【SQL】 select count(*) from sysobjects where id = object_id('dbo.t_user')
【2022-09-30 18:35:37.774】【SQL】 select count(*) from sysobjects where id = object_id('dbo.t_HotMusic')
【2022-09-30 18:35:37.774】【SQL】 select count(*) from sysobjects where id = object_id('dbo.t_room')
【2022-09-30 18:35:37.774】【SQL】 select count(*) from sysobjects where id = object_id('dbo.t_code')
【2022-09-30 18:35:37.774】【SQL】 select count(*) from sysobjects where id = object_id('dbo.t_MusicQueue')
【2022-09-30 18:35:37.774】【SQL】 select count(*) from sysobjects where id = object_id('dbo.t_LikeMusic')
【2022-09-30 18:35:37.774】【SQL】 select count(*) from sysobjects where id = object_id('dbo.t_musicBlackList')
【2022-09-30 18:35:37.774】【SQL】 select count(*) from sysobjects where id = object_id('dbo.t_historyMsg')
【2022-09-30 18:37:18.165】【SQL】 select count(*) from sysobjects where id = object_id('dbo.t_user')
【2022-09-30 18:37:18.165】【SQL】 select count(*) from sysobjects where id = object_id('dbo.t_HotMusic')
【2022-09-30 18:37:18.165】【SQL】 select count(*) from sysobjects where id = object_id('dbo.t_code')
【2022-09-30 18:37:18.165】【SQL】 select count(*) from sysobjects where id = object_id('dbo.t_room')
【2022-09-30 18:37:18.165】【SQL】 select count(*) from sysobjects where id = object_id('dbo.t_MusicQueue')
【2022-09-30 18:37:18.165】【SQL】 select count(*) from sysobjects where id = object_id('dbo.t_LikeMusic')
【2022-09-30 18:37:18.165】【SQL】 select count(*) from sysobjects where id = object_id('dbo.t_musicBlackList')
【2022-09-30 18:37:18.165】【SQL】 select count(*) from sysobjects where id = object_id('dbo.t_historyMsg')
【2022-09-30 18:37:58.937】【SQL】 select count(*) from sysobjects where id = object_id('dbo.t_room')
【2022-09-30 18:37:58.937】【SQL】 select count(*) from sysobjects where id = object_id('dbo.t_user')
【2022-09-30 18:37:58.937】【SQL】 select count(*) from sysobjects where id = object_id('dbo.t_code')
【2022-09-30 18:37:58.937】【SQL】 select count(*) from sysobjects where id = object_id('dbo.t_HotMusic')
【2022-09-30 18:37:58.938】【SQL】 select count(*) from sysobjects where id = object_id('dbo.t_LikeMusic')
【2022-09-30 18:37:58.938】【SQL】 select count(*) from sysobjects where id = object_id('dbo.t_MusicQueue')
【2022-09-30 18:37:58.938】【SQL】 select count(*) from sysobjects where id = object_id('dbo.t_musicBlackList')
【2022-09-30 18:37:58.938】【SQL】 select count(*) from sysobjects where id = object_id('dbo.t_historyMsg')
【2022-09-30 18:47:30.345】【SQL】 select count(*) from sysobjects where id = object_id('dbo.t_user')
【2022-09-30 18:47:30.345】【SQL】 select count(*) from sysobjects where id = object_id('dbo.t_room')
【2022-09-30 18:47:30.345】【SQL】 select count(*) from sysobjects where id = object_id('dbo.t_HotMusic')
【2022-09-30 18:47:30.345】【SQL】 select count(*) from sysobjects where id = object_id('dbo.t_code')
【2022-09-30 18:47:30.345】【SQL】 select count(*) from sysobjects where id = object_id('dbo.t_MusicQueue')
【2022-09-30 18:47:30.345】【SQL】 select count(*) from sysobjects where id = object_id('dbo.t_LikeMusic')
【2022-09-30 18:47:30.345】【SQL】 select count(*) from sysobjects where id = object_id('dbo.t_musicBlackList')
【2022-09-30 18:47:30.346】【SQL】 select count(*) from sysobjects where id = object_id('dbo.t_historyMsg')
【2022-09-30 18:48:07.830】【SQL】 INSERT INTO dbo.t_HotMusic ("musicrid", "album", "pic120", "name", "artist", "date", "songTimeMinutes") VALUES ('1116274', '依然', 'http://img3.kuwo.cn/star/albumcover/120/75/53/956274601.jpg', '贝加尔湖畔', '李健', '2022/09/30', '04:05'),('104595', '寂寞在唱歌', 'http://img3.kuwo.cn/star/albumcover/120/23/2/1468329387.jpg', '一直很安静', '阿桑', '2022/09/30', '04:12'),('9950164', '刚好遇见你', 'http://img4.kuwo.cn/star/albumcover/120/45/84/1176186099.jpg', '刚好遇见你', '李玉刚', '2022/09/30', '03:20'),('91623', '飞儿乐团', 'http://img3.kuwo.cn/star/albumcover/120/63/75/1204547461.jpg', '我们的爱', 'F.I.R.飞儿乐团', '2022/09/30', '04:47'),('6474420', '我的唇吻不到我爱的人', 'http://img4.kuwo.cn/star/albumcover/120/43/34/1603535862.jpg', '我的唇吻不到我爱的人', '王奕心', '2022/09/30', '04:39'),('4387984', '没办法', 'http://img3.kuwo.cn/star/albumcover/120/32/93/2320465493.jpg', '谁在意我流下的泪', '蒋雪儿', '2022/09/30', '05:25'),('40900353', '老男孩 电视剧原声带', 'http://img1.kuwo.cn/star/albumcover/120/84/89/4273297063.jpg', '牧马城市', '毛不易', '2022/09/30', '04:18'),('3415087', '山丘', 'http://img3.kuwo.cn/star/albumcover/120/98/45/3424121345.jpg', '山丘', '李宗盛', '2022/09/30', '06:45'),('172577032', '长歌行 电视剧原声带', 'http://img4.kuwo.cn/star/albumcover/120/70/7/552347868.jpg', '光的方向', '张碧晨', '2022/09/30', '03:05'),('146652673', '想你的时候问月亮', 'http://img4.kuwo.cn/star/albumcover/120/35/22/334975085.jpg', '想你的时候问月亮', '二小姐', '2022/09/30', '06:00')
【2022-09-30 18:48:37.663】【SQL】 INSERT INTO dbo.t_HotMusic ("musicrid", "album", "pic120", "name", "artist", "date", "songTimeMinutes") VALUES ('1116274', '依然', 'http://img3.kuwo.cn/star/albumcover/120/75/53/956274601.jpg', '贝加尔湖畔', '李健', '2022/09/30', '04:05'),('104595', '寂寞在唱歌', 'http://img3.kuwo.cn/star/albumcover/120/23/2/1468329387.jpg', '一直很安静', '阿桑', '2022/09/30', '04:12'),('9950164', '刚好遇见你', 'http://img4.kuwo.cn/star/albumcover/120/45/84/1176186099.jpg', '刚好遇见你', '李玉刚', '2022/09/30', '03:20'),('91623', '飞儿乐团', 'http://img3.kuwo.cn/star/albumcover/120/63/75/1204547461.jpg', '我们的爱', 'F.I.R.飞儿乐团', '2022/09/30', '04:47'),('6474420', '我的唇吻不到我爱的人', 'http://img4.kuwo.cn/star/albumcover/120/43/34/1603535862.jpg', '我的唇吻不到我爱的人', '王奕心', '2022/09/30', '04:39'),('4387984', '没办法', 'http://img3.kuwo.cn/star/albumcover/120/32/93/2320465493.jpg', '谁在意我流下的泪', '蒋雪儿', '2022/09/30', '05:25'),('40900353', '老男孩 电视剧原声带', 'http://img1.kuwo.cn/star/albumcover/120/84/89/4273297063.jpg', '牧马城市', '毛不易', '2022/09/30', '04:18'),('3415087', '山丘', 'http://img3.kuwo.cn/star/albumcover/120/98/45/3424121345.jpg', '山丘', '李宗盛', '2022/09/30', '06:45'),('172577032', '长歌行 电视剧原声带', 'http://img4.kuwo.cn/star/albumcover/120/70/7/552347868.jpg', '光的方向', '张碧晨', '2022/09/30', '03:05'),('146652673', '想你的时候问月亮', 'http://img4.kuwo.cn/star/albumcover/120/35/22/334975085.jpg', '想你的时候问月亮', '二小姐', '2022/09/30', '06:00')
【2022-09-30 18:48:37.671】【SQL】 INSERT INTO dbo.t_HotMusic ("musicrid", "album", "pic120", "name", "artist", "date", "songTimeMinutes") VALUES ('1116274', '依然', 'http://img3.kuwo.cn/star/albumcover/120/75/53/956274601.jpg', '贝加尔湖畔', '李健', '2022/09/30', '04:05'),('104595', '寂寞在唱歌', 'http://img3.kuwo.cn/star/albumcover/120/23/2/1468329387.jpg', '一直很安静', '阿桑', '2022/09/30', '04:12'),('9950164', '刚好遇见你', 'http://img4.kuwo.cn/star/albumcover/120/45/84/1176186099.jpg', '刚好遇见你', '李玉刚', '2022/09/30', '03:20'),('91623', '飞儿乐团', 'http://img3.kuwo.cn/star/albumcover/120/63/75/1204547461.jpg', '我们的爱', 'F.I.R.飞儿乐团', '2022/09/30', '04:47'),('6474420', '我的唇吻不到我爱的人', 'http://img4.kuwo.cn/star/albumcover/120/43/34/1603535862.jpg', '我的唇吻不到我爱的人', '王奕心', '2022/09/30', '04:39'),('4387984', '没办法', 'http://img3.kuwo.cn/star/albumcover/120/32/93/2320465493.jpg', '谁在意我流下的泪', '蒋雪儿', '2022/09/30', '05:25'),('40900353', '老男孩 电视剧原声带', 'http://img1.kuwo.cn/star/albumcover/120/84/89/4273297063.jpg', '牧马城市', '毛不易', '2022/09/30', '04:18'),('3415087', '山丘', 'http://img3.kuwo.cn/star/albumcover/120/98/45/3424121345.jpg', '山丘', '李宗盛', '2022/09/30', '06:45'),('172577032', '长歌行 电视剧原声带', 'http://img4.kuwo.cn/star/albumcover/120/70/7/552347868.jpg', '光的方向', '张碧晨', '2022/09/30', '03:05'),('146652673', '想你的时候问月亮', 'http://img4.kuwo.cn/star/albumcover/120/35/22/334975085.jpg', '想你的时候问月亮', '二小姐', '2022/09/30', '06:00')
【2022-09-30 18:48:37.678】【SQL】 INSERT INTO dbo.t_HotMusic ("musicrid", "album", "pic120", "name", "artist", "date", "songTimeMinutes") VALUES ('1116274', '依然', 'http://img3.kuwo.cn/star/albumcover/120/75/53/956274601.jpg', '贝加尔湖畔', '李健', '2022/09/30', '04:05'),('104595', '寂寞在唱歌', 'http://img3.kuwo.cn/star/albumcover/120/23/2/1468329387.jpg', '一直很安静', '阿桑', '2022/09/30', '04:12'),('9950164', '刚好遇见你', 'http://img4.kuwo.cn/star/albumcover/120/45/84/1176186099.jpg', '刚好遇见你', '李玉刚', '2022/09/30', '03:20'),('91623', '飞儿乐团', 'http://img3.kuwo.cn/star/albumcover/120/63/75/1204547461.jpg', '我们的爱', 'F.I.R.飞儿乐团', '2022/09/30', '04:47'),('6474420', '我的唇吻不到我爱的人', 'http://img4.kuwo.cn/star/albumcover/120/43/34/1603535862.jpg', '我的唇吻不到我爱的人', '王奕心', '2022/09/30', '04:39'),('4387984', '没办法', 'http://img3.kuwo.cn/star/albumcover/120/32/93/2320465493.jpg', '谁在意我流下的泪', '蒋雪儿', '2022/09/30', '05:25'),('40900353', '老男孩 电视剧原声带', 'http://img1.kuwo.cn/star/albumcover/120/84/89/4273297063.jpg', '牧马城市', '毛不易', '2022/09/30', '04:18'),('3415087', '山丘', 'http://img3.kuwo.cn/star/albumcover/120/98/45/3424121345.jpg', '山丘', '李宗盛', '2022/09/30', '06:45'),('172577032', '长歌行 电视剧原声带', 'http://img4.kuwo.cn/star/albumcover/120/70/7/552347868.jpg', '光的方向', '张碧晨', '2022/09/30', '03:05'),('146652673', '想你的时候问月亮', 'http://img4.kuwo.cn/star/albumcover/120/35/22/334975085.jpg', '想你的时候问月亮', '二小姐', '2022/09/30', '06:00')
【2022-09-30 18:48:37.678】【SQL】 INSERT INTO dbo.t_HotMusic ("musicrid", "album", "pic120", "name", "artist", "date", "songTimeMinutes") VALUES ('1116274', '依然', 'http://img3.kuwo.cn/star/albumcover/120/75/53/956274601.jpg', '贝加尔湖畔', '李健', '2022/09/30', '04:05'),('104595', '寂寞在唱歌', 'http://img3.kuwo.cn/star/albumcover/120/23/2/1468329387.jpg', '一直很安静', '阿桑', '2022/09/30', '04:12'),('9950164', '刚好遇见你', 'http://img4.kuwo.cn/star/albumcover/120/45/84/1176186099.jpg', '刚好遇见你', '李玉刚', '2022/09/30', '03:20'),('91623', '飞儿乐团', 'http://img3.kuwo.cn/star/albumcover/120/63/75/1204547461.jpg', '我们的爱', 'F.I.R.飞儿乐团', '2022/09/30', '04:47'),('6474420', '我的唇吻不到我爱的人', 'http://img4.kuwo.cn/star/albumcover/120/43/34/1603535862.jpg', '我的唇吻不到我爱的人', '王奕心', '2022/09/30', '04:39'),('4387984', '没办法', 'http://img3.kuwo.cn/star/albumcover/120/32/93/2320465493.jpg', '谁在意我流下的泪', '蒋雪儿', '2022/09/30', '05:25'),('40900353', '老男孩 电视剧原声带', 'http://img1.kuwo.cn/star/albumcover/120/84/89/4273297063.jpg', '牧马城市', '毛不易', '2022/09/30', '04:18'),('3415087', '山丘', 'http://img3.kuwo.cn/star/albumcover/120/98/45/3424121345.jpg', '山丘', '李宗盛', '2022/09/30', '06:45'),('172577032', '长歌行 电视剧原声带', 'http://img4.kuwo.cn/star/albumcover/120/70/7/552347868.jpg', '光的方向', '张碧晨', '2022/09/30', '03:05'),('146652673', '想你的时候问月亮', 'http://img4.kuwo.cn/star/albumcover/120/35/22/334975085.jpg', '想你的时候问月亮', '二小姐', '2022/09/30', '06:00')
【2022-09-30 18:48:37.701】【SQL】 INSERT INTO dbo.t_HotMusic ("musicrid", "album", "pic120", "name", "artist", "date", "songTimeMinutes") VALUES ('1116274', '依然', 'http://img3.kuwo.cn/star/albumcover/120/75/53/956274601.jpg', '贝加尔湖畔', '李健', '2022/09/30', '04:05'),('104595', '寂寞在唱歌', 'http://img3.kuwo.cn/star/albumcover/120/23/2/1468329387.jpg', '一直很安静', '阿桑', '2022/09/30', '04:12'),('9950164', '刚好遇见你', 'http://img4.kuwo.cn/star/albumcover/120/45/84/1176186099.jpg', '刚好遇见你', '李玉刚', '2022/09/30', '03:20'),('91623', '飞儿乐团', 'http://img3.kuwo.cn/star/albumcover/120/63/75/1204547461.jpg', '我们的爱', 'F.I.R.飞儿乐团', '2022/09/30', '04:47'),('6474420', '我的唇吻不到我爱的人', 'http://img4.kuwo.cn/star/albumcover/120/43/34/1603535862.jpg', '我的唇吻不到我爱的人', '王奕心', '2022/09/30', '04:39'),('4387984', '没办法', 'http://img3.kuwo.cn/star/albumcover/120/32/93/2320465493.jpg', '谁在意我流下的泪', '蒋雪儿', '2022/09/30', '05:25'),('40900353', '老男孩 电视剧原声带', 'http://img1.kuwo.cn/star/albumcover/120/84/89/4273297063.jpg', '牧马城市', '毛不易', '2022/09/30', '04:18'),('3415087', '山丘', 'http://img3.kuwo.cn/star/albumcover/120/98/45/3424121345.jpg', '山丘', '李宗盛', '2022/09/30', '06:45'),('172577032', '长歌行 电视剧原声带', 'http://img4.kuwo.cn/star/albumcover/120/70/7/552347868.jpg', '光的方向', '张碧晨', '2022/09/30', '03:05'),('146652673', '想你的时候问月亮', 'http://img4.kuwo.cn/star/albumcover/120/35/22/334975085.jpg', '想你的时候问月亮', '二小姐', '2022/09/30', '06:00')
【2022-09-30 18:48:37.753】【SQL】 INSERT INTO dbo.t_HotMusic ("musicrid", "album", "pic120", "name", "artist", "date", "songTimeMinutes") VALUES ('1116274', '依然', 'http://img3.kuwo.cn/star/albumcover/120/75/53/956274601.jpg', '贝加尔湖畔', '李健', '2022/09/30', '04:05'),('104595', '寂寞在唱歌', 'http://img3.kuwo.cn/star/albumcover/120/23/2/1468329387.jpg', '一直很安静', '阿桑', '2022/09/30', '04:12'),('9950164', '刚好遇见你', 'http://img4.kuwo.cn/star/albumcover/120/45/84/1176186099.jpg', '刚好遇见你', '李玉刚', '2022/09/30', '03:20'),('91623', '飞儿乐团', 'http://img3.kuwo.cn/star/albumcover/120/63/75/1204547461.jpg', '我们的爱', 'F.I.R.飞儿乐团', '2022/09/30', '04:47'),('6474420', '我的唇吻不到我爱的人', 'http://img4.kuwo.cn/star/albumcover/120/43/34/1603535862.jpg', '我的唇吻不到我爱的人', '王奕心', '2022/09/30', '04:39'),('4387984', '没办法', 'http://img3.kuwo.cn/star/albumcover/120/32/93/2320465493.jpg', '谁在意我流下的泪', '蒋雪儿', '2022/09/30', '05:25'),('40900353', '老男孩 电视剧原声带', 'http://img1.kuwo.cn/star/albumcover/120/84/89/4273297063.jpg', '牧马城市', '毛不易', '2022/09/30', '04:18'),('3415087', '山丘', 'http://img3.kuwo.cn/star/albumcover/120/98/45/3424121345.jpg', '山丘', '李宗盛', '2022/09/30', '06:45'),('172577032', '长歌行 电视剧原声带', 'http://img4.kuwo.cn/star/albumcover/120/70/7/552347868.jpg', '光的方向', '张碧晨', '2022/09/30', '03:05'),('146652673', '想你的时候问月亮', 'http://img4.kuwo.cn/star/albumcover/120/35/22/334975085.jpg', '想你的时候问月亮', '二小姐', '2022/09/30', '06:00')
【2022-09-30 18:48:37.791】【SQL】 INSERT INTO dbo.t_HotMusic ("musicrid", "album", "pic120", "name", "artist", "date", "songTimeMinutes") VALUES ('1116274', '依然', 'http://img3.kuwo.cn/star/albumcover/120/75/53/956274601.jpg', '贝加尔湖畔', '李健', '2022/09/30', '04:05'),('104595', '寂寞在唱歌', 'http://img3.kuwo.cn/star/albumcover/120/23/2/1468329387.jpg', '一直很安静', '阿桑', '2022/09/30', '04:12'),('9950164', '刚好遇见你', 'http://img4.kuwo.cn/star/albumcover/120/45/84/1176186099.jpg', '刚好遇见你', '李玉刚', '2022/09/30', '03:20'),('91623', '飞儿乐团', 'http://img3.kuwo.cn/star/albumcover/120/63/75/1204547461.jpg', '我们的爱', 'F.I.R.飞儿乐团', '2022/09/30', '04:47'),('6474420', '我的唇吻不到我爱的人', 'http://img4.kuwo.cn/star/albumcover/120/43/34/1603535862.jpg', '我的唇吻不到我爱的人', '王奕心', '2022/09/30', '04:39'),('4387984', '没办法', 'http://img3.kuwo.cn/star/albumcover/120/32/93/2320465493.jpg', '谁在意我流下的泪', '蒋雪儿', '2022/09/30', '05:25'),('40900353', '老男孩 电视剧原声带', 'http://img1.kuwo.cn/star/albumcover/120/84/89/4273297063.jpg', '牧马城市', '毛不易', '2022/09/30', '04:18'),('3415087', '山丘', 'http://img3.kuwo.cn/star/albumcover/120/98/45/3424121345.jpg', '山丘', '李宗盛', '2022/09/30', '06:45'),('172577032', '长歌行 电视剧原声带', 'http://img4.kuwo.cn/star/albumcover/120/70/7/552347868.jpg', '光的方向', '张碧晨', '2022/09/30', '03:05'),('146652673', '想你的时候问月亮', 'http://img4.kuwo.cn/star/albumcover/120/35/22/334975085.jpg', '想你的时候问月亮', '二小姐', '2022/09/30', '06:00')
【2022-09-30 18:48:37.807】【SQL】 INSERT INTO dbo.t_HotMusic ("musicrid", "album", "pic120", "name", "artist", "date", "songTimeMinutes") VALUES ('1116274', '依然', 'http://img3.kuwo.cn/star/albumcover/120/75/53/956274601.jpg', '贝加尔湖畔', '李健', '2022/09/30', '04:05'),('104595', '寂寞在唱歌', 'http://img3.kuwo.cn/star/albumcover/120/23/2/1468329387.jpg', '一直很安静', '阿桑', '2022/09/30', '04:12'),('9950164', '刚好遇见你', 'http://img4.kuwo.cn/star/albumcover/120/45/84/1176186099.jpg', '刚好遇见你', '李玉刚', '2022/09/30', '03:20'),('91623', '飞儿乐团', 'http://img3.kuwo.cn/star/albumcover/120/63/75/1204547461.jpg', '我们的爱', 'F.I.R.飞儿乐团', '2022/09/30', '04:47'),('6474420', '我的唇吻不到我爱的人', 'http://img4.kuwo.cn/star/albumcover/120/43/34/1603535862.jpg', '我的唇吻不到我爱的人', '王奕心', '2022/09/30', '04:39'),('4387984', '没办法', 'http://img3.kuwo.cn/star/albumcover/120/32/93/2320465493.jpg', '谁在意我流下的泪', '蒋雪儿', '2022/09/30', '05:25'),('40900353', '老男孩 电视剧原声带', 'http://img1.kuwo.cn/star/albumcover/120/84/89/4273297063.jpg', '牧马城市', '毛不易', '2022/09/30', '04:18'),('3415087', '山丘', 'http://img3.kuwo.cn/star/albumcover/120/98/45/3424121345.jpg', '山丘', '李宗盛', '2022/09/30', '06:45'),('172577032', '长歌行 电视剧原声带', 'http://img4.kuwo.cn/star/albumcover/120/70/7/552347868.jpg', '光的方向', '张碧晨', '2022/09/30', '03:05'),('146652673', '想你的时候问月亮', 'http://img4.kuwo.cn/star/albumcover/120/35/22/334975085.jpg', '想你的时候问月亮', '二小姐', '2022/09/30', '06:00')
【2022-09-30 18:48:37.850】【SQL】 INSERT INTO dbo.t_HotMusic ("musicrid", "album", "pic120", "name", "artist", "date", "songTimeMinutes") VALUES ('1116274', '依然', 'http://img3.kuwo.cn/star/albumcover/120/75/53/956274601.jpg', '贝加尔湖畔', '李健', '2022/09/30', '04:05'),('104595', '寂寞在唱歌', 'http://img3.kuwo.cn/star/albumcover/120/23/2/1468329387.jpg', '一直很安静', '阿桑', '2022/09/30', '04:12'),('9950164', '刚好遇见你', 'http://img4.kuwo.cn/star/albumcover/120/45/84/1176186099.jpg', '刚好遇见你', '李玉刚', '2022/09/30', '03:20'),('91623', '飞儿乐团', 'http://img3.kuwo.cn/star/albumcover/120/63/75/1204547461.jpg', '我们的爱', 'F.I.R.飞儿乐团', '2022/09/30', '04:47'),('6474420', '我的唇吻不到我爱的人', 'http://img4.kuwo.cn/star/albumcover/120/43/34/1603535862.jpg', '我的唇吻不到我爱的人', '王奕心', '2022/09/30', '04:39'),('4387984', '没办法', 'http://img3.kuwo.cn/star/albumcover/120/32/93/2320465493.jpg', '谁在意我流下的泪', '蒋雪儿', '2022/09/30', '05:25'),('40900353', '老男孩 电视剧原声带', 'http://img1.kuwo.cn/star/albumcover/120/84/89/4273297063.jpg', '牧马城市', '毛不易', '2022/09/30', '04:18'),('3415087', '山丘', 'http://img3.kuwo.cn/star/albumcover/120/98/45/3424121345.jpg', '山丘', '李宗盛', '2022/09/30', '06:45'),('172577032', '长歌行 电视剧原声带', 'http://img4.kuwo.cn/star/albumcover/120/70/7/552347868.jpg', '光的方向', '张碧晨', '2022/09/30', '03:05'),('146652673', '想你的时候问月亮', 'http://img4.kuwo.cn/star/albumcover/120/35/22/334975085.jpg', '想你的时候问月亮', '二小姐', '2022/09/30', '06:00')
【2022-09-30 18:48:38.266】【SQL】 INSERT INTO dbo.t_HotMusic ("musicrid", "album", "pic120", "name", "artist", "date", "songTimeMinutes") VALUES ('1116274', '依然', 'http://img3.kuwo.cn/star/albumcover/120/75/53/956274601.jpg', '贝加尔湖畔', '李健', '2022/09/30', '04:05'),('104595', '寂寞在唱歌', 'http://img3.kuwo.cn/star/albumcover/120/23/2/1468329387.jpg', '一直很安静', '阿桑', '2022/09/30', '04:12'),('9950164', '刚好遇见你', 'http://img4.kuwo.cn/star/albumcover/120/45/84/1176186099.jpg', '刚好遇见你', '李玉刚', '2022/09/30', '03:20'),('91623', '飞儿乐团', 'http://img3.kuwo.cn/star/albumcover/120/63/75/1204547461.jpg', '我们的爱', 'F.I.R.飞儿乐团', '2022/09/30', '04:47'),('6474420', '我的唇吻不到我爱的人', 'http://img4.kuwo.cn/star/albumcover/120/43/34/1603535862.jpg', '我的唇吻不到我爱的人', '王奕心', '2022/09/30', '04:39'),('4387984', '没办法', 'http://img3.kuwo.cn/star/albumcover/120/32/93/2320465493.jpg', '谁在意我流下的泪', '蒋雪儿', '2022/09/30', '05:25'),('40900353', '老男孩 电视剧原声带', 'http://img1.kuwo.cn/star/albumcover/120/84/89/4273297063.jpg', '牧马城市', '毛不易', '2022/09/30', '04:18'),('3415087', '山丘', 'http://img3.kuwo.cn/star/albumcover/120/98/45/3424121345.jpg', '山丘', '李宗盛', '2022/09/30', '06:45'),('172577032', '长歌行 电视剧原声带', 'http://img4.kuwo.cn/star/albumcover/120/70/7/552347868.jpg', '光的方向', '张碧晨', '2022/09/30', '03:05'),('146652673', '想你的时候问月亮', 'http://img4.kuwo.cn/star/albumcover/120/35/22/334975085.jpg', '想你的时候问月亮', '二小姐', '2022/09/30', '06:00')
【2022-09-30 18:48:38.266】【SQL】 INSERT INTO dbo.t_HotMusic ("musicrid", "album", "pic120", "name", "artist", "date", "songTimeMinutes") VALUES ('1116274', '依然', 'http://img3.kuwo.cn/star/albumcover/120/75/53/956274601.jpg', '贝加尔湖畔', '李健', '2022/09/30', '04:05'),('104595', '寂寞在唱歌', 'http://img3.kuwo.cn/star/albumcover/120/23/2/1468329387.jpg', '一直很安静', '阿桑', '2022/09/30', '04:12'),('9950164', '刚好遇见你', 'http://img4.kuwo.cn/star/albumcover/120/45/84/1176186099.jpg', '刚好遇见你', '李玉刚', '2022/09/30', '03:20'),('91623', '飞儿乐团', 'http://img3.kuwo.cn/star/albumcover/120/63/75/1204547461.jpg', '我们的爱', 'F.I.R.飞儿乐团', '2022/09/30', '04:47'),('6474420', '我的唇吻不到我爱的人', 'http://img4.kuwo.cn/star/albumcover/120/43/34/1603535862.jpg', '我的唇吻不到我爱的人', '王奕心', '2022/09/30', '04:39'),('4387984', '没办法', 'http://img3.kuwo.cn/star/albumcover/120/32/93/2320465493.jpg', '谁在意我流下的泪', '蒋雪儿', '2022/09/30', '05:25'),('40900353', '老男孩 电视剧原声带', 'http://img1.kuwo.cn/star/albumcover/120/84/89/4273297063.jpg', '牧马城市', '毛不易', '2022/09/30', '04:18'),('3415087', '山丘', 'http://img3.kuwo.cn/star/albumcover/120/98/45/3424121345.jpg', '山丘', '李宗盛', '2022/09/30', '06:45'),('172577032', '长歌行 电视剧原声带', 'http://img4.kuwo.cn/star/albumcover/120/70/7/552347868.jpg', '光的方向', '张碧晨', '2022/09/30', '03:05'),('146652673', '想你的时候问月亮', 'http://img4.kuwo.cn/star/albumcover/120/35/22/334975085.jpg', '想你的时候问月亮', '二小姐', '2022/09/30', '06:00')
【2022-09-30 18:48:38.266】【SQL】 INSERT INTO dbo.t_HotMusic ("musicrid", "album", "pic120", "name", "artist", "date", "songTimeMinutes") VALUES ('1116274', '依然', 'http://img3.kuwo.cn/star/albumcover/120/75/53/956274601.jpg', '贝加尔湖畔', '李健', '2022/09/30', '04:05'),('104595', '寂寞在唱歌', 'http://img3.kuwo.cn/star/albumcover/120/23/2/1468329387.jpg', '一直很安静', '阿桑', '2022/09/30', '04:12'),('9950164', '刚好遇见你', 'http://img4.kuwo.cn/star/albumcover/120/45/84/1176186099.jpg', '刚好遇见你', '李玉刚', '2022/09/30', '03:20'),('91623', '飞儿乐团', 'http://img3.kuwo.cn/star/albumcover/120/63/75/1204547461.jpg', '我们的爱', 'F.I.R.飞儿乐团', '2022/09/30', '04:47'),('6474420', '我的唇吻不到我爱的人', 'http://img4.kuwo.cn/star/albumcover/120/43/34/1603535862.jpg', '我的唇吻不到我爱的人', '王奕心', '2022/09/30', '04:39'),('4387984', '没办法', 'http://img3.kuwo.cn/star/albumcover/120/32/93/2320465493.jpg', '谁在意我流下的泪', '蒋雪儿', '2022/09/30', '05:25'),('40900353', '老男孩 电视剧原声带', 'http://img1.kuwo.cn/star/albumcover/120/84/89/4273297063.jpg', '牧马城市', '毛不易', '2022/09/30', '04:18'),('3415087', '山丘', 'http://img3.kuwo.cn/star/albumcover/120/98/45/3424121345.jpg', '山丘', '李宗盛', '2022/09/30', '06:45'),('172577032', '长歌行 电视剧原声带', 'http://img4.kuwo.cn/star/albumcover/120/70/7/552347868.jpg', '光的方向', '张碧晨', '2022/09/30', '03:05'),('146652673', '想你的时候问月亮', 'http://img4.kuwo.cn/star/albumcover/120/35/22/334975085.jpg', '想你的时候问月亮', '二小姐', '2022/09/30', '06:00')
【2022-09-30 18:48:38.267】【SQL】 INSERT INTO dbo.t_HotMusic ("musicrid", "album", "pic120", "name", "artist", "date", "songTimeMinutes") VALUES ('1116274', '依然', 'http://img3.kuwo.cn/star/albumcover/120/75/53/956274601.jpg', '贝加尔湖畔', '李健', '2022/09/30', '04:05'),('104595', '寂寞在唱歌', 'http://img3.kuwo.cn/star/albumcover/120/23/2/1468329387.jpg', '一直很安静', '阿桑', '2022/09/30', '04:12'),('9950164', '刚好遇见你', 'http://img4.kuwo.cn/star/albumcover/120/45/84/1176186099.jpg', '刚好遇见你', '李玉刚', '2022/09/30', '03:20'),('91623', '飞儿乐团', 'http://img3.kuwo.cn/star/albumcover/120/63/75/1204547461.jpg', '我们的爱', 'F.I.R.飞儿乐团', '2022/09/30', '04:47'),('6474420', '我的唇吻不到我爱的人', 'http://img4.kuwo.cn/star/albumcover/120/43/34/1603535862.jpg', '我的唇吻不到我爱的人', '王奕心', '2022/09/30', '04:39'),('4387984', '没办法', 'http://img3.kuwo.cn/star/albumcover/120/32/93/2320465493.jpg', '谁在意我流下的泪', '蒋雪儿', '2022/09/30', '05:25'),('40900353', '老男孩 电视剧原声带', 'http://img1.kuwo.cn/star/albumcover/120/84/89/4273297063.jpg', '牧马城市', '毛不易', '2022/09/30', '04:18'),('3415087', '山丘', 'http://img3.kuwo.cn/star/albumcover/120/98/45/3424121345.jpg', '山丘', '李宗盛', '2022/09/30', '06:45'),('172577032', '长歌行 电视剧原声带', 'http://img4.kuwo.cn/star/albumcover/120/70/7/552347868.jpg', '光的方向', '张碧晨', '2022/09/30', '03:05'),('146652673', '想你的时候问月亮', 'http://img4.kuwo.cn/star/albumcover/120/35/22/334975085.jpg', '想你的时候问月亮', '二小姐', '2022/09/30', '06:00')
【2022-09-30 18:48:46.188】【SQL】 SELECT * FROM dbo.t_user WHERE username = '孙同学'
【2022-09-30 18:48:46.541】【SQL】 SELECT TOP 1 * FROM dbo.t_room WHERE ID = '888'
【2022-09-30 18:48:46.558】【SQL】 SELECT username, head, sex, signature, roomID FROM dbo.t_user WHERE "UID" = '2'
【2022-09-30 18:48:46.580】【SQL】 SELECT * FROM dbo.t_historyMsg WHERE room = '888'
【2022-09-30 18:48:46.588】【SQL】 SELECT TOP 9 * FROM dbo.t_room WHERE ID != '888' AND ID != '888' ORDER BY newid()
【2022-09-30 18:48:46.588】【SQL】 SELECT username, UID, head FROM dbo.t_user
【2022-09-30 18:48:46.597】【SQL】 SELECT * FROM dbo.t_musicBlackList WHERE room = '888'
【2022-09-30 18:48:46.598】【SQL】 SELECT * FROM dbo.t_LikeMusic WHERE userID = '2' ORDER BY timestamp DESC
【2022-09-30 18:48:46.600】【SQL】 SELECT * FROM dbo.t_MusicQueue WHERE roomID = '888' AND already = 'false' ORDER BY updateTime
【2022-09-30 18:48:46.803】【SQL】 SELECT username, UID, head FROM dbo.t_user
【2022-09-30 18:48:46.820】【SQL】 SELECT * FROM dbo.t_MusicQueue WHERE roomID = '888' AND already = 'false' ORDER BY updateTime
【2022-09-30 18:48:50.434】【SQL】 SELECT TOP 1 * FROM dbo.t_HotMusic WHERE date = '2022/09/30' AND musicrid NOT IN (SELECT musicrid FROM dbo.t_musicBlackList WHERE room = '888') ORDER BY newid()
【2022-09-30 18:48:50.518】【SQL】 SELECT * FROM dbo.t_MusicQueue WHERE roomID = '888' AND already = 'false' ORDER BY updateTime
【2022-09-30 18:49:13.095】【SQL】 SELECT TOP 1 * FROM dbo.t_HotMusic WHERE date = '2022/09/30' AND musicrid NOT IN (SELECT musicrid FROM dbo.t_musicBlackList WHERE room = '888') ORDER BY newid()
【2022-09-30 18:49:13.104】【SQL】 SELECT * FROM dbo.t_MusicQueue WHERE roomID = '888' AND already = 'false' ORDER BY updateTime
【2022-09-30 18:49:13.154】【SQL】 SELECT * FROM dbo.t_MusicQueue WHERE roomID = '888' AND already = 'false' ORDER BY updateTime
【2022-09-30 18:49:34.883】【SQL】 UPDATE dbo.t_user SET "username" = '孙同学', "password" = 'undefined', "signature" = '这个人很懒，什么也没有留下~~' WHERE "UID" = '2'
【2022-09-30 21:29:45.507】【SQL】 select count(*) from sysobjects where id = object_id('dbo.t_user')
【2022-09-30 21:29:45.507】【SQL】 select count(*) from sysobjects where id = object_id('dbo.t_HotMusic')
【2022-09-30 21:29:45.507】【SQL】 select count(*) from sysobjects where id = object_id('dbo.t_room')
【2022-09-30 21:29:45.507】【SQL】 select count(*) from sysobjects where id = object_id('dbo.t_code')
【2022-09-30 21:29:45.507】【SQL】 select count(*) from sysobjects where id = object_id('dbo.t_MusicQueue')
【2022-09-30 21:29:45.507】【SQL】 select count(*) from sysobjects where id = object_id('dbo.t_LikeMusic')
【2022-09-30 21:29:45.508】【SQL】 select count(*) from sysobjects where id = object_id('dbo.t_historyMsg')
【2022-09-30 21:29:45.508】【SQL】 select count(*) from sysobjects where id = object_id('dbo.t_musicBlackList')
