【2022-08-05 11:38:23.400】【SQL】 select count(*) from sysobjects where id = object_id('dbo.t_HotMusic')
【2022-08-05 11:38:23.401】【SQL】 select count(*) from sysobjects where id = object_id('dbo.t_MusicQueue')
【2022-08-05 11:38:23.401】【SQL】 select count(*) from sysobjects where id = object_id('dbo.t_LikeMusic')
【2022-08-05 11:38:23.400】【SQL】 select count(*) from sysobjects where id = object_id('dbo.t_user')
【2022-08-05 11:40:26.196】【SQL】 select count(*) from sysobjects where id = object_id('dbo.t_MusicQueue')
【2022-08-05 11:40:26.196】【SQL】 select count(*) from sysobjects where id = object_id('dbo.t_user')
【2022-08-05 11:40:26.196】【SQL】 select count(*) from sysobjects where id = object_id('dbo.t_HotMusic')
【2022-08-05 11:40:26.197】【SQL】 select count(*) from sysobjects where id = object_id('dbo.t_LikeMusic')
【2022-08-05 11:46:01.300】【SQL】 select count(*) from sysobjects where id = object_id('dbo.t_user')
【2022-08-05 11:46:01.300】【SQL】 select count(*) from sysobjects where id = object_id('dbo.t_MusicQueue')
【2022-08-05 11:46:01.300】【SQL】 select count(*) from sysobjects where id = object_id('dbo.t_LikeMusic')
【2022-08-05 11:46:01.300】【SQL】 select count(*) from sysobjects where id = object_id('dbo.t_HotMusic')
【2022-08-05 11:58:31.247】【SQL】 select count(*) from sysobjects where id = object_id('dbo.t_MusicQueue')
【2022-08-05 11:58:31.247】【SQL】 select count(*) from sysobjects where id = object_id('dbo.t_HotMusic')
【2022-08-05 11:58:31.247】【SQL】 select count(*) from sysobjects where id = object_id('dbo.t_LikeMusic')
【2022-08-05 11:58:31.247】【SQL】 select count(*) from sysobjects where id = object_id('dbo.t_user')
【2022-08-05 12:00:05.009】【SQL】 select count(*) from sysobjects where id = object_id('dbo.t_user')
【2022-08-05 12:00:05.009】【SQL】 select count(*) from sysobjects where id = object_id('dbo.t_MusicQueue')
【2022-08-05 12:00:05.009】【SQL】 select count(*) from sysobjects where id = object_id('dbo.t_LikeMusic')
【2022-08-05 12:00:05.009】【SQL】 select count(*) from sysobjects where id = object_id('dbo.t_HotMusic')
【2022-08-05 12:00:28.106】【SQL】 select count(*) from sysobjects where id = object_id('dbo.t_user')
【2022-08-05 12:00:28.106】【SQL】 select count(*) from sysobjects where id = object_id('dbo.t_MusicQueue')
【2022-08-05 12:00:28.106】【SQL】 select count(*) from sysobjects where id = object_id('dbo.t_HotMusic')
【2022-08-05 12:00:28.106】【SQL】 select count(*) from sysobjects where id = object_id('dbo.t_LikeMusic')
【2022-08-05 12:01:35.349】【SQL】 select count(*) from sysobjects where id = object_id('dbo.t_user')
【2022-08-05 12:01:35.349】【SQL】 select count(*) from sysobjects where id = object_id('dbo.t_HotMusic')
【2022-08-05 12:01:35.349】【SQL】 select count(*) from sysobjects where id = object_id('dbo.t_MusicQueue')
【2022-08-05 12:01:35.349】【SQL】 select count(*) from sysobjects where id = object_id('dbo.t_LikeMusic')
【2022-08-05 12:34:53.155】【SQL】 select count(*) from sysobjects where id = object_id('dbo.t_user')
【2022-08-05 12:34:53.155】【SQL】 select count(*) from sysobjects where id = object_id('dbo.t_MusicQueue')
【2022-08-05 12:34:53.155】【SQL】 select count(*) from sysobjects where id = object_id('dbo.t_LikeMusic')
【2022-08-05 12:34:53.155】【SQL】 select count(*) from sysobjects where id = object_id('dbo.t_HotMusic')
【2022-08-05 12:36:03.336】【SQL】 select count(*) from sysobjects where id = object_id('dbo.t_user')
【2022-08-05 12:36:03.336】【SQL】 select count(*) from sysobjects where id = object_id('dbo.t_MusicQueue')
【2022-08-05 12:36:03.336】【SQL】 select count(*) from sysobjects where id = object_id('dbo.t_LikeMusic')
【2022-08-05 12:36:03.336】【SQL】 select count(*) from sysobjects where id = object_id('dbo.t_HotMusic')
【2022-08-05 12:36:25.067】【SQL】 select count(*) from sysobjects where id = object_id('dbo.t_HotMusic')
【2022-08-05 12:36:25.067】【SQL】 select count(*) from sysobjects where id = object_id('dbo.t_user')
【2022-08-05 12:36:25.068】【SQL】 select count(*) from sysobjects where id = object_id('dbo.t_LikeMusic')
【2022-08-05 12:36:25.068】【SQL】 select count(*) from sysobjects where id = object_id('dbo.t_MusicQueue')
【2022-08-05 12:39:12.475】【SQL】 select count(*) from sysobjects where id = object_id('dbo.t_HotMusic')
【2022-08-05 12:39:12.475】【SQL】 select count(*) from sysobjects where id = object_id('dbo.t_user')
【2022-08-05 12:39:12.475】【SQL】 select count(*) from sysobjects where id = object_id('dbo.t_MusicQueue')
【2022-08-05 12:39:12.475】【SQL】 select count(*) from sysobjects where id = object_id('dbo.t_LikeMusic')
【2022-08-05 12:39:24.243】【SQL】 SELECT username, UID FROM dbo.t_user
【2022-08-05 12:39:24.251】【SQL】 SELECT * FROM dbo.t_MusicQueue WHERE roomID = '888' AND already = 'false'
【2022-08-05 12:39:24.254】【SQL】 SELECT * FROM dbo.t_LikeMusic WHERE userID = '1' ORDER BY timestamp DESC
【2022-08-05 12:39:24.567】【SQL】 SELECT * FROM dbo.t_MusicQueue WHERE roomID = '888' AND already = 'false'
【2022-08-05 12:39:31.263】【SQL】 SELECT username, UID FROM dbo.t_user
【2022-08-05 12:39:31.273】【SQL】 SELECT * FROM dbo.t_MusicQueue WHERE roomID = '888' AND already = 'false'
【2022-08-05 12:39:31.274】【SQL】 SELECT * FROM dbo.t_LikeMusic WHERE userID = '1' ORDER BY timestamp DESC
【2022-08-05 12:39:31.431】【SQL】 SELECT * FROM dbo.t_MusicQueue WHERE roomID = '888' AND already = 'false'
【2022-08-05 12:40:05.363】【SQL】 select count(*) from sysobjects where id = object_id('dbo.t_user')
【2022-08-05 12:40:05.363】【SQL】 select count(*) from sysobjects where id = object_id('dbo.t_MusicQueue')
【2022-08-05 12:40:05.363】【SQL】 select count(*) from sysobjects where id = object_id('dbo.t_LikeMusic')
【2022-08-05 12:40:05.363】【SQL】 select count(*) from sysobjects where id = object_id('dbo.t_HotMusic')
【2022-08-05 12:54:54.267】【SQL】 SELECT username, UID FROM dbo.t_user
【2022-08-05 12:54:54.294】【SQL】 SELECT * FROM dbo.t_MusicQueue WHERE roomID = '888' AND already = 'false'
【2022-08-05 12:54:54.294】【SQL】 SELECT * FROM dbo.t_LikeMusic WHERE userID = '1' ORDER BY timestamp DESC
【2022-08-05 12:54:54.598】【SQL】 SELECT * FROM dbo.t_MusicQueue WHERE roomID = '888' AND already = 'false'
【2022-08-05 13:39:04.795】【SQL】 select count(*) from sysobjects where id = object_id('dbo.t_MusicQueue')
【2022-08-05 13:39:04.795】【SQL】 select count(*) from sysobjects where id = object_id('dbo.t_HotMusic')
【2022-08-05 13:39:04.795】【SQL】 select count(*) from sysobjects where id = object_id('dbo.t_LikeMusic')
【2022-08-05 13:39:04.795】【SQL】 select count(*) from sysobjects where id = object_id('dbo.t_user')
【2022-08-05 13:39:14.920】【SQL】 select count(*) from sysobjects where id = object_id('dbo.t_HotMusic')
【2022-08-05 13:39:14.920】【SQL】 select count(*) from sysobjects where id = object_id('dbo.t_user')
【2022-08-05 13:39:14.920】【SQL】 select count(*) from sysobjects where id = object_id('dbo.t_LikeMusic')
【2022-08-05 13:39:14.920】【SQL】 select count(*) from sysobjects where id = object_id('dbo.t_MusicQueue')
【2022-08-05 13:41:24.290】【SQL】 select count(*) from sysobjects where id = object_id('dbo.t_HotMusic')
【2022-08-05 13:41:24.290】【SQL】 select count(*) from sysobjects where id = object_id('dbo.t_user')
【2022-08-05 13:41:24.290】【SQL】 select count(*) from sysobjects where id = object_id('dbo.t_MusicQueue')
【2022-08-05 13:41:24.290】【SQL】 select count(*) from sysobjects where id = object_id('dbo.t_LikeMusic')
【2022-08-05 13:42:44.846】【SQL】 select count(*) from sysobjects where id = object_id('dbo.t_HotMusic')
【2022-08-05 13:42:44.846】【SQL】 select count(*) from sysobjects where id = object_id('dbo.t_user')
【2022-08-05 13:42:44.846】【SQL】 select count(*) from sysobjects where id = object_id('dbo.t_LikeMusic')
【2022-08-05 13:42:44.846】【SQL】 select count(*) from sysobjects where id = object_id('dbo.t_MusicQueue')
【2022-08-05 13:43:01.685】【SQL】 select count(*) from sysobjects where id = object_id('dbo.t_HotMusic')
【2022-08-05 13:43:01.685】【SQL】 select count(*) from sysobjects where id = object_id('dbo.t_LikeMusic')
【2022-08-05 13:43:01.685】【SQL】 select count(*) from sysobjects where id = object_id('dbo.t_user')
【2022-08-05 13:43:01.685】【SQL】 select count(*) from sysobjects where id = object_id('dbo.t_MusicQueue')
【2022-08-05 13:45:18.910】【SQL】 select count(*) from sysobjects where id = object_id('dbo.t_user')
【2022-08-05 13:45:18.910】【SQL】 select count(*) from sysobjects where id = object_id('dbo.t_MusicQueue')
【2022-08-05 13:45:18.910】【SQL】 select count(*) from sysobjects where id = object_id('dbo.t_HotMusic')
【2022-08-05 13:45:18.910】【SQL】 select count(*) from sysobjects where id = object_id('dbo.t_LikeMusic')
【2022-08-05 13:45:58.512】【SQL】 select count(*) from sysobjects where id = object_id('dbo.t_user')
【2022-08-05 13:45:58.512】【SQL】 select count(*) from sysobjects where id = object_id('dbo.t_HotMusic')
【2022-08-05 13:45:58.512】【SQL】 select count(*) from sysobjects where id = object_id('dbo.t_LikeMusic')
【2022-08-05 13:45:58.512】【SQL】 select count(*) from sysobjects where id = object_id('dbo.t_MusicQueue')
【2022-08-05 13:46:52.318】【SQL】 select count(*) from sysobjects where id = object_id('dbo.t_HotMusic')
【2022-08-05 13:46:52.318】【SQL】 select count(*) from sysobjects where id = object_id('dbo.t_MusicQueue')
【2022-08-05 13:46:52.318】【SQL】 select count(*) from sysobjects where id = object_id('dbo.t_LikeMusic')
【2022-08-05 13:46:52.318】【SQL】 select count(*) from sysobjects where id = object_id('dbo.t_user')
【2022-08-05 13:48:08.290】【SQL】 select count(*) from sysobjects where id = object_id('dbo.t_user')
【2022-08-05 13:48:08.290】【SQL】 select count(*) from sysobjects where id = object_id('dbo.t_HotMusic')
【2022-08-05 13:48:08.291】【SQL】 select count(*) from sysobjects where id = object_id('dbo.t_LikeMusic')
【2022-08-05 13:48:08.290】【SQL】 select count(*) from sysobjects where id = object_id('dbo.t_MusicQueue')
【2022-08-05 13:48:42.022】【SQL】 select count(*) from sysobjects where id = object_id('dbo.t_HotMusic')
【2022-08-05 13:48:42.022】【SQL】 select count(*) from sysobjects where id = object_id('dbo.t_MusicQueue')
【2022-08-05 13:48:42.022】【SQL】 select count(*) from sysobjects where id = object_id('dbo.t_LikeMusic')
【2022-08-05 13:48:42.022】【SQL】 select count(*) from sysobjects where id = object_id('dbo.t_user')
【2022-08-05 13:49:36.138】【SQL】 select count(*) from sysobjects where id = object_id('dbo.t_user')
【2022-08-05 13:49:36.138】【SQL】 select count(*) from sysobjects where id = object_id('dbo.t_HotMusic')
【2022-08-05 13:49:36.138】【SQL】 select count(*) from sysobjects where id = object_id('dbo.t_MusicQueue')
【2022-08-05 13:49:36.138】【SQL】 select count(*) from sysobjects where id = object_id('dbo.t_LikeMusic')
【2022-08-05 13:58:05.442】【SQL】 select count(*) from sysobjects where id = object_id('dbo.t_user')
【2022-08-05 13:58:05.443】【SQL】 select count(*) from sysobjects where id = object_id('dbo.t_room')
【2022-08-05 13:58:05.443】【SQL】 select count(*) from sysobjects where id = object_id('dbo.t_HotMusic')
【2022-08-05 13:58:05.443】【SQL】 select count(*) from sysobjects where id = object_id('dbo.t_MusicQueue')
【2022-08-05 13:58:05.443】【SQL】 select count(*) from sysobjects where id = object_id('dbo.t_LikeMusic')
【2022-08-05 13:58:05.471】【SQL】 create table dbo.t_room(UID              int             not null    identity(1,1)    primary key,username         nvarchar(20)    not null,password         nvarchar(200)   not null,email            nvarchar(200)   not null,head             nvarchar(200)   not null,sex              nvarchar(20)    not null,signature        nvarchar(1023)  not null,roomID           nvarchar(200)   not null,creatTime        datetime        not null,updateTime       datetime            null,)
【2022-08-05 14:01:03.687】【SQL】 select count(*) from sysobjects where id = object_id('dbo.t_room')
【2022-08-05 14:01:03.687】【SQL】 select count(*) from sysobjects where id = object_id('dbo.t_code')
【2022-08-05 14:01:03.687】【SQL】 select count(*) from sysobjects where id = object_id('dbo.t_HotMusic')
【2022-08-05 14:01:03.687】【SQL】 select count(*) from sysobjects where id = object_id('dbo.t_user')
【2022-08-05 14:01:03.688】【SQL】 select count(*) from sysobjects where id = object_id('dbo.t_MusicQueue')
【2022-08-05 14:01:03.688】【SQL】 select count(*) from sysobjects where id = object_id('dbo.t_LikeMusic')
【2022-08-05 14:01:03.721】【SQL】 create table dbo.t_user(UID              int             not null    identity(1,1)    primary key,username         nvarchar(20)    not null,password         nvarchar(200)   not null,email            nvarchar(200)   not null,head             nvarchar(200)   not null,sex              nvarchar(20)    not null,signature        nvarchar(1023)  not null,roomID           nvarchar(200)   not null,creatTime        datetime        not null,updateTime       datetime            null,)
【2022-08-05 14:01:03.721】【SQL】 create table dbo.t_code(ID             int              not null    identity(1,1)    primary key,email          nvarchar(200)    not null,code           nvarchar(20)     not null,creatTime      datetime         not null,updateTime     datetime             null,)
【2022-08-05 14:01:03.724】【SQL】 INSERT INTO dbo.t_user ("username", "password", "isAdmin", "creatTime", "updateTime") VALUES ('admin', 'a', '111111', '111111', 'GG', '111111', '888', '2022-08-05 02:01:03', null)
【2022-08-05 14:02:47.718】【SQL】 select count(*) from sysobjects where id = object_id('dbo.t_user')
【2022-08-05 14:02:47.719】【SQL】 select count(*) from sysobjects where id = object_id('dbo.t_room')
【2022-08-05 14:02:47.719】【SQL】 select count(*) from sysobjects where id = object_id('dbo.t_HotMusic')
【2022-08-05 14:02:47.719】【SQL】 select count(*) from sysobjects where id = object_id('dbo.t_code')
【2022-08-05 14:02:47.719】【SQL】 select count(*) from sysobjects where id = object_id('dbo.t_MusicQueue')
【2022-08-05 14:02:47.719】【SQL】 select count(*) from sysobjects where id = object_id('dbo.t_LikeMusic')
【2022-08-05 14:02:47.749】【SQL】 create table dbo.t_user(UID              int             not null    identity(1,1)    primary key,username         nvarchar(20)    not null,password         nvarchar(200)   not null,email            nvarchar(200)   not null,head             nvarchar(200)   not null,sex              nvarchar(20)    not null,signature        nvarchar(1023)  not null,roomID           nvarchar(200)   not null,creatTime        datetime        not null,updateTime       datetime            null,)
【2022-08-05 14:02:47.753】【SQL】 INSERT INTO dbo.t_user ("username", "password", "email", "head", "sex", "signature", "roomID", "creatTime", "updateTime") VALUES ('admin', 'a', '111111', '111111', 'GG', '111111', '888', '2022-08-05 02:02:47', null)
【2022-08-05 15:12:46.124】【SQL】 select count(*) from sysobjects where id = object_id('dbo.t_user')
【2022-08-05 15:12:46.124】【SQL】 select count(*) from sysobjects where id = object_id('dbo.t_room')
【2022-08-05 15:12:46.124】【SQL】 select count(*) from sysobjects where id = object_id('dbo.t_code')
【2022-08-05 15:12:46.124】【SQL】 select count(*) from sysobjects where id = object_id('dbo.t_HotMusic')
【2022-08-05 15:12:46.124】【SQL】 select count(*) from sysobjects where id = object_id('dbo.t_MusicQueue')
【2022-08-05 15:12:46.124】【SQL】 select count(*) from sysobjects where id = object_id('dbo.t_LikeMusic')
【2022-08-05 15:13:34.498】【SQL】 SELECT username, UID FROM dbo.t_user
【2022-08-05 15:13:34.522】【SQL】 SELECT * FROM dbo.t_MusicQueue WHERE roomID = '888' AND already = 'false'
【2022-08-05 15:13:34.527】【SQL】 SELECT * FROM dbo.t_LikeMusic WHERE userID = '1' ORDER BY timestamp DESC
【2022-08-05 15:13:34.773】【SQL】 SELECT * FROM dbo.t_MusicQueue WHERE roomID = '888' AND already = 'false'
【2022-08-05 15:13:35.833】【SQL】 SELECT TOP 1 * FROM dbo.t_HotMusic WHERE date = '2022/08/05' ORDER BY newid()
【2022-08-05 15:13:54.050】【SQL】 SELECT TOP 1 * FROM dbo.t_code WHERE "email" = 'undefined'
【2022-08-05 15:13:54.053】【SQL】 INSERT INTO dbo.t_code ("email", "code", "expiration") VALUES ('undefined', '4416', '1659683934052')
【2022-08-05 15:14:54.231】【SQL】 select count(*) from sysobjects where id = object_id('dbo.t_user')
【2022-08-05 15:14:54.231】【SQL】 select count(*) from sysobjects where id = object_id('dbo.t_room')
【2022-08-05 15:14:54.231】【SQL】 select count(*) from sysobjects where id = object_id('dbo.t_HotMusic')
【2022-08-05 15:14:54.231】【SQL】 select count(*) from sysobjects where id = object_id('dbo.t_code')
【2022-08-05 15:14:54.231】【SQL】 select count(*) from sysobjects where id = object_id('dbo.t_LikeMusic')
【2022-08-05 15:14:54.231】【SQL】 select count(*) from sysobjects where id = object_id('dbo.t_MusicQueue')
【2022-08-05 15:14:54.265】【SQL】 create table dbo.t_code(ID             int              not null    identity(1,1)    primary key,email          nvarchar(200)    not null,code           nvarchar(20)     not null,expiration     nvarchar(20)     not null,creatTime      datetime         not null,updateTime     datetime             null,)
【2022-08-05 15:14:58.016】【SQL】 SELECT TOP 1 * FROM dbo.t_code WHERE "email" = 'undefined'
【2022-08-05 15:14:58.018】【SQL】 INSERT INTO dbo.t_code ("email", "code", "expiration") VALUES ('undefined', '6961', '1659683998017')
【2022-08-05 15:16:24.852】【SQL】 SELECT TOP 1 * FROM dbo.t_code WHERE "email" = 'undefined'
【2022-08-05 15:16:24.853】【SQL】 INSERT INTO dbo.t_code ("email", "code", "expiration") VALUES ('undefined', '6704', '1659684084852')
【2022-08-05 15:16:36.882】【SQL】 SELECT TOP 1 * FROM dbo.t_code WHERE "email" = 'undefined'
【2022-08-05 15:16:36.895】【SQL】 select count(*) from sysobjects where id = object_id('dbo.t_user')
【2022-08-05 15:16:36.895】【SQL】 select count(*) from sysobjects where id = object_id('dbo.t_HotMusic')
【2022-08-05 15:16:36.896】【SQL】 select count(*) from sysobjects where id = object_id('dbo.t_MusicQueue')
【2022-08-05 15:16:36.895】【SQL】 select count(*) from sysobjects where id = object_id('dbo.t_room')
【2022-08-05 15:16:36.896】【SQL】 select count(*) from sysobjects where id = object_id('dbo.t_code')
【2022-08-05 15:16:36.896】【SQL】 select count(*) from sysobjects where id = object_id('dbo.t_LikeMusic')
【2022-08-05 15:16:55.632】【SQL】 SELECT TOP 1 * FROM dbo.t_code WHERE "email" = '18504103563@163.com'
【2022-08-05 15:16:55.635】【SQL】 INSERT INTO dbo.t_code ("email", "code", "expiration") VALUES ('18504103563@163.com', '7206', '1659684115634')
【2022-08-05 15:17:40.459】【SQL】 select count(*) from sysobjects where id = object_id('dbo.t_user')
【2022-08-05 15:17:40.459】【SQL】 select count(*) from sysobjects where id = object_id('dbo.t_code')
【2022-08-05 15:17:40.460】【SQL】 select count(*) from sysobjects where id = object_id('dbo.t_MusicQueue')
【2022-08-05 15:17:40.460】【SQL】 select count(*) from sysobjects where id = object_id('dbo.t_HotMusic')
【2022-08-05 15:17:40.459】【SQL】 select count(*) from sysobjects where id = object_id('dbo.t_room')
【2022-08-05 15:17:40.460】【SQL】 select count(*) from sysobjects where id = object_id('dbo.t_LikeMusic')
【2022-08-05 15:17:40.501】【SQL】 create table dbo.t_code(ID             int              not null    identity(1,1)    primary key,email          nvarchar(200)    not null,code           nvarchar(20)     not null,expiration     nvarchar(20)     not null,)
【2022-08-05 15:17:47.534】【SQL】 SELECT TOP 1 * FROM dbo.t_code WHERE "email" = '18504103563@163.com'
【2022-08-05 15:17:47.538】【SQL】 INSERT INTO dbo.t_code ("email", "code", "expiration") VALUES ('18504103563@163.com', '8696', '1659684167536')
【2022-08-05 15:18:17.771】【SQL】 SELECT TOP 1 * FROM dbo.t_code WHERE "email" = '18504103563@163.com'
【2022-08-05 15:18:17.773】【SQL】 UPDATE dbo.t_code SET "expiration" = '1659683897772', "code" = '4249' WHERE "email" = '18504103563@163.com'
【2022-08-05 15:21:28.183】【SQL】 select count(*) from sysobjects where id = object_id('dbo.t_room')
【2022-08-05 15:21:28.183】【SQL】 select count(*) from sysobjects where id = object_id('dbo.t_user')
【2022-08-05 15:21:28.183】【SQL】 select count(*) from sysobjects where id = object_id('dbo.t_code')
【2022-08-05 15:21:28.183】【SQL】 select count(*) from sysobjects where id = object_id('dbo.t_MusicQueue')
【2022-08-05 15:21:28.184】【SQL】 select count(*) from sysobjects where id = object_id('dbo.t_LikeMusic')
【2022-08-05 15:21:28.184】【SQL】 select count(*) from sysobjects where id = object_id('dbo.t_HotMusic')
【2022-08-05 15:23:37.233】【SQL】 SELECT TOP 1 * FROM dbo.t_code WHERE "email" = ''
【2022-08-05 15:23:37.236】【SQL】 INSERT INTO dbo.t_code ("email", "code", "expiration") VALUES ('', '4357', '1659684517234')
【2022-08-05 15:24:10.670】【SQL】 select count(*) from sysobjects where id = object_id('dbo.t_room')
【2022-08-05 15:24:10.670】【SQL】 select count(*) from sysobjects where id = object_id('dbo.t_user')
【2022-08-05 15:24:10.670】【SQL】 select count(*) from sysobjects where id = object_id('dbo.t_HotMusic')
【2022-08-05 15:24:10.670】【SQL】 select count(*) from sysobjects where id = object_id('dbo.t_LikeMusic')
【2022-08-05 15:24:10.670】【SQL】 select count(*) from sysobjects where id = object_id('dbo.t_MusicQueue')
【2022-08-05 15:24:10.670】【SQL】 select count(*) from sysobjects where id = object_id('dbo.t_code')
【2022-08-05 15:25:59.434】【SQL】 SELECT TOP 1 * FROM dbo.t_code WHERE "email" = ''
【2022-08-05 15:25:59.437】【SQL】 UPDATE dbo.t_code SET "expiration" = '1659684359436', "code" = '9559' WHERE "email" = ''
【2022-08-05 15:28:04.509】【SQL】 SELECT TOP 1 * FROM dbo.t_code WHERE "email" = '18504103563@163.com'
【2022-08-05 15:28:04.512】【SQL】 UPDATE dbo.t_code SET "expiration" = '1659684484511', "code" = '4928' WHERE "email" = '18504103563@163.com'
【2022-08-05 15:32:07.533】【SQL】 SELECT TOP 1 * FROM dbo.t_code WHERE "email" = '18504103563@163.com'
【2022-08-05 15:32:07.535】【SQL】 UPDATE dbo.t_code SET "expiration" = '1659684727534', "code" = '1558' WHERE "email" = '18504103563@163.com'
【2022-08-05 15:33:13.666】【SQL】 SELECT TOP 1 * FROM dbo.t_code WHERE "email" = '18504103563@163.com'
【2022-08-05 15:33:13.668】【SQL】 UPDATE dbo.t_code SET "expiration" = '1659684793667', "code" = '7255' WHERE "email" = '18504103563@163.com'
【2022-08-05 16:31:41.790】【SQL】 select count(*) from sysobjects where id = object_id('dbo.t_HotMusic')
【2022-08-05 16:31:41.790】【SQL】 select count(*) from sysobjects where id = object_id('dbo.t_code')
【2022-08-05 16:31:41.790】【SQL】 select count(*) from sysobjects where id = object_id('dbo.t_room')
【2022-08-05 16:31:41.790】【SQL】 select count(*) from sysobjects where id = object_id('dbo.t_MusicQueue')
【2022-08-05 16:31:41.791】【SQL】 select count(*) from sysobjects where id = object_id('dbo.t_LikeMusic')
【2022-08-05 16:31:41.790】【SQL】 select count(*) from sysobjects where id = object_id('dbo.t_user')
